196 
1 
2 
3 
4 
5 
6 
7 
8 
9 
10 
11 
12 
13 
14 
15 
16 
17 
18 
19 
20 
21 
22 
23 
24 
25 
26 
27 
28 
29 
30 
31 
32 
33 
34 
35 
36 
37 
38 
39 
40 
41 
42 
43 
44 
45 
46 
47 
48 
49 
50 
51 
100 
101 
150 
151 
200 
201 
250 
251 
300 
301 
350 
351 
400 
401 
450 
451 
500 
501 
550 
551 
600 
601 
650 
651 
700 
701 
750 
751 
800 
801 
850 
851 
900 
901 
950 
951 
1000 
1001 
1050 
1051 
1100 
1101 
1150 
1151 
1200 
1201 
1250 
1251 
1300 
1301 
1350 
1351 
1400 
1401 
1450 
1451 
1500 
1501 
1550 
1551 
1600 
1601 
1650 
1651 
1700 
1701 
1750 
1751 
1800 
1801 
1850 
1851 
1900 
1901 
1950 
1951 
2000 
2001 
2050 
2051 
2100 
2101 
2150 
2151 
2200 
2201 
2250 
2251 
2300 
2301 
2350 
2351 
2400 
2401 
2450 
2451 
2452 
2453 
2454 
2455 
2456 
2457 
2458 
2459 
2460 
2461 
2462 
2463 
2464 
2465 
2466 
2467 
2468 
2469 
2470 
2471 
2472 
2473 
2474 
2475 
2476 
2477 
2478 
2479 
2480 
2481 
2482 
2483 
2484 
2485 
2486 
2487 
2488 
2489 
2490 
2491 
2492 
2493 
2494 
2495 
2496 
2497 
2498 
2499 
2500 
