2500 
0.0000 
0.0000 
0.0000 
0.0000 
0.0000 
0.0000 
0.0000 
0.0000 
0.0000 
0.0000 
0.0000 
0.0000 
0.0000 
-0.0000 
-0.0000 
-0.0000 
-0.0000 
-0.0000 
-0.0000 
-0.0000 
-0.0000 
-0.0000 
-0.0000 
-0.0000 
-0.0000 
0.0000 
0.0000 
0.0000 
0.0000 
0.0000 
0.0000 
0.0000 
0.0000 
0.0000 
0.0000 
0.0000 
0.0000 
-0.0000 
-0.0000 
-0.0000 
-0.0000 
-0.0000 
-0.0000 
-0.0000 
-0.0000 
-0.0000 
-0.0000 
-0.0000 
-0.0000 
-0.0000 
0.0000 
0.0668 
0.1201 
0.1683 
0.2299 
0.2570 
0.2497 
0.2273 
0.2145 
0.1902 
0.1305 
0.0778 
0.0175 
-0.0462 
-0.1091 
-0.1720 
-0.2129 
-0.2359 
-0.2446 
-0.2541 
-0.2121 
-0.1823 
-0.1669 
-0.0863 
-0.0296 
0.0331 
0.0980 
0.1553 
0.2077 
0.2447 
0.2641 
0.2714 
0.2186 
0.2186 
0.1526 
0.1001 
0.0501 
-0.0116 
-0.0849 
-0.1411 
-0.1699 
-0.2260 
-0.2452 
-0.2634 
-0.2631 
-0.1960 
-0.1654 
-0.1261 
-0.0627 
-0.0000 
0.0000 
0.1278 
0.2357 
0.3359 
0.4236 
0.4708 
0.5002 
0.4753 
0.4255 
0.3795 
0.2594 
0.1686 
0.0293 
-0.0839 
-0.2022 
-0.3014 
-0.3967 
-0.4689 
-0.5081 
-0.5038 
-0.4618 
-0.3794 
-0.3099 
-0.2018 
-0.0702 
0.0652 
0.1801 
0.3013 
0.4033 
0.4549 
0.4684 
0.4948 
0.4558 
0.4169 
0.3302 
0.2038 
0.0895 
-0.0429 
-0.1615 
-0.2733 
-0.3435 
-0.4206 
-0.4679 
-0.4947 
-0.4541 
-0.4185 
-0.3328 
-0.2427 
-0.1199 
-0.0000 
0.0000 
0.1588 
0.3436 
0.4821 
0.5890 
0.6848 
0.7007 
0.6626 
0.6305 
0.5033 
0.3639 
0.2278 
0.0578 
-0.1359 
-0.3066 
-0.4633 
-0.5689 
-0.6580 
-0.6798 
-0.6790 
-0.6207 
-0.5604 
-0.4187 
-0.2723 
-0.0956 
0.0996 
0.2572 
0.4019 
0.5349 
0.6281 
0.6733 
0.6813 
0.6604 
0.5808 
0.4377 
0.2897 
0.1386 
-0.0329 
-0.2266 
-0.3878 
-0.5240 
-0.6106 
-0.6660 
-0.6990 
-0.6689 
-0.5867 
-0.4798 
-0.3376 
-0.1686 
-0.0000 
0.0000 
0.2101 
0.4227 
0.5827 
0.7371 
0.8193 
0.8559 
0.8431 
0.7655 
0.6315 
0.4773 
0.2758 
0.0754 
-0.1732 
-0.3676 
-0.5572 
-0.7130 
-0.8188 
-0.8548 
-0.8356 
-0.7882 
-0.6640 
-0.4913 
-0.3270 
-0.0954 
0.1302 
0.3168 
0.4898 
0.6607 
0.7759 
0.8490 
0.8564 
0.7937 
0.7101 
0.5502 
0.3842 
0.1680 
-0.0579 
-0.2678 
-0.4503 
-0.6539 
-0.7592 
-0.8378 
-0.8602 
-0.8278 
-0.7401 
-0.5883 
-0.4227 
-0.2200 
-0.0000 
0.0000 
0.2276 
0.4846 
0.6520 
0.8198 
0.9066 
0.9607 
0.9354 
0.8412 
0.7146 
0.5400 
0.2988 
0.0751 
-0.1830 
-0.4323 
-0.6038 
-0.7730 
-0.8858 
-0.9588 
-0.9512 
-0.8806 
-0.7389 
-0.5899 
-0.3672 
-0.1062 
0.0999 
0.3392 
0.5676 
0.7644 
0.8776 
0.9501 
0.9489 
0.8966 
0.7993 
0.6185 
0.4332 
0.1778 
-0.0381 
-0.2944 
-0.5419 
-0.7163 
-0.8576 
-0.9337 
-0.9612 
-0.9139 
-0.8100 
-0.6727 
-0.4756 
-0.2314 
-0.0000 
0.0000 
0.2463 
0.5124 
0.6781 
0.8653 
0.9508 
0.9988 
0.9797 
0.8882 
0.7263 
0.5388 
0.3382 
0.0740 
-0.1861 
-0.4545 
-0.6419 
-0.8084 
-0.9435 
-0.9919 
-0.9857 
-0.9227 
-0.7678 
-0.5961 
-0.3647 
-0.1354 
0.1506 
0.3732 
0.5980 
0.7690 
0.9055 
0.9846 
0.9957 
0.9380 
0.8100 
0.6452 
0.4461 
0.1955 
-0.0504 
-0.3058 
-0.5530 
-0.7326 
-0.8790 
-0.9692 
-0.9995 
-0.9538 
-0.8611 
-0.7068 
-0.4852 
-0.2607 
-0.0000 
0.0000 
0.2257 
0.4899 
0.6730 
0.8270 
0.9427 
0.9775 
0.9490 
0.8695 
0.7271 
0.5497 
0.3076 
0.0552 
-0.1973 
-0.3987 
-0.6292 
-0.7977 
-0.9209 
-0.9708 
-0.9603 
-0.8946 
-0.7548 
-0.5735 
-0.3695 
-0.1371 
0.1327 
0.3745 
0.5908 
0.7665 
0.8865 
0.9675 
0.9661 
0.9151 
0.8060 
0.6137 
0.4212 
0.2067 
-0.0623 
-0.2851 
-0.5374 
-0.7094 
-0.8569 
-0.9492 
-0.9760 
-0.9455 
-0.8288 
-0.6987 
-0.4938 
-0.2504 
-0.0000 
0.0000 
0.2329 
0.4212 
0.6265 
0.7490 
0.8570 
0.8877 
0.8776 
0.7698 
0.6663 
0.4718 
0.2665 
0.0503 
-0.1555 
-0.3864 
-0.5713 
-0.7251 
-0.8478 
-0.8741 
-0.8852 
-0.7983 
-0.6951 
-0.5324 
-0.3207 
-0.0999 
0.0988 
0.3436 
0.5520 
0.6826 
0.8098 
0.8731 
0.8718 
0.8440 
0.7220 
0.5711 
0.3718 
0.1658 
-0.0615 
-0.2622 
-0.4903 
-0.6712 
-0.7894 
-0.8556 
-0.8858 
-0.8442 
-0.7544 
-0.6226 
-0.4185 
-0.2417 
-0.0000 
0.0000 
0.1832 
0.3572 
0.4938 
0.6364 
0.7031 
0.7400 
0.7127 
0.6479 
0.5501 
0.3929 
0.2299 
0.0492 
-0.1301 
-0.3051 
-0.4562 
-0.5969 
-0.7034 
-0.7295 
-0.7450 
-0.6763 
-0.5580 
-0.4344 
-0.2851 
-0.0799 
0.0895 
0.2744 
0.4319 
0.5798 
0.6886 
0.7216 
0.7270 
0.7115 
0.6010 
0.4654 
0.3302 
0.1337 
-0.0585 
-0.2242 
-0.4079 
-0.5499 
-0.6538 
-0.7100 
-0.7241 
-0.7091 
-0.6210 
-0.5350 
-0.3579 
-0.2003 
-0.0000 
0.0000 
0.1332 
0.2517 
0.3912 
0.4780 
0.5132 
0.5404 
0.5499 
0.4899 
0.4089 
0.2991 
0.1651 
0.0304 
-0.1115 
-0.2324 
-0.3655 
-0.4545 
-0.5145 
-0.5599 
-0.5551 
-0.4918 
-0.4357 
-0.3401 
-0.2087 
-0.0778 
0.0579 
0.2127 
0.3193 
0.4159 
0.4871 
0.5367 
0.5463 
0.5348 
0.4328 
0.3359 
0.2310 
0.1148 
-0.0421 
-0.1900 
-0.2983 
-0.4163 
-0.4729 
-0.5322 
-0.5484 
-0.5099 
-0.4577 
-0.3635 
-0.2593 
-0.1345 
-0.0000 
0.0000 
0.0885 
0.1519 
0.2214 
0.2803 
0.2916 
0.3308 
0.3103 
0.2743 
0.2406 
0.1737 
0.0888 
0.0136 
-0.0635 
-0.1405 
-0.2150 
-0.2631 
-0.2728 
-0.3172 
-0.3061 
-0.2787 
-0.2465 
-0.2030 
-0.1186 
-0.0326 
0.0446 
0.1175 
0.1760 
0.2317 
0.2730 
0.3051 
0.3214 
0.3067 
0.2479 
0.2067 
0.1525 
0.0606 
-0.0259 
-0.0937 
-0.1732 
-0.2460 
-0.2808 
-0.3156 
-0.2970 
-0.2911 
-0.2543 
-0.2023 
-0.1554 
-0.0794 
-0.0000 
0.0000 
0.0113 
0.0284 
0.0323 
0.0527 
0.0512 
0.0745 
0.0595 
0.0774 
0.0393 
0.0299 
0.0216 
0.0041 
-0.0079 
-0.0197 
-0.0467 
-0.0424 
-0.0491 
-0.0640 
-0.0493 
-0.0485 
-0.0429 
-0.0463 
-0.0163 
-0.0066 
0.0079 
0.0246 
0.0392 
0.0584 
0.0474 
0.0548 
0.0616 
0.0399 
0.0648 
0.0373 
0.0392 
0.0076 
-0.0036 
-0.0130 
-0.0298 
-0.0296 
-0.0639 
-0.0848 
-0.0395 
-0.0576 
-0.0476 
-0.0354 
-0.0334 
-0.0158 
-0.0000 
-0.0000 
-0.0483 
-0.0968 
-0.1479 
-0.1708 
-0.2037 
-0.1704 
-0.1887 
-0.1851 
-0.1611 
-0.1057 
-0.0545 
-0.0162 
0.0303 
0.0751 
0.1164 
0.1709 
0.2013 
0.1967 
0.1725 
0.1766 
0.1467 
0.1106 
0.0686 
0.0224 
-0.0277 
-0.0810 
-0.1148 
-0.1275 
-0.1875 
-0.1786 
-0.1909 
-0.1914 
-0.1606 
-0.1113 
-0.0754 
-0.0343 
0.0145 
0.0592 
0.0913 
0.1237 
0.1557 
0.1650 
0.1894 
0.1924 
0.1607 
0.1189 
0.1081 
0.0426 
0.0000 
-0.0000 
-0.1085 
-0.2080 
-0.2957 
-0.3660 
-0.3988 
-0.4128 
-0.4014 
-0.3919 
-0.3330 
-0.2276 
-0.1379 
-0.0362 
0.0970 
0.1880 
0.2779 
0.3460 
0.4148 
0.4174 
0.4489 
0.3860 
0.3407 
0.2490 
0.1477 
0.0619 
-0.0517 
-0.1515 
-0.2419 
-0.3263 
-0.4219 
-0.4068 
-0.4231 
-0.3932 
-0.3503 
-0.2866 
-0.1805 
-0.0892 
0.0215 
0.1389 
0.2386 
0.2988 
0.3817 
0.4107 
0.4130 
0.4354 
0.3721 
0.3148 
0.2160 
0.1106 
0.0000 
-0.0000 
-0.1700 
-0.3110 
-0.4496 
-0.5495 
-0.6271 
-0.6536 
-0.6511 
-0.5699 
-0.4870 
-0.3450 
-0.2016 
-0.0349 
0.1206 
0.2944 
0.4144 
0.5388 
0.6309 
0.6345 
0.6308 
0.5918 
0.5137 
0.3880 
0.2536 
0.0788 
-0.0948 
-0.2556 
-0.3951 
-0.5064 
-0.6012 
-0.6505 
-0.6464 
-0.5989 
-0.5157 
-0.4198 
-0.2830 
-0.1180 
0.0310 
0.1880 
0.3592 
0.4726 
0.5819 
0.6165 
0.6436 
0.6226 
0.5566 
0.4665 
0.3159 
0.1619 
0.0000 
-0.0000 
-0.2104 
-0.3957 
-0.5662 
-0.7087 
-0.7711 
-0.8102 
-0.8013 
-0.7407 
-0.6147 
-0.4483 
-0.2621 
-0.0736 
0.1680 
0.3456 
0.5354 
0.6713 
0.7579 
0.8105 
0.8022 
0.7494 
0.6389 
0.4813 
0.3174 
0.1242 
-0.0999 
-0.2923 
-0.4806 
-0.6378 
-0.7499 
-0.8050 
-0.8242 
-0.7631 
-0.6687 
-0.5070 
-0.3546 
-0.1512 
0.0731 
0.2728 
0.4409 
0.6037 
0.7420 
0.7889 
0.8153 
0.7757 
0.7088 
0.5549 
0.4164 
0.1914 
0.0000 
-0.0000 
-0.2312 
-0.4530 
-0.6678 
-0.7953 
-0.9068 
-0.9436 
-0.9079 
-0.8241 
-0.7071 
-0.5198 
-0.2960 
-0.0636 
0.1913 
0.3925 
0.5970 
0.7846 
0.8748 
0.9298 
0.9200 
0.8543 
0.7194 
0.5429 
0.3513 
0.1258 
-0.1140 
-0.3693 
-0.5418 
-0.7527 
-0.8535 
-0.9220 
-0.9260 
-0.8845 
-0.7847 
-0.6217 
-0.3983 
-0.2009 
0.0788 
0.2815 
0.5132 
0.6881 
0.8388 
0.9153 
0.9368 
0.9032 
0.8040 
0.6545 
0.4710 
0.2551 
0.0000 
-0.0000 
-0.2754 
-0.5092 
-0.6785 
-0.8478 
-0.9586 
-0.9936 
-0.9682 
-0.8810 
-0.7424 
-0.5495 
-0.3221 
-0.0646 
0.1964 
0.4489 
0.6271 
0.8304 
0.9388 
0.9909 
0.9808 
0.9015 
0.7834 
0.5845 
0.3935 
0.1317 
-0.1505 
-0.3819 
-0.6132 
-0.7643 
-0.9078 
-0.9816 
-0.9910 
-0.9380 
-0.8286 
-0.6523 
-0.4483 
-0.2070 
0.0808 
0.3211 
0.5215 
0.7430 
0.8874 
0.9715 
0.9927 
0.9521 
0.8556 
0.6898 
0.4908 
0.2478 
0.0000 
-0.0000 
-0.2710 
-0.4706 
-0.6910 
-0.8315 
-0.9418 
-0.9854 
-0.9698 
-0.8731 
-0.7369 
-0.5559 
-0.3232 
-0.0810 
0.2078 
0.4355 
0.6585 
0.8000 
0.9312 
0.9857 
0.9738 
0.8909 
0.7810 
0.5720 
0.3534 
0.1254 
-0.1029 
-0.3880 
-0.6096 
-0.7809 
-0.9037 
-0.9757 
-0.9847 
-0.9183 
-0.8157 
-0.6271 
-0.4465 
-0.1933 
0.0878 
0.3238 
0.5206 
0.7170 
0.8635 
0.9547 
0.9864 
0.9501 
0.8562 
0.6742 
0.4782 
0.2458 
0.0000 
-0.0000 
-0.2252 
-0.4550 
-0.6278 
-0.7779 
-0.8795 
-0.9030 
-0.8809 
-0.8239 
-0.6708 
-0.4971 
-0.2907 
-0.0455 
0.1575 
0.4132 
0.5885 
0.7585 
0.8528 
0.9024 
0.9026 
0.8422 
0.7250 
0.5463 
0.3314 
0.1139 
-0.1349 
-0.3297 
-0.5469 
-0.7102 
-0.8462 
-0.9025 
-0.9197 
-0.8562 
-0.7543 
-0.5984 
-0.4063 
-0.1728 
0.0627 
0.2665 
0.5158 
0.6814 
0.7947 
0.8973 
0.9089 
0.8796 
0.7782 
0.6535 
0.4484 
0.2181 
0.0000 
-0.0000 
-0.2021 
-0.3839 
-0.5424 
-0.6797 
-0.7454 
-0.7691 
-0.7576 
-0.6847 
-0.5748 
-0.4323 
-0.2575 
-0.0700 
0.1391 
0.3361 
0.4927 
0.6548 
0.7364 
0.7923 
0.7794 
0.7060 
0.6042 
0.4470 
0.2964 
0.0832 
-0.0961 
-0.2871 
-0.4660 
-0.5971 
-0.7037 
-0.7638 
-0.7700 
-0.7258 
-0.6474 
-0.4888 
-0.3419 
-0.1596 
0.0544 
0.2351 
0.4186 
0.5570 
0.6804 
0.7770 
0.7774 
0.7417 
0.6696 
0.5629 
0.3968 
0.1953 
0.0000 
-0.0000 
-0.1407 
-0.3030 
-0.4143 
-0.5143 
-0.5835 
-0.6109 
-0.5829 
-0.5302 
-0.4312 
-0.3273 
-0.1775 
-0.0261 
0.1064 
0.2678 
0.4043 
0.4806 
0.5779 
0.5865 
0.6069 
0.5262 
0.4794 
0.3563 
0.2453 
0.0686 
-0.0846 
-0.2111 
-0.3399 
-0.4679 
-0.5387 
-0.5799 
-0.5846 
-0.5713 
-0.4886 
-0.3869 
-0.2473 
-0.1215 
0.0248 
0.1748 
0.3315 
0.4361 
0.5229 
0.5883 
0.5858 
0.5615 
0.5204 
0.3920 
0.2774 
0.1358 
0.0000 
-0.0000 
-0.1047 
-0.1884 
-0.2609 
-0.3151 
-0.3463 
-0.3588 
-0.3517 
-0.3424 
-0.2624 
-0.1949 
-0.1153 
-0.0333 
0.0704 
0.1539 
0.2338 
0.3150 
0.3700 
0.3705 
0.3827 
0.3514 
0.2932 
0.2295 
0.1375 
0.0518 
-0.0566 
-0.1388 
-0.2135 
-0.3035 
-0.3354 
-0.3779 
-0.3917 
-0.3515 
-0.3068 
-0.2509 
-0.1564 
-0.0679 
0.0244 
0.1134 
0.1980 
0.2615 
0.3367 
0.3599 
0.3744 
0.3724 
0.3050 
0.2714 
0.1830 
0.0956 
0.0000 
-0.0000 
-0.0282 
-0.0658 
-0.0879 
-0.1296 
-0.1015 
-0.1025 
-0.1187 
-0.0939 
-0.0838 
-0.0668 
-0.0386 
-0.0126 
0.0212 
0.0548 
0.0773 
0.1121 
0.1428 
0.1456 
0.1332 
0.1264 
0.0996 
0.0764 
0.0492 
0.0161 
-0.0149 
-0.0434 
-0.0697 
-0.1170 
-0.1248 
-0.1506 
-0.1487 
-0.1220 
-0.1178 
-0.0824 
-0.0648 
-0.0178 
0.0053 
0.0335 
0.0829 
0.0846 
0.1317 
0.1418 
0.1120 
0.1138 
0.0958 
0.1015 
0.0713 
0.0295 
0.0000 
0.0000 
0.0345 
0.0691 
0.0946 
0.1170 
0.1295 
0.1028 
0.1392 
0.1009 
0.1107 
0.0602 
0.0356 
0.0068 
-0.0262 
-0.0633 
-0.0987 
-0.0993 
-0.1048 
-0.1436 
-0.1503 
-0.1053 
-0.0874 
-0.0861 
-0.0497 
-0.0189 
0.0161 
0.0574 
0.0806 
0.1032 
0.1068 
0.1495 
0.1193 
0.1180 
0.1141 
0.0942 
0.0565 
0.0210 
-0.0067 
-0.0504 
-0.0652 
-0.1067 
-0.1185 
-0.1192 
-0.1154 
-0.1108 
-0.1144 
-0.0920 
-0.0725 
-0.0368 
-0.0000 
0.0000 
0.0937 
0.1829 
0.2565 
0.3149 
0.3656 
0.3981 
0.3625 
0.3147 
0.2804 
0.2116 
0.1246 
0.0147 
-0.0788 
-0.1628 
-0.2392 
-0.3043 
-0.3394 
-0.3786 
-0.3852 
-0.3492 
-0.3141 
-0.2354 
-0.1482 
-0.0423 
0.0543 
0.1324 
0.2188 
0.2779 
0.3228 
0.3835 
0.3864 
0.3612 
0.3033 
0.2576 
0.1532 
0.0669 
-0.0249 
-0.1152 
-0.2089 
-0.2925 
-0.3177 
-0.3669 
-0.3606 
-0.3537 
-0.3092 
-0.2650 
-0.1861 
-0.0981 
-0.0000 
0.0000 
0.1464 
0.2816 
0.4168 
0.5001 
0.5577 
0.5942 
0.5933 
0.5252 
0.4528 
0.3371 
0.2008 
0.0277 
-0.1138 
-0.2596 
-0.3905 
-0.4722 
-0.5750 
-0.5931 
-0.6003 
-0.5471 
-0.4730 
-0.3535 
-0.2211 
-0.0781 
0.0725 
0.2207 
0.3574 
0.4680 
0.5616 
0.5749 
0.5990 
0.5685 
0.4897 
0.3813 
0.2632 
0.1208 
-0.0434 
-0.1965 
-0.3133 
-0.4495 
-0.5435 
-0.5629 
-0.6001 
-0.5613 
-0.4987 
-0.4041 
-0.2984 
-0.1544 
-0.0000 
0.0000 
0.1914 
0.3992 
0.5670 
0.6840 
0.7386 
0.7758 
0.7768 
0.6888 
0.5964 
0.4249 
0.2478 
0.0612 
-0.1520 
-0.3497 
-0.5219 
-0.6545 
-0.7283 
-0.7663 
-0.7738 
-0.7071 
-0.6139 
-0.4771 
-0.2832 
-0.1093 
0.1138 
0.3009 
0.4818 
0.6311 
0.7105 
0.7616 
0.7764 
0.7374 
0.6257 
0.5203 
0.3258 
0.1522 
-0.0390 
-0.2453 
-0.4150 
-0.5902 
-0.6870 
-0.7600 
-0.7799 
-0.7429 
-0.6503 
-0.5381 
-0.3723 
-0.1920 
-0.0000 
0.0000 
0.2253 
0.4528 
0.6328 
0.7858 
0.8689 
0.9113 
0.8886 
0.8158 
0.6762 
0.4956 
0.3097 
0.0533 
-0.1634 
-0.4093 
-0.5782 
-0.7441 
-0.8626 
-0.9024 
-0.8960 
-0.8464 
-0.7107 
-0.5449 
-0.3298 
-0.0999 
0.1068 
0.3311 
0.5394 
0.7136 
0.8405 
0.9080 
0.9068 
0.8549 
0.7540 
0.5913 
0.4114 
0.1851 
-0.0410 
-0.2866 
-0.5099 
-0.6858 
-0.7992 
-0.8875 
-0.9181 
-0.8685 
-0.7791 
-0.6349 
-0.4442 
-0.2312 
-0.0000 
0.0000 
0.2601 
0.4662 
0.6804 
0.8463 
0.9476 
0.9909 
0.9610 
0.8786 
0.7210 
0.5258 
0.3220 
0.0758 
-0.1774 
-0.4148 
-0.6445 
-0.8091 
-0.9270 
-0.9767 
-0.9793 
-0.8951 
-0.7612 
-0.6035 
-0.3827 
-0.1079 
0.1321 
0.3629 
0.6037 
0.7611 
0.9042 
0.9699 
0.9812 
0.9276 
0.8014 
0.6215 
0.4275 
0.1977 
-0.0484 
-0.3031 
-0.5538 
-0.7243 
-0.8704 
-0.9641 
-0.9868 
-0.9528 
-0.8496 
-0.6950 
-0.4639 
-0.2373 
-0.0000 
0.0000 
0.2317 
0.5102 
0.6963 
0.8655 
0.9501 
0.9950 
0.9685 
0.8856 
0.7311 
0.5253 
0.3117 
0.0715 
-0.1679 
-0.4349 
-0.6631 
-0.8225 
-0.9313 
-0.9935 
-0.9863 
-0.9088 
-0.7754 
-0.5794 
-0.3600 
-0.1295 
0.1456 
0.3653 
0.5881 
0.7863 
0.9163 
0.9844 
0.9905 
0.9273 
0.8183 
0.6268 
0.4320 
0.1911 
-0.0836 
-0.3247 
-0.5264 
-0.7455 
-0.8721 
-0.9697 
-0.9955 
-0.9538 
-0.8438 
-0.6754 
-0.4835 
-0.2571 
-0.0000 
0.0000 
0.2433 
0.4709 
0.6597 
0.8025 
0.8946 
0.9291 
0.9134 
0.8277 
0.7052 
0.5194 
0.3000 
0.0671 
-0.1935 
-0.3914 
-0.5952 
-0.7709 
-0.8639 
-0.9397 
-0.9190 
-0.8540 
-0.7423 
-0.5476 
-0.3646 
-0.1007 
0.1087 
0.3340 
0.5777 
0.7238 
0.8629 
0.9293 
0.9324 
0.8809 
0.7758 
0.6014 
0.4080 
0.1879 
-0.0597 
-0.3123 
-0.5269 
-0.6867 
-0.8338 
-0.9250 
-0.9320 
-0.8930 
-0.8101 
-0.6665 
-0.4591 
-0.2282 
-0.0000 
0.0000 
0.1958 
0.4141 
0.5887 
0.7064 
0.7922 
0.8196 
0.7862 
0.7371 
0.6253 
0.4332 
0.2507 
0.0405 
-0.1749 
-0.3502 
-0.5454 
-0.6683 
-0.7875 
-0.8027 
-0.8127 
-0.7493 
-0.6315 
-0.4958 
-0.3047 
-0.1012 
0.0961 
0.3085 
0.4925 
0.6393 
0.7576 
0.8177 
0.8077 
0.7751 
0.6665 
0.5111 
0.3726 
0.1500 
-0.0363 
-0.2564 
-0.4511 
-0.6177 
-0.7190 
-0.8019 
-0.8148 
-0.7836 
-0.7000 
-0.5789 
-0.4218 
-0.2031 
-0.0000 
0.0000 
0.1741 
0.3252 
0.4478 
0.5652 
0.6246 
0.6448 
0.6429 
0.5917 
0.4933 
0.3603 
0.2047 
0.0557 
-0.1157 
-0.2731 
-0.4265 
-0.5350 
-0.5988 
-0.6347 
-0.6540 
-0.5880 
-0.4933 
-0.3772 
-0.2524 
-0.0843 
0.0850 
0.2298 
0.3722 
0.5224 
0.5951 
0.6225 
0.6275 
0.5973 
0.5306 
0.4114 
0.2712 
0.1191 
-0.0522 
-0.1995 
-0.3557 
-0.4845 
-0.5689 
-0.6280 
-0.6578 
-0.6218 
-0.5375 
-0.4530 
-0.3272 
-0.1636 
-0.0000 
0.0000 
0.0963 
0.2147 
0.3149 
0.3773 
0.4162 
0.4285 
0.4346 
0.3926 
0.3253 
0.2348 
0.1418 
0.0372 
-0.0901 
-0.1769 
-0.2964 
-0.3713 
-0.3964 
-0.4422 
-0.4245 
-0.3993 
-0.3355 
-0.2629 
-0.1568 
-0.0590 
0.0657 
0.1580 
0.2594 
0.3498 
0.4094 
0.4359 
0.4238 
0.4251 
0.3378 
0.2838 
0.1813 
0.0736 
-0.0393 
-0.1227 
-0.2473 
-0.3291 
-0.4029 
-0.4076 
-0.4208 
-0.4355 
-0.3780 
-0.3072 
-0.2160 
-0.1042 
-0.0000 
0.0000 
0.0528 
0.0853 
0.1338 
0.1623 
0.1788 
0.1972 
0.1930 
0.1670 
0.1542 
0.1113 
0.0705 
0.0110 
-0.0348 
-0.0805 
-0.1164 
-0.1619 
-0.1625 
-0.2146 
-0.1660 
-0.1744 
-0.1529 
-0.1037 
-0.0756 
-0.0268 
0.0274 
0.0802 
0.1274 
0.1677 
0.1828 
0.1920 
0.1995 
0.1745 
0.1361 
0.1258 
0.0768 
0.0391 
-0.0147 
-0.0493 
-0.0988 
-0.1351 
-0.1537 
-0.1932 
-0.1689 
-0.1681 
-0.1542 
-0.1324 
-0.0946 
-0.0504 
-0.0000 
-0.0000 
-0.0103 
-0.0228 
-0.0428 
-0.0475 
-0.0463 
-0.0656 
-0.0677 
-0.0607 
-0.0474 
-0.0478 
-0.0153 
-0.0050 
0.0140 
0.0288 
0.0339 
0.0651 
0.0495 
0.0586 
0.0628 
0.0396 
0.0470 
0.0324 
0.0209 
0.0086 
-0.0103 
-0.0226 
-0.0405 
-0.0504 
-0.0784 
-0.0389 
-0.0744 
-0.0550 
-0.0450 
-0.0446 
-0.0213 
-0.0154 
0.0046 
0.0232 
0.0262 
0.0510 
0.0558 
0.0686 
0.0870 
0.0784 
0.0545 
0.0576 
0.0198 
0.0203 
0.0000 
-0.0000 
-0.0755 
-0.1537 
-0.2156 
-0.2811 
-0.3166 
-0.3155 
-0.2968 
-0.2735 
-0.2321 
-0.1763 
-0.0972 
-0.0206 
0.0566 
0.1297 
0.1908 
0.2730 
0.2808 
0.3148 
0.3210 
0.2679 
0.2467 
0.1949 
0.1076 
0.0493 
-0.0353 
-0.1127 
-0.1796 
-0.2667 
-0.3018 
-0.2941 
-0.3005 
-0.2940 
-0.2520 
-0.1891 
-0.1399 
-0.0658 
0.0222 
0.0897 
0.1757 
0.2535 
0.2613 
0.3115 
0.3059 
0.3251 
0.2576 
0.2119 
0.1682 
0.0882 
0.0000 
-0.0000 
-0.1294 
-0.2763 
-0.4008 
-0.4704 
-0.5363 
-0.5513 
-0.5463 
-0.4754 
-0.4035 
-0.2974 
-0.1639 
-0.0418 
0.1156 
0.2378 
0.3664 
0.4442 
0.5110 
0.5340 
0.5509 
0.4833 
0.4150 
0.3181 
0.2041 
0.0819 
-0.0765 
-0.2062 
-0.3270 
-0.4252 
-0.5007 
-0.5411 
-0.5371 
-0.5167 
-0.4462 
-0.3625 
-0.2486 
-0.1143 
0.0406 
0.1853 
0.2955 
0.3948 
0.4905 
0.5467 
0.5312 
0.5044 
0.4646 
0.3765 
0.2813 
0.1277 
0.0000 
-0.0000 
-0.1996 
-0.3516 
-0.4995 
-0.6387 
-0.7100 
-0.7511 
-0.7329 
-0.6557 
-0.5475 
-0.3981 
-0.2535 
-0.0648 
0.1484 
0.3248 
0.4654 
0.6062 
0.7103 
0.7397 
0.7308 
0.6713 
0.5810 
0.4639 
0.2731 
0.0772 
-0.1035 
-0.2810 
-0.4602 
-0.5752 
-0.6613 
-0.7168 
-0.7544 
-0.6842 
-0.6235 
-0.4843 
-0.3247 
-0.1409 
0.0288 
0.2452 
0.3993 
0.5436 
0.6456 
0.7349 
0.7268 
0.7107 
0.6195 
0.4960 
0.3617 
0.2016 
0.0000 
-0.0000 
-0.2362 
-0.4371 
-0.6077 
-0.7499 
-0.8562 
-0.8973 
-0.8659 
-0.8023 
-0.6521 
-0.4650 
-0.2650 
-0.0483 
0.1924 
0.3847 
0.5799 
0.7227 
0.8317 
0.8812 
0.8692 
0.8276 
0.7114 
0.5170 
0.3523 
0.1285 
-0.1073 
-0.3166 
-0.5479 
-0.6858 
-0.8088 
-0.8667 
-0.8946 
-0.8177 
-0.7341 
-0.5864 
-0.3935 
-0.1583 
0.0449 
0.2671 
0.4924 
0.6700 
0.7743 
0.8534 
0.8966 
0.8423 
0.7408 
0.6093 
0.4408 
0.2312 
0.0000 
-0.0000 
-0.2420 
-0.4921 
-0.6639 
-0.8252 
-0.9326 
-0.9686 
-0.9479 
-0.8542 
-0.7135 
-0.5134 
-0.3059 
-0.0456 
0.1923 
0.4282 
0.6175 
0.8091 
0.9169 
0.9756 
0.9701 
0.8850 
0.7653 
0.5727 
0.3775 
0.1079 
-0.1462 
-0.3620 
-0.5780 
-0.7644 
-0.8868 
-0.9554 
-0.9746 
-0.9142 
-0.8065 
-0.6186 
-0.4213 
-0.1899 
0.0761 
0.3180 
0.5316 
0.7124 
0.8694 
0.9543 
0.9717 
0.9327 
0.8262 
0.6763 
0.4699 
0.2290 
0.0000 
-0.0000 
-0.2755 
-0.5075 
-0.6892 
-0.8672 
-0.9571 
-0.9985 
-0.9790 
-0.8864 
-0.7502 
-0.5636 
-0.3206 
-0.0405 
0.2072 
0.4146 
0.6574 
0.8096 
0.9363 
0.9948 
0.9891 
0.9217 
0.7806 
0.6011 
0.3968 
0.1211 
-0.1319 
-0.3974 
-0.6097 
-0.7758 
-0.9043 
-0.9898 
-0.9953 
-0.9286 
-0.8112 
-0.6334 
-0.4503 
-0.1785 
0.0396 
0.3339 
0.5325 
0.7470 
0.8945 
0.9708 
0.9992 
0.9619 
0.8669 
0.6866 
0.4991 
0.2576 
0.0000 
-0.0000 
-0.2377 
-0.4665 
-0.6509 
-0.8106 
-0.9143 
-0.9530 
-0.9247 
-0.8666 
-0.7026 
-0.5125 
-0.3066 
-0.0834 
0.2051 
0.4143 
0.6184 
0.7875 
0.8969 
0.9569 
0.9498 
0.8764 
0.7397 
0.5519 
0.3827 
0.1298 
-0.1203 
-0.3483 
-0.5575 
-0.7561 
-0.8912 
-0.9394 
-0.9506 
-0.8942 
-0.7958 
-0.6329 
-0.4030 
-0.1990 
0.0376 
0.3208 
0.5066 
0.7188 
0.8524 
0.9315 
0.9509 
0.9202 
0.8201 
0.6518 
0.4677 
0.2439 
0.0000 
-0.0000 
-0.2182 
-0.4227 
-0.5862 
-0.7335 
-0.8240 
-0.8444 
-0.8269 
-0.7526 
-0.6391 
-0.4786 
-0.2722 
-0.0676 
0.1624 
0.3767 
0.5567 
0.6926 
0.8122 
0.8387 
0.8389 
0.7825 
0.6702 
0.5010 
0.3300 
0.1076 
-0.1292 
-0.3377 
-0.5087 
-0.6640 
-0.7917 
-0.8474 
-0.8576 
-0.8094 
-0.6972 
-0.5400 
-0.3539 
-0.1813 
0.0378 
0.2637 
0.4813 
0.6260 
0.7564 
0.8364 
0.8652 
0.8127 
0.7295 
0.5983 
0.4329 
0.2019 
0.0000 
-0.0000 
-0.1607 
-0.3359 
-0.4847 
-0.5940 
-0.6661 
-0.6960 
-0.6751 
-0.6044 
-0.5315 
-0.3942 
-0.2284 
-0.0370 
0.1228 
0.2996 
0.4437 
0.5681 
0.6664 
0.6992 
0.6728 
0.6367 
0.5462 
0.4131 
0.2451 
0.0839 
-0.1051 
-0.2760 
-0.4135 
-0.5388 
-0.6162 
-0.6776 
-0.6855 
-0.6533 
-0.5738 
-0.4412 
-0.2826 
-0.1221 
0.0418 
0.2210 
0.3875 
0.5019 
0.6269 
0.6684 
0.6825 
0.6559 
0.6003 
0.5011 
0.3379 
0.1907 
0.0000 
-0.0000 
-0.1208 
-0.2459 
-0.3294 
-0.4101 
-0.4480 
-0.4738 
-0.4593 
-0.4327 
-0.3698 
-0.2830 
-0.1475 
-0.0202 
0.0995 
0.2108 
0.3108 
0.3867 
0.4446 
0.4803 
0.4996 
0.4445 
0.3863 
0.3058 
0.1923 
0.0532 
-0.0578 
-0.1704 
-0.2845 
-0.3928 
-0.4548 
-0.4669 
-0.5031 
-0.4523 
-0.3939 
-0.3126 
-0.2008 
-0.0798 
0.0345 
0.1553 
0.2634 
0.3740 
0.4465 
0.4711 
0.5122 
0.4757 
0.4147 
0.3592 
0.2499 
0.1153 
0.0000 
-0.0000 
-0.0608 
-0.1204 
-0.1929 
-0.2316 
-0.2424 
-0.2604 
-0.2352 
-0.2434 
-0.1699 
-0.1415 
-0.0735 
-0.0148 
0.0533 
0.1143 
0.1741 
0.2127 
0.2231 
0.2535 
0.2712 
0.2309 
0.1941 
0.1393 
0.1053 
0.0330 
-0.0340 
-0.0939 
-0.1459 
-0.1870 
-0.2304 
-0.2306 
-0.2349 
-0.2591 
-0.2125 
-0.1664 
-0.1059 
-0.0521 
0.0155 
0.0801 
0.1274 
0.1978 
0.2055 
0.2635 
0.2619 
0.2505 
0.2281 
0.1805 
0.1362 
0.0694 
0.0000 
-0.0000 
-0.0000 
-0.0000 
-0.0000 
-0.0000 
-0.0000 
-0.0000 
-0.0000 
-0.0000 
-0.0000 
-0.0000 
-0.0000 
-0.0000 
0.0000 
0.0000 
0.0000 
0.0000 
0.0000 
0.0000 
0.0000 
0.0000 
0.0000 
0.0000 
0.0000 
0.0000 
-0.0000 
-0.0000 
-0.0000 
-0.0000 
-0.0000 
-0.0000 
-0.0000 
-0.0000 
-0.0000 
-0.0000 
-0.0000 
-0.0000 
0.0000 
0.0000 
0.0000 
0.0000 
0.0000 
0.0000 
0.0000 
0.0000 
0.0000 
0.0000 
0.0000 
0.0000 
0.0000 
