           1          61          62
           1          62           2
           2          62          63
           2          63           3
           3          63          64
           3          64           4
           4          64          65
           4          65           5
           5          65          66
           5          66           6
           6          66          67
           6          67           7
           7          67          68
           7          68           8
           8          68          69
           8          69           9
           9          69          70
           9          70          71
           9          71          10
          10          71          72
          10          72          11
          11          72          73
          11          73          12
          12          73          74
          12          74          13
          13          74          75
          13          75          14
          14          75          76
          14          76          15
          15          76          77
          15          77          16
          16          77          78
          16          78          17
          17          78          79
          17          79          80
          17          80          18
          18          80          81
          18          81          19
          19          81          82
          19          82          20
          20          82          83
          20          83          21
          21          83          84
          21          84          22
          22          84          85
          22          85          23
          23          85          86
          23          86          24
          24          86          87
          24          87          88
          24          88          25
          25          88          89
          25          89          26
          26          89          90
          26          90          27
          27          90          91
          27          91          28
          28          91          92
          28          92          29
          29          92          93
          29          93          30
          30          93          94
          30          94          31
          31          94          95
          31          95          96
          31          96          32
          32          96          97
          32          97          33
          33          97          98
          33          98          34
          34          98          99
          34          99          35
          35          99         100
          35         100          36
          36         100         101
          36         101          37
          37         101         102
          37         102          38
          38         102         103
          38         103          39
          39         103         104
          39         104         105
          39         105          40
          40         105         106
          40         106          41
          41         106         107
          41         107          42
          42         107         108
          42         108          43
          43         108         109
          43         109          44
          44         109         110
          44         110          45
          45         110         111
          45         111         112
          45         112          46
          46         112         113
          46         113          47
          47         113         114
          47         114          48
          48         114         115
          48         115          49
          49         115         116
          49         116          50
          50         116         117
          50         117          51
          51         117         118
          51         118          52
          52         118         119
          52         119          53
          53         119         120
          53         120          54
          54         120         121
          54         121         122
          54         122          55
          55         122         123
          55         123          56
          56         123         124
          56         124          57
          57         124         125
          57         125          58
          58         125         126
          58         126          59
          59         126         127
          59         127          60
          60         127         128
          60         128           1
         128          61           1
          61         129          62
          62         129         130
          62         130         131
          62         131          63
          63         131         132
          63         132          64
          64         132         133
          64         133          65
          65         133         134
          65         134          66
          66         134         135
          66         135          67
          67         135         136
          67         136          68
          68         136         137
          68         137          69
          69         137         138
          69         138          70
          70         138         139
          70         139          71
          71         139         140
          71         140         141
          71         141          72
          72         141         142
          72         142          73
          73         142         143
          73         143          74
          74         143         144
          74         144          75
          75         144         145
          75         145          76
          76         145         146
          76         146          77
          77         146         147
          77         147          78
          78         147         148
          78         148          79
          79         148         149
          79         149         150
          79         150          80
          80         150         151
          80         151          81
          81         151         152
          81         152          82
          82         152         153
          82         153          83
          83         153         154
          83         154          84
          84         154         155
          84         155          85
          85         155         156
          85         156          86
          86         156         157
          86         157          87
          87         157         158
          87         158         159
          87         159          88
          88         159         160
          88         160          89
          89         160         161
          89         161          90
          90         161         162
          90         162          91
          91         162         163
          91         163          92
          92         163         164
          92         164          93
          93         164         165
          93         165          94
          94         165         166
          94         166          95
          95         166         167
          95         167         168
          95         168          96
          96         168         169
          96         169          97
          97         169         170
          97         170          98
          98         170         171
          98         171          99
          99         171         172
          99         172         100
         100         172         173
         100         173         101
         101         173         174
         101         174         102
         102         174         175
         102         175         103
         103         175         176
         103         176         177
         103         177         104
         104         177         178
         104         178         105
         105         178         179
         105         179         106
         106         179         180
         106         180         107
         107         180         181
         107         181         108
         108         181         182
         108         182         109
         109         182         183
         109         183         110
         110         183         184
         110         184         111
         111         184         185
         111         185         186
         111         186         112
         112         186         187
         112         187         113
         113         187         188
         113         188         114
         114         188         189
         114         189         115
         115         189         190
         115         190         116
         116         190         191
         116         191         117
         117         191         192
         117         192         118
         118         192         193
         118         193         119
         119         193         194
         119         194         195
         119         195         120
         120         195         196
         120         196         121
         121         196         197
         121         197         122
         122         197         198
         122         198         123
         123         198         199
         123         199         124
         124         199         200
         124         200         125
         125         200         201
         125         201         126
         126         201         202
         126         202         127
         127         202         203
         127         203         128
         128         203         204
         128         204          61
         204         129          61
         129         205         206
         129         206         130
         130         206         207
         130         207         131
         131         207         208
         131         208         132
         132         208         209
         132         209         133
         133         209         210
         133         210         134
         134         210         211
         134         211         135
         135         211         212
         135         212         136
         136         212         213
         136         213         137
         137         213         214
         137         214         138
         138         214         215
         138         215         216
         138         216         139
         139         216         217
         139         217         140
         140         217         218
         140         218         141
         141         218         219
         141         219         142
         142         219         220
         142         220         143
         143         220         221
         143         221         144
         144         221         222
         144         222         145
         145         222         223
         145         223         146
         146         223         224
         146         224         225
         146         225         147
         147         225         226
         147         226         148
         148         226         227
         148         227         149
         149         227         228
         149         228         150
         150         228         229
         150         229         151
         151         229         230
         151         230         152
         152         230         231
         152         231         153
         153         231         232
         153         232         154
         154         232         233
         154         233         155
         155         233         234
         155         234         235
         155         235         156
         156         235         236
         156         236         157
         157         236         237
         157         237         158
         158         237         238
         158         238         159
         159         238         239
         159         239         160
         160         239         240
         160         240         161
         161         240         241
         161         241         162
         162         241         242
         162         242         163
         163         242         243
         163         243         244
         163         244         164
         164         244         245
         164         245         165
         165         245         246
         165         246         166
         166         246         247
         166         247         167
         167         247         248
         167         248         168
         168         248         249
         168         249         169
         169         249         250
         169         250         170
         170         250         251
         170         251         171
         171         251         252
         171         252         172
         172         252         253
         172         253         254
         172         254         173
         173         254         255
         173         255         174
         174         255         256
         174         256         175
         175         256         257
         175         257         176
         176         257         258
         176         258         177
         177         258         259
         177         259         178
         178         259         260
         178         260         179
         179         260         261
         179         261         262
         179         262         180
         180         262         263
         180         263         181
         181         263         264
         181         264         182
         182         264         265
         182         265         183
         183         265         266
         183         266         184
         184         266         267
         184         267         185
         185         267         268
         185         268         186
         186         268         269
         186         269         187
         187         269         270
         187         270         188
         188         270         271
         188         271         272
         188         272         189
         189         272         273
         189         273         190
         190         273         274
         190         274         191
         191         274         275
         191         275         192
         192         275         276
         192         276         193
         193         276         277
         193         277         194
         194         277         278
         194         278         195
         195         278         279
         195         279         196
         196         279         280
         196         280         281
         196         281         197
         197         281         282
         197         282         198
         198         282         283
         198         283         199
         199         283         284
         199         284         200
         200         284         285
         200         285         201
         201         285         286
         201         286         202
         202         286         287
         202         287         203
         203         287         288
         203         288         204
         204         288         289
         204         289         129
         289         205         129
         205         290         291
         205         291         206
         206         291         292
         206         292         207
         207         292         293
         207         293         208
         208         293         294
         208         294         209
         209         294         295
         209         295         210
         210         295         296
         210         296         211
         211         296         297
         211         297         212
         212         297         298
         212         298         213
         213         298         299
         213         299         214
         214         299         300
         214         300         215
         215         300         301
         215         301         216
         216         301         302
         216         302         303
         216         303         217
         217         303         304
         217         304         218
         218         304         305
         218         305         219
         219         305         306
         219         306         220
         220         306         307
         220         307         221
         221         307         308
         221         308         222
         222         308         309
         222         309         223
         223         309         310
         223         310         224
         224         310         311
         224         311         225
         225         311         312
         225         312         226
         226         312         313
         226         313         227
         227         313         314
         227         314         315
         227         315         228
         228         315         316
         228         316         229
         229         316         317
         229         317         230
         230         317         318
         230         318         231
         231         318         319
         231         319         232
         232         319         320
         232         320         233
         233         320         321
         233         321         234
         234         321         322
         234         322         235
         235         322         323
         235         323         236
         236         323         324
         236         324         237
         237         324         325
         237         325         326
         237         326         238
         238         326         327
         238         327         239
         239         327         328
         239         328         240
         240         328         329
         240         329         241
         241         329         330
         241         330         242
         242         330         331
         242         331         243
         243         331         332
         243         332         244
         244         332         333
         244         333         245
         245         333         334
         245         334         246
         246         334         335
         246         335         247
         247         335         336
         247         336         337
         247         337         248
         248         337         338
         248         338         249
         249         338         339
         249         339         250
         250         339         340
         250         340         251
         251         340         341
         251         341         252
         252         341         342
         252         342         253
         253         342         343
         253         343         254
         254         343         344
         254         344         255
         255         344         345
         255         345         256
         256         345         346
         256         346         257
         257         346         347
         257         347         258
         258         347         348
         258         348         349
         258         349         259
         259         349         350
         259         350         260
         260         350         351
         260         351         261
         261         351         352
         261         352         262
         262         352         353
         262         353         263
         263         353         354
         263         354         264
         264         354         355
         264         355         265
         265         355         356
         265         356         266
         266         356         357
         266         357         267
         267         357         358
         267         358         359
         267         359         268
         268         359         360
         268         360         269
         269         360         361
         269         361         270
         270         361         362
         270         362         271
         271         362         363
         271         363         272
         272         363         364
         272         364         273
         273         364         365
         273         365         274
         274         365         366
         274         366         275
         275         366         367
         275         367         276
         276         367         368
         276         368         277
         277         368         369
         277         369         278
         278         369         370
         278         370         279
         279         370         371
         279         371         372
         279         372         280
         280         372         373
         280         373         281
         281         373         374
         281         374         282
         282         374         375
         282         375         283
         283         375         376
         283         376         284
         284         376         377
         284         377         285
         285         377         378
         285         378         286
         286         378         379
         286         379         287
         287         379         380
         287         380         288
         288         380         381
         288         381         289
         289         381         382
         289         382         205
         382         290         205
         290         383         291
         291         383         384
         291         384         385
         291         385         292
         292         385         386
         292         386         293
         293         386         387
         293         387         294
         294         387         388
         294         388         295
         295         388         389
         295         389         296
         296         389         390
         296         390         297
         297         390         391
         297         391         298
         298         391         392
         298         392         299
         299         392         393
         299         393         300
         300         393         394
         300         394         301
         301         394         395
         301         395         302
         302         395         396
         302         396         303
         303         396         397
         303         397         398
         303         398         304
         304         398         399
         304         399         305
         305         399         400
         305         400         306
         306         400         401
         306         401         307
         307         401         402
         307         402         308
         308         402         403
         308         403         309
         309         403         404
         309         404         310
         310         404         405
         310         405         311
         311         405         406
         311         406         312
         312         406         407
         312         407         313
         313         407         408
         313         408         314
         314         408         409
         314         409         315
         315         409         410
         315         410         316
         316         410         411
         316         411         412
         316         412         317
         317         412         413
         317         413         318
         318         413         414
         318         414         319
         319         414         415
         319         415         320
         320         415         416
         320         416         321
         321         416         417
         321         417         322
         322         417         418
         322         418         323
         323         418         419
         323         419         324
         324         419         420
         324         420         325
         325         420         421
         325         421         326
         326         421         422
         326         422         423
         326         423         327
         327         423         424
         327         424         328
         328         424         425
         328         425         329
         329         425         426
         329         426         330
         330         426         427
         330         427         331
         331         427         428
         331         428         332
         332         428         429
         332         429         333
         333         429         430
         333         430         334
         334         430         431
         334         431         335
         335         431         432
         335         432         336
         336         432         433
         336         433         337
         337         433         434
         337         434         435
         337         435         338
         338         435         436
         338         436         339
         339         436         437
         339         437         340
         340         437         438
         340         438         341
         341         438         439
         341         439         342
         342         439         440
         342         440         343
         343         440         441
         343         441         344
         344         441         442
         344         442         345
         345         442         443
         345         443         346
         346         443         444
         346         444         347
         347         444         445
         347         445         348
         348         445         446
         348         446         447
         348         447         349
         349         447         448
         349         448         350
         350         448         449
         350         449         351
         351         449         450
         351         450         352
         352         450         451
         352         451         353
         353         451         452
         353         452         354
         354         452         453
         354         453         355
         355         453         454
         355         454         356
         356         454         455
         356         455         357
         357         455         456
         357         456         358
         358         456         457
         358         457         458
         358         458         359
         359         458         459
         359         459         360
         360         459         460
         360         460         361
         361         460         461
         361         461         362
         362         461         462
         362         462         363
         363         462         463
         363         463         364
         364         463         464
         364         464         365
         365         464         465
         365         465         366
         366         465         466
         366         466         367
         367         466         467
         367         467         368
         368         467         468
         368         468         369
         369         468         469
         369         469         370
         370         469         470
         370         470         471
         370         471         371
         371         471         472
         371         472         372
         372         472         473
         372         473         373
         373         473         474
         373         474         374
         374         474         475
         374         475         375
         375         475         476
         375         476         376
         376         476         477
         376         477         377
         377         477         478
         377         478         378
         378         478         479
         378         479         379
         379         479         480
         379         480         380
         380         480         481
         380         481         381
         381         481         482
         381         482         382
         382         482         483
         382         483         290
         483         383         290
         383         484         485
         383         485         384
         384         485         486
         384         486         385
         385         486         487
         385         487         386
         386         487         488
         386         488         387
         387         488         489
         387         489         388
         388         489         490
         388         490         389
         389         490         491
         389         491         390
         390         491         492
         390         492         391
         391         492         493
         391         493         392
         392         493         494
         392         494         393
         393         494         495
         393         495         394
         394         495         496
         394         496         395
         395         496         497
         395         497         498
         395         498         396
         396         498         499
         396         499         397
         397         499         500
         397         500         398
         398         500         501
         398         501         399
         399         501         502
         399         502         400
         400         502         503
         400         503         401
         401         503         504
         401         504         402
         402         504         505
         402         505         403
         403         505         506
         403         506         404
         404         506         507
         404         507         405
         405         507         508
         405         508         406
         406         508         509
         406         509         407
         407         509         510
         407         510         511
         407         511         408
         408         511         512
         408         512         409
         409         512         513
         409         513         410
         410         513         514
         410         514         411
         411         514         515
         411         515         412
         412         515         516
         412         516         413
         413         516         517
         413         517         414
         414         517         518
         414         518         415
         415         518         519
         415         519         416
         416         519         520
         416         520         417
         417         520         521
         417         521         522
         417         522         418
         418         522         523
         418         523         419
         419         523         524
         419         524         420
         420         524         525
         420         525         421
         421         525         526
         421         526         422
         422         526         527
         422         527         423
         423         527         528
         423         528         424
         424         528         529
         424         529         425
         425         529         530
         425         530         426
         426         530         531
         426         531         427
         427         531         532
         427         532         428
         428         532         533
         428         533         534
         428         534         429
         429         534         535
         429         535         430
         430         535         536
         430         536         431
         431         536         537
         431         537         432
         432         537         538
         432         538         433
         433         538         539
         433         539         434
         434         539         540
         434         540         435
         435         540         541
         435         541         436
         436         541         542
         436         542         437
         437         542         543
         437         543         438
         438         543         544
         438         544         545
         438         545         439
         439         545         546
         439         546         440
         440         546         547
         440         547         441
         441         547         548
         441         548         442
         442         548         549
         442         549         443
         443         549         550
         443         550         444
         444         550         551
         444         551         445
         445         551         552
         445         552         446
         446         552         553
         446         553         447
         447         553         554
         447         554         448
         448         554         555
         448         555         449
         449         555         556
         449         556         557
         449         557         450
         450         557         558
         450         558         451
         451         558         559
         451         559         452
         452         559         560
         452         560         453
         453         560         561
         453         561         454
         454         561         562
         454         562         455
         455         562         563
         455         563         456
         456         563         564
         456         564         457
         457         564         565
         457         565         458
         458         565         566
         458         566         459
         459         566         567
         459         567         568
         459         568         460
         460         568         569
         460         569         461
         461         569         570
         461         570         462
         462         570         571
         462         571         463
         463         571         572
         463         572         464
         464         572         573
         464         573         465
         465         573         574
         465         574         466
         466         574         575
         466         575         467
         467         575         576
         467         576         468
         468         576         577
         468         577         469
         469         577         578
         469         578         470
         470         578         579
         470         579         471
         471         579         580
         471         580         472
         472         580         581
         472         581         582
         472         582         473
         473         582         583
         473         583         474
         474         583         584
         474         584         475
         475         584         585
         475         585         476
         476         585         586
         476         586         477
         477         586         587
         477         587         478
         478         587         588
         478         588         479
         479         588         589
         479         589         480
         480         589         590
         480         590         481
         481         590         591
         481         591         482
         482         591         592
         482         592         483
         483         592         593
         483         593         383
         593         484         383
         484         594         595
         484         595         485
         485         595         596
         485         596         486
         486         596         597
         486         597         487
         487         597         598
         487         598         488
         488         598         599
         488         599         489
         489         599         600
         489         600         490
         490         600         601
         490         601         491
         491         601         602
         491         602         492
         492         602         603
         492         603         493
         493         603         604
         493         604         494
         494         604         605
         494         605         495
         495         605         606
         495         606         496
         496         606         607
         496         607         497
         497         607         608
         497         608         498
         498         608         609
         498         609         610
         498         610         499
         499         610         611
         499         611         500
         500         611         612
         500         612         501
         501         612         613
         501         613         502
         502         613         614
         502         614         503
         503         614         615
         503         615         504
         504         615         616
         504         616         505
         505         616         617
         505         617         506
         506         617         618
         506         618         507
         507         618         619
         507         619         508
         508         619         620
         508         620         509
         509         620         621
         509         621         510
         510         621         622
         510         622         623
         510         623         511
         511         623         624
         511         624         512
         512         624         625
         512         625         513
         513         625         626
         513         626         514
         514         626         627
         514         627         515
         515         627         628
         515         628         516
         516         628         629
         516         629         517
         517         629         630
         517         630         518
         518         630         631
         518         631         519
         519         631         632
         519         632         520
         520         632         633
         520         633         521
         521         633         634
         521         634         522
         522         634         635
         522         635         523
         523         635         636
         523         636         637
         523         637         524
         524         637         638
         524         638         525
         525         638         639
         525         639         526
         526         639         640
         526         640         527
         527         640         641
         527         641         528
         528         641         642
         528         642         529
         529         642         643
         529         643         530
         530         643         644
         530         644         531
         531         644         645
         531         645         532
         532         645         646
         532         646         533
         533         646         647
         533         647         648
         533         648         534
         534         648         649
         534         649         535
         535         649         650
         535         650         536
         536         650         651
         536         651         537
         537         651         652
         537         652         538
         538         652         653
         538         653         539
         539         653         654
         539         654         540
         540         654         655
         540         655         541
         541         655         656
         541         656         542
         542         656         657
         542         657         543
         543         657         658
         543         658         544
         544         658         659
         544         659         545
         545         659         660
         545         660         661
         545         661         546
         546         661         662
         546         662         547
         547         662         663
         547         663         548
         548         663         664
         548         664         549
         549         664         665
         549         665         550
         550         665         666
         550         666         551
         551         666         667
         551         667         552
         552         667         668
         552         668         553
         553         668         669
         553         669         554
         554         669         670
         554         670         555
         555         670         671
         555         671         556
         556         671         672
         556         672         673
         556         673         557
         557         673         674
         557         674         558
         558         674         675
         558         675         559
         559         675         676
         559         676         560
         560         676         677
         560         677         561
         561         677         678
         561         678         562
         562         678         679
         562         679         563
         563         679         680
         563         680         564
         564         680         681
         564         681         565
         565         681         682
         565         682         566
         566         682         683
         566         683         567
         567         683         684
         567         684         568
         568         684         685
         568         685         686
         568         686         569
         569         686         687
         569         687         570
         570         687         688
         570         688         571
         571         688         689
         571         689         572
         572         689         690
         572         690         573
         573         690         691
         573         691         574
         574         691         692
         574         692         575
         575         692         693
         575         693         576
         576         693         694
         576         694         577
         577         694         695
         577         695         578
         578         695         696
         578         696         579
         579         696         697
         579         697         580
         580         697         698
         580         698         699
         580         699         581
         581         699         700
         581         700         582
         582         700         701
         582         701         583
         583         701         702
         583         702         584
         584         702         703
         584         703         585
         585         703         704
         585         704         586
         586         704         705
         586         705         587
         587         705         706
         587         706         588
         588         706         707
         588         707         589
         589         707         708
         589         708         590
         590         708         709
         590         709         591
         591         709         710
         591         710         592
         592         710         711
         592         711         593
         593         711         712
         593         712         484
         712         594         484
         594         713         595
         595         713         714
         595         714         596
         596         714         715
         596         715         716
         596         716         597
         597         716         717
         597         717         598
         598         717         718
         598         718         599
         599         718         719
         599         719         600
         600         719         720
         600         720         601
         601         720         721
         601         721         602
         602         721         722
         602         722         603
         603         722         723
         603         723         604
         604         723         724
         604         724         605
         605         724         725
         605         725         606
         606         725         726
         606         726         607
         607         726         727
         607         727         608
         608         727         728
         608         728         609
         609         728         729
         609         729         610
         610         729         730
         610         730         611
         611         730         731
         611         731         732
         611         732         612
         612         732         733
         612         733         613
         613         733         734
         613         734         614
         614         734         735
         614         735         615
         615         735         736
         615         736         616
         616         736         737
         616         737         617
         617         737         738
         617         738         618
         618         738         739
         618         739         619
         619         739         740
         619         740         620
         620         740         741
         620         741         621
         621         741         742
         621         742         622
         622         742         743
         622         743         623
         623         743         744
         623         744         624
         624         744         745
         624         745         625
         625         745         746
         625         746         626
         626         746         747
         626         747         627
         627         747         748
         627         748         749
         627         749         628
         628         749         750
         628         750         629
         629         750         751
         629         751         630
         630         751         752
         630         752         631
         631         752         753
         631         753         632
         632         753         754
         632         754         633
         633         754         755
         633         755         634
         634         755         756
         634         756         635
         635         756         757
         635         757         636
         636         757         758
         636         758         637
         637         758         759
         637         759         638
         638         759         760
         638         760         639
         639         760         761
         639         761         762
         639         762         640
         640         762         763
         640         763         641
         641         763         764
         641         764         642
         642         764         765
         642         765         643
         643         765         766
         643         766         644
         644         766         767
         644         767         645
         645         767         768
         645         768         646
         646         768         769
         646         769         647
         647         769         770
         647         770         648
         648         770         771
         648         771         649
         649         771         772
         649         772         650
         650         772         773
         650         773         651
         651         773         774
         651         774         652
         652         774         775
         652         775         653
         653         775         776
         653         776         654
         654         776         777
         654         777         778
         654         778         655
         655         778         779
         655         779         656
         656         779         780
         656         780         657
         657         780         781
         657         781         658
         658         781         782
         658         782         659
         659         782         783
         659         783         660
         660         783         784
         660         784         661
         661         784         785
         661         785         662
         662         785         786
         662         786         663
         663         786         787
         663         787         664
         664         787         788
         664         788         665
         665         788         789
         665         789         666
         666         789         790
         666         790         667
         667         790         791
         667         791         668
         668         791         792
         668         792         793
         668         793         669
         669         793         794
         669         794         670
         670         794         795
         670         795         671
         671         795         796
         671         796         672
         672         796         797
         672         797         673
         673         797         798
         673         798         674
         674         798         799
         674         799         675
         675         799         800
         675         800         676
         676         800         801
         676         801         677
         677         801         802
         677         802         678
         678         802         803
         678         803         679
         679         803         804
         679         804         680
         680         804         805
         680         805         681
         681         805         806
         681         806         807
         681         807         682
         682         807         808
         682         808         683
         683         808         809
         683         809         684
         684         809         810
         684         810         685
         685         810         811
         685         811         686
         686         811         812
         686         812         687
         687         812         813
         687         813         688
         688         813         814
         688         814         689
         689         814         815
         689         815         690
         690         815         816
         690         816         691
         691         816         817
         691         817         692
         692         817         818
         692         818         693
         693         818         819
         693         819         694
         694         819         820
         694         820         695
         695         820         821
         695         821         696
         696         821         822
         696         822         697
         697         822         823
         697         823         824
         697         824         698
         698         824         825
         698         825         699
         699         825         826
         699         826         700
         700         826         827
         700         827         701
         701         827         828
         701         828         702
         702         828         829
         702         829         703
         703         829         830
         703         830         704
         704         830         831
         704         831         705
         705         831         832
         705         832         706
         706         832         833
         706         833         707
         707         833         834
         707         834         708
         708         834         835
         708         835         709
         709         835         836
         709         836         710
         710         836         837
         710         837         711
         711         837         838
         711         838         712
         712         838         839
         712         839         594
         839         713         594
         713         840         841
         713         841         714
         714         841         842
         714         842         715
         715         842         843
         715         843         716
         716         843         844
         716         844         717
         717         844         845
         717         845         718
         718         845         846
         718         846         719
         719         846         847
         719         847         720
         720         847         848
         720         848         721
         721         848         849
         721         849         722
         722         849         850
         722         850         723
         723         850         851
         723         851         724
         724         851         852
         724         852         725
         725         852         853
         725         853         726
         726         853         854
         726         854         727
         727         854         855
         727         855         728
         728         855         856
         728         856         729
         729         856         857
         729         857         858
         729         858         730
         730         858         859
         730         859         731
         731         859         860
         731         860         732
         732         860         861
         732         861         733
         733         861         862
         733         862         734
         734         862         863
         734         863         735
         735         863         864
         735         864         736
         736         864         865
         736         865         737
         737         865         866
         737         866         738
         738         866         867
         738         867         739
         739         867         868
         739         868         740
         740         868         869
         740         869         741
         741         869         870
         741         870         742
         742         870         871
         742         871         743
         743         871         872
         743         872         744
         744         872         873
         744         873         745
         745         873         874
         745         874         875
         745         875         746
         746         875         876
         746         876         747
         747         876         877
         747         877         748
         748         877         878
         748         878         749
         749         878         879
         749         879         750
         750         879         880
         750         880         751
         751         880         881
         751         881         752
         752         881         882
         752         882         753
         753         882         883
         753         883         754
         754         883         884
         754         884         755
         755         884         885
         755         885         756
         756         885         886
         756         886         757
         757         886         887
         757         887         758
         758         887         888
         758         888         759
         759         888         889
         759         889         890
         759         890         760
         760         890         891
         760         891         761
         761         891         892
         761         892         762
         762         892         893
         762         893         763
         763         893         894
         763         894         764
         764         894         895
         764         895         765
         765         895         896
         765         896         766
         766         896         897
         766         897         767
         767         897         898
         767         898         768
         768         898         899
         768         899         769
         769         899         900
         769         900         770
         770         900         901
         770         901         771
         771         901         902
         771         902         772
         772         902         903
         772         903         904
         772         904         773
         773         904         905
         773         905         774
         774         905         906
         774         906         775
         775         906         907
         775         907         776
         776         907         908
         776         908         777
         777         908         909
         777         909         778
         778         909         910
         778         910         779
         779         910         911
         779         911         780
         780         911         912
         780         912         781
         781         912         913
         781         913         782
         782         913         914
         782         914         783
         783         914         915
         783         915         784
         784         915         916
         784         916         917
         784         917         785
         785         917         918
         785         918         786
         786         918         919
         786         919         787
         787         919         920
         787         920         788
         788         920         921
         788         921         789
         789         921         922
         789         922         790
         790         922         923
         790         923         791
         791         923         924
         791         924         792
         792         924         925
         792         925         793
         793         925         926
         793         926         794
         794         926         927
         794         927         795
         795         927         928
         795         928         796
         796         928         929
         796         929         797
         797         929         930
         797         930         931
         797         931         798
         798         931         932
         798         932         799
         799         932         933
         799         933         800
         800         933         934
         800         934         801
         801         934         935
         801         935         802
         802         935         936
         802         936         803
         803         936         937
         803         937         804
         804         937         938
         804         938         805
         805         938         939
         805         939         806
         806         939         940
         806         940         807
         807         940         941
         807         941         808
         808         941         942
         808         942         809
         809         942         943
         809         943         810
         810         943         944
         810         944         811
         811         944         945
         811         945         946
         811         946         812
         812         946         947
         812         947         813
         813         947         948
         813         948         814
         814         948         949
         814         949         815
         815         949         950
         815         950         816
         816         950         951
         816         951         817
         817         951         952
         817         952         818
         818         952         953
         818         953         819
         819         953         954
         819         954         820
         820         954         955
         820         955         821
         821         955         956
         821         956         822
         822         956         957
         822         957         823
         823         957         958
         823         958         824
         824         958         959
         824         959         825
         825         959         960
         825         960         826
         826         960         961
         826         961         962
         826         962         827
         827         962         963
         827         963         828
         828         963         964
         828         964         829
         829         964         965
         829         965         830
         830         965         966
         830         966         831
         831         966         967
         831         967         832
         832         967         968
         832         968         833
         833         968         969
         833         969         834
         834         969         970
         834         970         835
         835         970         971
         835         971         836
         836         971         972
         836         972         837
         837         972         973
         837         973         838
         838         973         974
         838         974         839
         839         974         975
         839         975         713
         975         840         713
