2500 
1.0000 1.0000 
1.0000 2.0000 
1.0000 3.0000 
1.0000 4.0000 
1.0000 5.0000 
1.0000 6.0000 
1.0000 7.0000 
1.0000 8.0000 
1.0000 9.0000 
1.0000 10.0000 
1.0000 11.0000 
1.0000 12.0000 
1.0000 13.0000 
1.0000 14.0000 
1.0000 15.0000 
1.0000 16.0000 
1.0000 17.0000 
1.0000 18.0000 
1.0000 19.0000 
1.0000 20.0000 
1.0000 21.0000 
1.0000 22.0000 
1.0000 23.0000 
1.0000 24.0000 
1.0000 25.0000 
1.0000 26.0000 
1.0000 27.0000 
1.0000 28.0000 
1.0000 29.0000 
1.0000 30.0000 
1.0000 31.0000 
1.0000 32.0000 
1.0000 33.0000 
1.0000 34.0000 
1.0000 35.0000 
1.0000 36.0000 
1.0000 37.0000 
1.0000 38.0000 
1.0000 39.0000 
1.0000 40.0000 
1.0000 41.0000 
1.0000 42.0000 
1.0000 43.0000 
1.0000 44.0000 
1.0000 45.0000 
1.0000 46.0000 
1.0000 47.0000 
1.0000 48.0000 
1.0000 49.0000 
1.0000 50.0000 
2.0000 1.0000 
1.9571 2.0861 
1.9914 2.9416 
1.9407 4.0475 
2.0624 4.9947 
2.0511 6.0905 
1.9844 7.0289 
1.9166 7.9845 
1.9514 8.9876 
2.0258 10.0515 
1.9540 11.0306 
2.0099 12.0462 
2.0871 13.0019 
2.0095 13.9571 
2.0054 14.9743 
2.0498 15.9914 
2.0373 16.9302 
1.9871 18.0372 
1.9680 19.0115 
2.0126 19.9343 
1.9162 21.0304 
1.9145 21.9837 
2.0865 22.9566 
1.9431 24.0630 
2.0859 25.0799 
2.0524 25.9854 
2.0823 26.9255 
2.0303 27.9831 
2.0344 29.0647 
2.0648 29.9320 
2.0588 30.9453 
2.0781 32.0454 
1.9107 32.9303 
2.0523 34.0023 
1.9071 34.9301 
1.9024 35.9892 
1.9786 36.9573 
1.9088 37.9451 
1.9873 39.0975 
2.0450 39.9413 
1.9090 40.9722 
2.0144 41.9354 
1.9940 42.9597 
2.0402 44.0281 
2.0872 45.0378 
1.9058 46.0294 
1.9136 46.9076 
2.0117 47.9973 
2.0301 49.0537 
2.0000 50.0000 
3.0000 1.0000 
3.0864 1.9875 
2.9827 2.9706 
3.0012 3.9373 
3.0558 4.9025 
2.9912 6.0661 
3.0428 7.0824 
2.9944 8.0645 
2.9499 8.9926 
3.0767 9.9586 
2.9626 11.0355 
3.0294 11.9011 
2.9092 13.0072 
2.9725 13.9285 
2.9227 14.9712 
2.9367 15.9206 
2.9368 17.0858 
3.0470 17.9689 
3.0839 19.0975 
3.0941 20.0586 
3.0753 21.0418 
3.0217 22.0993 
3.0466 22.9001 
3.0875 23.9139 
2.9993 24.9400 
3.0704 26.0035 
3.0533 26.9292 
3.0888 27.9617 
3.0820 29.0668 
3.0141 30.0650 
2.9204 31.0934 
3.0247 31.9217 
2.9750 32.9876 
3.0452 33.9142 
3.0977 35.0191 
2.9957 36.0769 
2.9908 37.0316 
2.9707 38.0958 
3.0058 39.0541 
2.9709 40.0883 
2.9175 40.9269 
2.9381 41.9631 
2.9455 43.0529 
3.0205 44.0589 
2.9228 44.9901 
2.9852 45.9736 
2.9228 46.9601 
3.0740 48.0544 
3.0499 49.0594 
3.0000 50.0000 
4.0000 1.0000 
3.9298 1.9154 
3.9024 3.0743 
3.9426 4.0443 
3.9565 5.0106 
4.0840 6.0637 
4.0335 6.9080 
3.9287 8.0669 
4.0631 8.9579 
3.9552 10.0467 
3.9174 11.0495 
4.0827 11.9776 
3.9329 12.9198 
3.9189 14.0339 
3.9635 15.0483 
4.0930 16.0095 
3.9436 17.0698 
4.0074 18.0630 
3.9358 18.9550 
3.9525 19.9654 
3.9237 21.0342 
4.0405 21.9033 
3.9728 22.9600 
3.9804 23.9231 
4.0803 24.9734 
4.0797 26.0489 
4.0426 26.9593 
3.9798 27.9168 
3.9808 28.9444 
3.9385 30.0339 
3.9421 30.9037 
3.9466 32.0733 
4.0435 33.0001 
4.0774 34.0133 
3.9585 35.0613 
3.9763 36.0638 
4.0944 36.9871 
3.9218 37.9383 
4.0169 39.0376 
4.0301 40.0351 
4.0049 41.0704 
3.9347 42.0564 
3.9534 42.9069 
4.0199 44.0032 
4.0106 44.9977 
3.9984 46.0848 
3.9784 47.0109 
4.0719 48.0640 
4.0086 49.0475 
4.0000 50.0000 
5.0000 1.0000 
5.0050 1.9670 
4.9885 3.0203 
4.9033 3.9804 
4.9885 5.0636 
4.9596 6.0778 
5.0116 6.9640 
5.0631 7.9735 
5.0218 8.9522 
5.0045 10.0136 
4.9068 10.9017 
4.9515 11.9592 
4.9702 12.9043 
4.9717 14.0491 
4.9546 14.9958 
4.9098 16.0662 
5.0359 17.0625 
5.0952 18.0623 
5.0299 18.9850 
4.9492 20.0516 
5.0380 20.9816 
4.9410 21.9882 
4.9594 23.0958 
5.0145 23.9736 
4.9020 25.0573 
4.9670 26.0992 
4.9426 26.9939 
4.9016 27.9215 
5.0357 28.9167 
4.9598 29.9872 
5.0572 30.9303 
5.0278 31.9193 
4.9152 32.9744 
4.9936 33.9234 
5.0237 35.0368 
4.9667 35.9228 
4.9681 36.9750 
4.9666 38.0155 
4.9382 39.0048 
4.9287 39.9401 
5.0722 41.0943 
5.0748 41.9272 
5.0301 43.0046 
5.0434 44.0300 
5.0911 45.0524 
5.0117 45.9330 
5.0138 47.0499 
5.0904 48.0140 
4.9561 48.9783 
5.0000 50.0000 
6.0000 1.0000 
5.9094 1.9415 
6.0061 3.0654 
5.9989 3.9167 
6.0704 4.9671 
5.9159 5.9115 
6.0309 7.0446 
6.0844 8.0875 
6.0112 9.0814 
5.9167 9.9410 
6.0691 10.9303 
5.9817 12.0122 
5.9196 12.9424 
5.9977 13.9990 
5.9151 15.0875 
5.9189 15.9272 
6.0119 16.9027 
5.9136 17.9111 
6.0779 18.9641 
6.0901 20.0351 
6.0203 20.9735 
5.9947 22.0668 
6.0313 22.9224 
6.0029 23.9675 
6.0825 25.0699 
6.0495 25.9057 
6.0383 26.9058 
5.9521 27.9813 
6.0908 29.0648 
5.9983 30.0109 
6.0146 31.0719 
5.9614 32.0953 
5.9070 32.9568 
6.0137 33.9120 
5.9558 35.0042 
6.0433 35.9280 
5.9534 37.0198 
6.0016 37.9050 
5.9084 38.9764 
6.0852 40.0762 
5.9010 41.0752 
5.9640 42.0905 
6.0158 42.9643 
6.0528 44.0742 
5.9338 45.0048 
5.9882 46.0704 
6.0836 46.9906 
6.0485 47.9839 
6.0038 49.0497 
6.0000 50.0000 
7.0000 1.0000 
7.0000 1.9710 
6.9932 3.0991 
7.0853 3.9058 
6.9112 5.0879 
6.9768 5.9053 
6.9555 7.0404 
7.0379 7.9068 
7.0246 8.9840 
6.9794 10.0774 
7.0396 11.0307 
7.0184 11.9041 
6.9509 12.9610 
6.9770 13.9806 
6.9775 15.0910 
7.0022 15.9692 
7.0101 16.9229 
6.9198 18.0735 
6.9260 18.9182 
6.9868 20.0203 
7.0181 20.9146 
6.9158 22.0800 
6.9412 23.0065 
6.9980 24.0437 
7.0631 24.9705 
7.0831 26.0896 
6.9243 26.9933 
7.0570 27.9998 
7.0977 28.9210 
6.9127 29.9286 
6.9874 30.9537 
6.9031 31.9124 
6.9382 32.9929 
6.9149 34.0609 
6.9103 35.0105 
6.9090 35.9440 
6.9710 36.9823 
6.9903 37.9466 
6.9998 38.9623 
6.9531 40.0373 
6.9433 40.9605 
7.0712 41.9377 
7.0808 42.9050 
7.0671 43.9868 
6.9960 45.0587 
6.9841 45.9507 
6.9109 46.9331 
7.0424 48.0240 
7.0018 48.9709 
7.0000 50.0000 
8.0000 1.0000 
7.9032 1.9062 
8.0233 3.0560 
8.0122 3.9737 
7.9099 4.9179 
7.9717 6.0952 
7.9440 6.9921 
7.9235 8.0945 
7.9054 8.9951 
7.9363 9.9833 
7.9152 10.9266 
8.0378 11.9954 
7.9222 13.0300 
8.0009 14.0445 
8.0955 14.9033 
8.0680 15.9993 
8.0522 17.0043 
7.9731 18.0533 
7.9818 18.9736 
8.0906 19.9120 
8.0677 20.9310 
7.9955 22.0486 
7.9068 23.0623 
7.9946 23.9848 
7.9664 24.9511 
7.9047 26.0297 
8.0608 27.0434 
8.0165 28.0416 
8.0153 29.0320 
8.0414 29.9724 
7.9665 31.0857 
8.0864 31.9626 
7.9735 33.0145 
7.9208 33.9799 
8.0607 35.0835 
7.9969 36.0083 
7.9778 36.9180 
8.0716 38.0004 
7.9759 38.9055 
7.9218 40.0155 
8.0234 40.9331 
8.0801 41.9722 
7.9437 42.9259 
7.9738 43.9864 
7.9067 44.9125 
8.0274 46.0274 
7.9210 46.9021 
7.9829 47.9315 
7.9786 48.9882 
8.0000 50.0000 
9.0000 1.0000 
9.0004 2.0365 
9.0068 2.9324 
8.9125 4.0160 
9.0007 4.9237 
8.9773 6.0714 
8.9823 6.9444 
8.9191 7.9169 
9.0874 9.0654 
8.9833 9.9439 
8.9278 11.0849 
9.0746 12.0469 
8.9610 13.0299 
9.0259 13.9397 
8.9362 14.9925 
8.9535 15.9605 
8.9564 16.9530 
8.9146 18.0840 
9.0603 18.9483 
8.9414 19.9054 
9.0951 21.0205 
9.0844 21.9283 
9.0135 22.9833 
9.0633 24.0439 
8.9498 25.0626 
8.9381 25.9318 
8.9411 27.0391 
8.9065 28.0835 
9.0716 28.9733 
9.0320 30.0290 
9.0402 31.0779 
9.0852 32.0206 
8.9342 32.9388 
8.9980 34.0407 
9.0342 35.0057 
8.9190 36.0814 
8.9292 37.0234 
9.0208 38.0216 
9.0939 38.9363 
9.0147 40.0398 
8.9178 41.0505 
9.0050 42.0376 
9.0462 42.9351 
9.0056 43.9370 
9.0010 45.0840 
9.0653 45.9745 
9.0436 46.9411 
9.0602 48.0661 
9.0950 48.9090 
9.0000 50.0000 
10.0000 1.0000 
10.0256 1.9813 
10.0738 3.0017 
10.0968 3.9298 
9.9637 4.9807 
10.0628 6.0761 
9.9963 6.9363 
10.0348 8.0727 
10.0872 8.9398 
10.0075 9.9761 
10.0553 11.0365 
9.9109 12.0443 
10.0420 12.9881 
10.0617 13.9490 
10.0552 14.9295 
10.0964 15.9105 
10.0513 16.9723 
9.9061 17.9088 
10.0391 18.9665 
9.9321 19.9030 
9.9803 21.0472 
10.0796 22.0846 
10.0357 23.0310 
9.9940 23.9605 
10.0036 25.0780 
9.9783 25.9704 
9.9282 26.9552 
10.0007 27.9297 
9.9391 28.9415 
9.9134 29.9767 
10.0475 30.9655 
10.0606 31.9606 
9.9014 32.9843 
9.9694 34.0939 
10.0438 35.0661 
9.9221 35.9814 
10.0058 37.0408 
9.9328 38.0537 
10.0537 38.9658 
9.9593 40.0013 
9.9176 40.9351 
9.9845 41.9449 
10.0872 43.0798 
10.0858 44.0957 
10.0047 44.9964 
10.0392 46.0635 
9.9279 46.9168 
10.0260 48.0190 
9.9618 48.9410 
10.0000 50.0000 
11.0000 1.0000 
11.0635 1.9873 
11.0391 2.9016 
10.9877 4.0985 
10.9654 5.0709 
11.0461 5.9941 
11.0224 6.9885 
10.9250 7.9217 
10.9922 8.9248 
10.9286 10.0636 
11.0130 10.9740 
11.0230 12.0397 
10.9529 13.0369 
11.0612 14.0728 
10.9208 14.9106 
10.9804 16.0861 
10.9294 16.9367 
10.9961 18.0362 
10.9200 18.9885 
10.9111 20.0863 
11.0625 20.9006 
10.9693 21.9535 
10.9717 22.9094 
10.9448 24.0033 
10.9576 24.9509 
10.9211 25.9018 
10.9718 27.0438 
11.0506 27.9956 
11.0554 28.9855 
11.0816 30.0816 
10.9983 30.9098 
10.9871 31.9581 
10.9032 32.9282 
11.0440 34.0859 
11.0840 35.0574 
11.0807 35.9842 
11.0354 36.9115 
11.0827 38.0616 
10.9143 39.0905 
11.0536 40.0610 
10.9471 41.0431 
11.0419 41.9567 
11.0110 43.0893 
10.9864 43.9488 
11.0440 45.0974 
11.0358 46.0302 
11.0576 47.0745 
10.9942 48.0735 
11.0244 49.0186 
11.0000 50.0000 
12.0000 1.0000 
11.9270 2.0496 
12.0748 3.0944 
12.0032 4.0470 
11.9450 4.9859 
12.0389 5.9378 
11.9352 7.0756 
11.9836 8.0432 
12.0362 8.9214 
11.9640 9.9855 
12.0345 10.9032 
12.0402 12.0991 
12.0158 13.0794 
11.9629 14.0193 
11.9178 14.9372 
11.9111 15.9518 
11.9935 17.0724 
12.0955 17.9612 
11.9844 18.9687 
12.0193 20.0221 
12.0445 20.9844 
12.0027 21.9861 
11.9119 22.9745 
11.9927 24.0038 
12.0875 25.0660 
12.0713 26.0866 
11.9910 26.9789 
12.0681 27.9597 
12.0877 29.0444 
12.0590 29.9379 
12.0215 30.9423 
11.9705 31.9122 
11.9592 32.9411 
12.0568 33.9813 
11.9446 35.0965 
11.9146 35.9124 
12.0726 36.9504 
12.0333 38.0798 
12.0583 38.9853 
11.9720 39.9657 
11.9201 40.9727 
11.9914 41.9873 
11.9606 42.9515 
12.0735 43.9937 
12.0535 44.9291 
12.0720 46.0038 
12.0841 47.0483 
11.9515 48.0687 
12.0334 48.9803 
12.0000 50.0000 
13.0000 1.0000 
13.0823 2.0368 
13.0309 3.0635 
13.0639 3.9012 
13.0085 4.9717 
13.0416 6.0005 
12.9592 7.0257 
13.0129 7.9300 
12.9068 9.0511 
13.0395 10.0636 
13.0380 10.9768 
12.9847 11.9890 
13.0335 12.9612 
13.0905 14.0090 
13.0695 14.9670 
12.9700 16.0172 
13.0499 17.0475 
13.0475 18.0922 
12.9990 18.9652 
13.0557 19.9635 
13.0429 21.0119 
13.0347 22.0288 
12.9527 22.9538 
13.0841 23.9619 
13.0479 25.0041 
13.0047 25.9919 
12.9954 27.0085 
13.0029 28.0997 
12.9591 29.0136 
13.0463 29.9311 
13.0333 30.9929 
13.0091 31.9167 
13.0842 32.9996 
12.9418 33.9930 
13.0268 34.9764 
12.9097 35.9296 
13.0840 37.0526 
13.0498 38.0254 
13.0962 39.0570 
13.0424 40.0648 
13.0970 41.0813 
12.9702 42.0397 
12.9097 42.9578 
13.0959 43.9877 
13.0170 44.9145 
13.0309 46.0628 
13.0525 46.9843 
12.9884 47.9635 
12.9866 49.0769 
13.0000 50.0000 
14.0000 1.0000 
13.9711 2.0366 
14.0546 2.9179 
14.0694 4.0745 
14.0364 4.9824 
14.0883 5.9479 
13.9181 7.0261 
14.0108 8.0327 
14.0626 8.9296 
14.0863 9.9021 
13.9986 10.9603 
13.9524 12.0445 
14.0527 12.9402 
13.9282 13.9362 
13.9094 15.0533 
13.9665 15.9445 
14.0670 17.0102 
14.0968 17.9517 
14.0277 18.9148 
13.9372 20.0824 
14.0007 20.9177 
13.9731 21.9137 
13.9672 22.9674 
13.9785 24.0257 
14.0579 25.0742 
13.9936 26.0712 
14.0500 27.0945 
14.0291 27.9044 
13.9014 28.9067 
14.0492 30.0699 
13.9589 31.0142 
14.0022 31.9916 
14.0514 33.0049 
14.0187 33.9997 
13.9249 35.0093 
13.9377 36.0181 
13.9646 37.0124 
14.0305 38.0348 
13.9697 39.0303 
13.9311 39.9067 
13.9042 41.0015 
13.9444 41.9383 
13.9146 42.9627 
13.9938 44.0555 
14.0417 45.0614 
13.9919 46.0405 
13.9043 46.9100 
14.0830 47.9138 
13.9588 49.0730 
14.0000 50.0000 
15.0000 1.0000 
15.0935 1.9377 
15.0335 2.9119 
14.9669 3.9891 
14.9899 4.9468 
14.9192 6.0272 
14.9100 7.0131 
14.9144 8.0906 
15.0191 8.9353 
15.0794 10.0215 
14.9319 11.0054 
14.9324 11.9393 
15.0034 12.9249 
15.0706 14.0973 
15.0093 14.9884 
15.0021 15.9574 
14.9600 16.9638 
15.0454 17.9451 
14.9352 19.0533 
15.0880 19.9659 
14.9350 20.9295 
14.9990 21.9764 
14.9777 23.0836 
14.9228 24.0844 
15.0683 24.9618 
15.0504 25.9534 
14.9465 26.9334 
14.9360 27.9001 
14.9008 29.0790 
15.0981 30.0990 
14.9066 30.9923 
14.9661 32.0838 
14.9356 32.9992 
14.9933 34.0668 
14.9850 34.9092 
14.9138 35.9906 
14.9467 36.9190 
14.9294 37.9509 
14.9045 39.0917 
14.9832 40.0435 
14.9102 40.9044 
14.9780 42.0294 
14.9507 42.9530 
14.9126 44.0740 
15.0822 44.9586 
15.0307 46.0834 
15.0528 46.9453 
15.0613 48.0385 
15.0154 49.0036 
15.0000 50.0000 
16.0000 1.0000 
15.9761 2.0422 
15.9005 3.0178 
15.9542 4.0415 
15.9856 4.9725 
16.0364 5.9764 
16.0306 6.9659 
16.0886 7.9341 
16.0081 9.0790 
16.0709 10.0268 
15.9538 11.0268 
15.9777 12.0085 
15.9915 13.0397 
16.0882 13.9609 
16.0855 15.0388 
15.9978 15.9563 
15.9873 17.0982 
16.0955 18.0921 
15.9469 18.9803 
15.9445 19.9329 
15.9633 20.9140 
16.0430 21.9963 
15.9352 22.9390 
16.0096 23.9372 
16.0504 25.0317 
16.0214 26.0686 
16.0595 27.0510 
16.0686 27.9961 
16.0414 28.9364 
16.0211 30.0709 
16.0622 30.9512 
15.9991 31.9079 
15.9259 32.9216 
15.9232 34.0384 
15.9524 34.9541 
16.0944 36.0397 
15.9557 37.0263 
16.0143 37.9356 
15.9654 38.9098 
15.9422 40.0867 
15.9608 40.9860 
16.0056 42.0820 
15.9041 43.0866 
15.9795 44.0475 
16.0329 45.0996 
15.9910 45.9560 
16.0493 46.9264 
16.0236 48.0306 
15.9195 48.9903 
16.0000 50.0000 
17.0000 1.0000 
16.9970 2.0120 
17.0064 2.9607 
17.0217 3.9569 
17.0300 5.0328 
16.9065 5.9702 
16.9356 7.0049 
17.0461 8.0978 
17.0839 8.9714 
17.0510 9.9859 
17.0034 10.9967 
16.9726 11.9751 
17.0478 12.9026 
17.0545 14.0468 
16.9838 14.9513 
16.9877 16.0309 
17.0924 16.9010 
16.9554 17.9238 
16.9618 18.9854 
16.9316 19.9171 
17.0255 21.0456 
17.0583 22.0671 
16.9903 23.0500 
17.0476 23.9645 
16.9760 24.9046 
17.0616 25.9711 
16.9193 26.9429 
16.9419 27.9716 
17.0584 28.9247 
17.0073 29.9877 
16.9930 30.9004 
17.0423 31.9031 
17.0061 33.0990 
17.0615 34.0914 
16.9044 35.0970 
17.0797 36.0326 
16.9004 37.0134 
16.9666 38.0999 
16.9062 39.0962 
16.9064 40.0065 
16.9349 41.0264 
17.0504 42.0872 
16.9170 43.0290 
16.9693 43.9934 
16.9358 45.0247 
17.0731 46.0146 
16.9147 47.0456 
17.0230 47.9330 
17.0725 49.0936 
17.0000 50.0000 
18.0000 1.0000 
17.9123 1.9790 
18.0066 2.9631 
18.0669 4.0630 
17.9095 4.9987 
18.0068 6.0992 
18.0601 7.0917 
17.9539 8.0548 
17.9536 9.0380 
17.9998 9.9227 
17.9970 10.9602 
18.0362 12.0033 
17.9993 12.9856 
18.0271 14.0485 
18.0975 14.9166 
17.9595 15.9510 
18.0942 17.0603 
17.9684 17.9616 
17.9767 18.9134 
17.9038 19.9374 
17.9855 21.0269 
17.9584 22.0753 
17.9284 23.0751 
18.0526 24.0117 
18.0056 24.9760 
18.0869 25.9710 
17.9435 27.0862 
17.9913 27.9019 
18.0959 29.0841 
17.9778 29.9708 
17.9330 31.0416 
17.9099 31.9964 
18.0347 32.9885 
18.0658 33.9241 
18.0198 34.9332 
17.9234 36.0273 
17.9210 36.9023 
18.0133 38.0775 
17.9036 38.9494 
18.0860 39.9864 
18.0000 40.9592 
18.0075 42.0563 
17.9847 43.0317 
17.9828 43.9489 
17.9916 44.9362 
18.0487 46.0172 
17.9764 46.9818 
18.0204 47.9540 
17.9589 48.9223 
18.0000 50.0000 
19.0000 1.0000 
18.9064 2.0960 
19.0512 3.0914 
19.0725 3.9188 
18.9114 4.9898 
18.9255 6.0907 
18.9686 6.9565 
19.0190 8.0449 
18.9096 8.9937 
18.9242 9.9587 
18.9887 10.9690 
19.0964 11.9677 
18.9811 12.9967 
18.9100 14.0266 
18.9665 15.0763 
18.9059 15.9159 
18.9923 17.0985 
18.9581 18.0659 
19.0060 18.9972 
19.0568 20.0711 
18.9226 21.0648 
18.9981 21.9672 
19.0779 23.0576 
18.9822 23.9145 
19.0159 24.9828 
18.9726 26.0921 
18.9734 27.0365 
18.9684 28.0905 
19.0081 28.9130 
18.9483 29.9894 
18.9672 30.9950 
18.9956 31.9859 
18.9483 32.9402 
18.9662 33.9099 
19.0431 34.9671 
19.0777 35.9318 
19.0737 36.9345 
18.9623 38.0673 
19.0982 39.0280 
18.9255 39.9053 
18.9134 41.0463 
19.0146 42.0392 
18.9281 43.0549 
18.9136 43.9790 
18.9286 45.0042 
19.0324 45.9718 
18.9668 47.0114 
18.9272 47.9850 
18.9548 49.0177 
19.0000 50.0000 
20.0000 1.0000 
20.0831 2.0884 
19.9064 2.9298 
19.9775 4.0197 
20.0432 4.9164 
20.0379 5.9586 
20.0246 6.9696 
19.9214 7.9188 
19.9455 9.0337 
20.0473 9.9551 
19.9801 10.9196 
20.0873 11.9441 
19.9661 12.9299 
20.0531 14.0791 
19.9341 15.0267 
19.9422 16.0897 
20.0400 16.9431 
20.0678 18.0886 
19.9093 18.9851 
20.0148 20.0031 
20.0499 21.0936 
19.9948 21.9425 
20.0849 23.0796 
20.0623 24.0684 
20.0303 25.0028 
19.9481 25.9065 
19.9090 27.0692 
20.0291 28.0988 
20.0891 29.0785 
20.0526 30.0297 
19.9812 31.0096 
19.9323 32.0229 
20.0420 33.0725 
20.0021 33.9577 
19.9874 35.0678 
19.9277 35.9254 
20.0895 36.9784 
20.0677 38.0982 
19.9277 39.0494 
19.9994 39.9159 
19.9851 40.9174 
20.0787 41.9269 
20.0652 42.9156 
20.0002 44.0301 
19.9162 44.9912 
19.9094 45.9303 
20.0403 47.0623 
20.0155 48.0267 
20.0000 49.0187 
20.0000 50.0000 
21.0000 1.0000 
20.9504 1.9647 
21.0168 3.0353 
21.0603 3.9768 
20.9489 4.9313 
20.9296 5.9418 
21.0992 6.9553 
21.0817 8.0395 
20.9273 8.9386 
21.0147 10.0313 
20.9565 11.0211 
20.9264 11.9989 
21.0632 13.0546 
20.9821 13.9235 
20.9892 15.0758 
21.0187 15.9831 
21.0393 17.0910 
21.0905 18.0473 
21.0617 18.9461 
20.9651 20.0896 
20.9149 21.0186 
20.9811 21.9408 
20.9964 23.0047 
20.9905 24.0556 
21.0405 25.0110 
21.0769 26.0825 
21.0214 26.9421 
20.9762 27.9923 
20.9993 28.9677 
20.9138 30.0221 
20.9725 30.9248 
20.9006 32.0188 
21.0563 32.9541 
20.9670 33.9885 
21.0752 34.9387 
21.0707 35.9385 
21.0802 37.0015 
20.9481 38.0159 
21.0561 38.9108 
20.9708 40.0782 
21.0179 41.0372 
21.0794 41.9222 
20.9628 43.0411 
21.0485 43.9847 
20.9990 44.9559 
20.9387 46.0731 
20.9097 46.9349 
20.9797 48.0065 
20.9498 49.0661 
21.0000 50.0000 
22.0000 1.0000 
22.0606 2.0328 
22.0758 3.0364 
22.0804 4.0539 
21.9554 5.0488 
22.0309 6.0114 
22.0783 7.0941 
22.0373 7.9730 
22.0286 9.0474 
22.0431 9.9911 
22.0168 10.9566 
22.0238 11.9346 
21.9613 12.9031 
21.9816 13.9447 
22.0372 14.9969 
22.0031 15.9102 
21.9177 17.0247 
21.9896 18.0160 
21.9208 19.0994 
21.9526 19.9960 
22.0303 21.0549 
22.0000 22.0557 
22.0644 23.0901 
22.0065 23.9817 
21.9252 25.0907 
21.9926 25.9800 
22.0442 26.9805 
21.9856 27.9816 
22.0177 28.9052 
22.0410 29.9365 
22.0289 30.9009 
22.0575 31.9445 
22.0580 32.9869 
21.9041 34.0530 
22.0619 35.0761 
22.0975 35.9459 
21.9494 36.9566 
21.9113 38.0168 
21.9482 38.9284 
21.9278 39.9177 
22.0940 40.9213 
22.0812 41.9878 
21.9209 43.0600 
22.0273 43.9255 
22.0793 44.9172 
21.9597 46.0421 
21.9221 46.9277 
21.9405 47.9517 
22.0114 49.0134 
22.0000 50.0000 
23.0000 1.0000 
22.9186 1.9006 
22.9652 3.0446 
22.9432 3.9134 
22.9376 4.9031 
22.9512 6.0128 
22.9337 6.9254 
22.9982 8.0182 
23.0177 8.9545 
23.0859 9.9840 
22.9438 11.0399 
22.9772 12.0842 
22.9488 13.0828 
23.0634 13.9628 
22.9396 15.0208 
22.9228 16.0531 
23.0752 17.0338 
22.9144 18.0034 
23.0421 18.9885 
22.9170 20.0110 
23.0922 21.0534 
22.9147 22.0181 
22.9246 23.0839 
22.9001 23.9097 
22.9856 25.0538 
23.0711 26.0673 
23.0795 26.9481 
23.0674 27.9212 
22.9764 28.9635 
23.0288 29.9544 
23.0527 31.0083 
23.0552 31.9572 
22.9696 32.9195 
23.0047 34.0129 
22.9891 35.0189 
23.0787 36.0383 
23.0327 36.9430 
22.9805 37.9107 
23.0230 38.9162 
22.9405 39.9894 
23.0471 41.0054 
23.0111 41.9253 
22.9776 43.0198 
23.0592 43.9086 
23.0694 44.9557 
22.9435 46.0114 
23.0925 47.0996 
23.0911 48.0527 
23.0382 49.0945 
23.0000 50.0000 
24.0000 1.0000 
23.9955 2.0993 
23.9786 3.0213 
24.0242 4.0565 
24.0463 5.0764 
24.0621 6.0278 
24.0666 6.9090 
24.0692 7.9001 
23.9678 8.9346 
24.0632 10.0682 
24.0878 10.9792 
24.0368 12.0025 
23.9681 12.9100 
23.9007 13.9419 
24.0976 15.0152 
24.0517 15.9789 
23.9846 17.0774 
23.9076 17.9246 
24.0135 19.0163 
23.9489 19.9825 
23.9703 20.9527 
23.9854 22.0469 
23.9403 23.0423 
24.0808 23.9542 
24.0007 24.9593 
23.9778 26.0823 
23.9605 26.9393 
24.0571 27.9620 
23.9628 29.0519 
24.0427 30.0405 
23.9664 30.9762 
23.9201 32.0602 
24.0003 33.0196 
24.0077 33.9907 
23.9830 34.9321 
24.0776 35.9808 
24.0592 37.0120 
23.9024 37.9888 
24.0431 38.9822 
24.0321 39.9673 
24.0795 40.9643 
23.9626 41.9174 
24.0217 42.9595 
24.0035 43.9233 
23.9485 44.9672 
24.0952 45.9231 
23.9157 47.0482 
23.9716 48.0515 
23.9666 49.0170 
24.0000 50.0000 
25.0000 1.0000 
25.0512 1.9688 
24.9814 3.0252 
25.0018 3.9661 
24.9077 5.0122 
25.0839 5.9189 
25.0994 6.9672 
25.0237 8.0053 
25.0820 9.0704 
25.0483 10.0859 
25.0387 10.9052 
25.0078 12.0335 
24.9278 12.9143 
25.0558 13.9826 
25.0017 14.9835 
25.0243 15.9320 
24.9644 16.9880 
24.9082 18.0716 
24.9278 19.0163 
24.9705 20.0769 
24.9625 20.9462 
24.9959 22.0596 
24.9996 23.0039 
24.9821 24.0157 
25.0653 24.9321 
25.0830 26.0452 
25.0258 26.9261 
25.0474 28.0204 
24.9050 28.9240 
24.9641 29.9660 
24.9013 30.9413 
24.9150 32.0130 
24.9921 32.9916 
24.9293 34.0841 
25.0051 34.9849 
24.9105 36.0160 
25.0963 37.0763 
24.9794 37.9049 
25.0802 38.9863 
24.9276 40.0997 
25.0587 41.0494 
24.9118 41.9153 
24.9324 43.0520 
25.0618 44.0361 
25.0350 45.0266 
25.0606 46.0219 
24.9308 46.9883 
24.9549 47.9071 
25.0598 48.9665 
25.0000 50.0000 
26.0000 1.0000 
26.0849 1.9089 
26.0359 3.0628 
26.0309 4.0077 
26.0415 4.9255 
26.0294 5.9727 
25.9020 6.9736 
26.0575 7.9703 
25.9499 9.0820 
26.0858 10.0032 
25.9262 10.9700 
25.9723 12.0851 
25.9999 13.0419 
26.0667 13.9602 
26.0500 15.0708 
26.0876 16.0466 
25.9711 17.0264 
25.9359 18.0126 
26.0634 19.0976 
26.0977 20.0621 
25.9493 20.9853 
25.9337 21.9668 
26.0695 23.0306 
26.0102 23.9768 
26.0972 25.0169 
26.0576 25.9428 
26.0803 27.0498 
26.0195 28.0418 
26.0219 28.9493 
25.9549 30.0339 
26.0936 30.9745 
25.9694 32.0853 
25.9947 33.0693 
26.0429 33.9840 
26.0860 35.0960 
26.0031 35.9789 
25.9199 36.9841 
26.0215 37.9468 
26.0978 39.0605 
25.9828 39.9173 
26.0697 40.9566 
26.0265 41.9452 
25.9787 42.9803 
25.9509 43.9348 
25.9539 45.0607 
26.0188 45.9473 
26.0113 46.9586 
26.0641 47.9465 
26.0221 48.9120 
26.0000 50.0000 
27.0000 1.0000 
26.9840 1.9944 
27.0316 2.9429 
26.9660 4.0158 
26.9476 5.1000 
27.0333 5.9391 
27.0973 7.0191 
26.9906 8.0556 
26.9169 9.0109 
27.0444 10.0775 
27.0473 10.9906 
26.9772 11.9105 
27.0029 13.0977 
26.9829 14.0846 
27.0879 14.9019 
26.9911 15.9637 
27.0054 16.9192 
26.9293 18.0983 
27.0189 19.0697 
27.0575 19.9170 
27.0214 20.9645 
27.0880 21.9296 
27.0279 22.9099 
27.0644 23.9820 
26.9615 25.0481 
26.9412 26.0885 
26.9532 26.9506 
26.9481 28.0239 
26.9316 28.9534 
26.9084 29.9904 
27.0511 31.0759 
27.0557 32.0273 
27.0424 33.0121 
26.9579 33.9284 
27.0762 34.9651 
26.9526 36.0565 
27.0125 37.0571 
27.0110 38.0067 
27.0866 38.9015 
27.0387 39.9898 
27.0544 41.0771 
26.9118 42.0889 
27.0061 42.9816 
26.9390 43.9931 
26.9643 44.9185 
26.9524 46.0408 
27.0151 46.9799 
27.0061 47.9851 
27.0966 49.0296 
27.0000 50.0000 
28.0000 1.0000 
28.0009 1.9637 
27.9179 2.9729 
27.9557 4.0660 
27.9145 5.0494 
27.9415 5.9072 
27.9854 6.9063 
28.0622 8.0616 
27.9592 8.9657 
28.0853 10.0264 
27.9956 10.9116 
28.0335 11.9305 
28.0642 13.0734 
28.0639 13.9805 
28.0522 14.9681 
28.0931 15.9222 
27.9300 16.9252 
28.0518 18.0716 
27.9889 19.0001 
28.0491 20.0018 
27.9881 20.9608 
27.9992 21.9416 
27.9421 22.9759 
27.9243 23.9814 
27.9705 24.9844 
27.9496 25.9825 
27.9231 27.0162 
27.9212 28.0797 
27.9640 29.0665 
28.0735 30.0152 
27.9160 31.0727 
28.0194 32.0208 
28.0401 33.0102 
27.9813 33.9732 
27.9421 34.9882 
27.9493 35.9389 
27.9803 36.9515 
28.0897 38.0247 
28.0300 39.0417 
27.9211 39.9674 
28.0180 41.0391 
28.0417 42.0803 
27.9104 42.9399 
28.0130 44.0576 
27.9195 44.9032 
27.9110 45.9612 
27.9530 47.0484 
27.9279 47.9058 
28.0424 48.9966 
28.0000 50.0000 
29.0000 1.0000 
28.9390 1.9768 
29.0751 3.0547 
29.0818 4.0976 
29.0507 5.0829 
28.9236 6.0161 
28.9648 7.0030 
29.0711 7.9153 
28.9147 8.9118 
29.0394 9.9029 
28.9711 10.9944 
29.0011 11.9926 
28.9793 12.9433 
29.0721 14.0016 
28.9019 15.0987 
29.0931 16.0362 
29.0596 17.0477 
28.9823 17.9611 
28.9277 18.9833 
28.9990 19.9288 
28.9001 20.9095 
28.9470 21.9236 
28.9788 22.9273 
29.0894 24.0815 
29.0855 24.9625 
29.0970 26.0585 
29.0486 27.0244 
29.0924 28.0338 
29.0939 29.0655 
28.9437 30.0497 
28.9181 31.0996 
28.9815 31.9320 
29.0329 33.0180 
28.9445 34.0718 
29.0148 34.9211 
28.9786 36.0658 
29.0811 36.9984 
28.9847 37.9451 
28.9545 39.0068 
29.0409 39.9119 
29.0328 41.0559 
28.9732 41.9743 
28.9736 43.0440 
28.9903 43.9984 
28.9481 44.9744 
28.9200 46.0694 
28.9474 46.9993 
28.9345 48.0359 
29.0332 49.0389 
29.0000 50.0000 
30.0000 1.0000 
29.9190 1.9800 
29.9371 3.0363 
29.9147 4.0178 
30.0410 5.0024 
29.9060 6.0284 
29.9737 7.0170 
29.9917 8.0393 
30.0094 8.9612 
30.0360 10.0218 
30.0001 11.0163 
30.0103 11.9041 
29.9378 13.0208 
29.9652 13.9535 
30.0251 15.0539 
29.9311 15.9449 
29.9178 17.0098 
29.9763 18.0862 
29.9356 18.9564 
29.9273 19.9751 
30.0232 20.9126 
29.9699 22.0120 
29.9190 22.9834 
30.0535 24.0701 
30.0998 25.0778 
29.9502 25.9590 
29.9389 26.9557 
29.9050 27.9919 
30.0814 28.9478 
30.0657 29.9814 
30.0441 31.0228 
29.9868 32.0812 
29.9171 32.9358 
30.0966 34.0295 
29.9776 34.9995 
30.0136 35.9331 
29.9043 36.9461 
29.9338 37.9261 
30.0935 38.9801 
29.9265 40.0790 
30.0012 41.0562 
29.9206 41.9632 
29.9675 42.9876 
30.0369 43.9244 
29.9729 45.0786 
29.9547 45.9895 
29.9236 46.9736 
29.9435 48.0077 
29.9527 48.9979 
30.0000 50.0000 
31.0000 1.0000 
31.0893 2.0359 
30.9480 2.9225 
31.0307 3.9605 
31.0848 4.9954 
31.0268 6.0023 
31.0979 7.0985 
31.0176 8.0374 
30.9087 8.9400 
30.9303 10.0445 
31.0221 11.0619 
30.9145 11.9494 
31.0466 12.9510 
30.9986 13.9547 
30.9791 14.9425 
30.9681 16.0286 
30.9102 17.0189 
30.9644 18.0227 
30.9244 18.9017 
31.0364 19.9105 
30.9114 21.0393 
31.0925 22.0829 
30.9868 22.9335 
31.0024 23.9477 
31.0544 25.0737 
30.9061 26.0257 
30.9252 26.9730 
31.0983 28.0544 
31.0217 28.9285 
30.9364 30.0397 
30.9276 30.9641 
30.9227 31.9091 
31.0594 33.0113 
30.9893 34.0538 
30.9287 35.0845 
30.9152 35.9964 
31.0477 36.9654 
31.0485 37.9410 
31.0066 38.9667 
30.9889 40.0738 
30.9704 40.9671 
30.9451 41.9768 
30.9366 43.0803 
30.9919 43.9062 
31.0304 44.9250 
30.9725 45.9503 
30.9406 46.9446 
30.9146 48.0848 
30.9717 49.0525 
31.0000 50.0000 
32.0000 1.0000 
32.0832 1.9181 
31.9460 3.0957 
31.9293 4.0148 
31.9155 5.0980 
32.0533 5.9626 
32.0060 7.0386 
32.0034 8.0311 
32.0760 8.9578 
32.0285 10.0305 
32.0102 11.0815 
31.9092 12.0108 
31.9701 12.9697 
32.0004 13.9108 
32.0665 15.0166 
32.0391 16.0966 
32.0759 17.0543 
32.0794 17.9905 
31.9296 19.0528 
31.9357 19.9416 
31.9257 21.0274 
32.0724 22.0080 
32.0911 23.0703 
31.9841 24.0576 
31.9598 24.9915 
32.0871 26.0738 
31.9409 26.9632 
32.0984 27.9725 
32.0621 29.0595 
32.0952 30.0850 
31.9749 31.0295 
32.0779 31.9141 
32.0795 33.0539 
32.0286 33.9826 
32.0967 35.0852 
32.0988 35.9943 
31.9426 36.9977 
32.0819 38.0785 
31.9823 39.0451 
31.9709 39.9211 
31.9421 41.0448 
31.9909 41.9121 
31.9582 42.9709 
31.9923 43.9138 
31.9966 45.0066 
31.9786 46.0586 
32.0014 47.0920 
31.9222 48.0258 
31.9867 48.9815 
32.0000 50.0000 
33.0000 1.0000 
33.0455 2.0270 
33.0729 3.0659 
33.0849 4.0717 
32.9777 4.9867 
32.9928 5.9199 
33.0891 6.9281 
33.0354 7.9703 
32.9560 9.0678 
33.0749 9.9023 
32.9081 10.9844 
33.0379 11.9767 
32.9588 12.9719 
33.0096 14.0603 
32.9116 14.9130 
33.0026 15.9295 
32.9720 16.9940 
33.0999 17.9033 
32.9118 18.9231 
33.0630 20.0460 
32.9949 21.0465 
32.9546 21.9637 
33.0619 23.0537 
32.9168 23.9564 
33.0105 25.0805 
32.9115 25.9490 
32.9671 26.9142 
32.9054 28.0596 
33.0212 28.9442 
32.9575 30.0141 
32.9789 31.0284 
33.0283 31.9618 
32.9398 33.0555 
33.0096 33.9498 
33.0832 35.0111 
33.0085 35.9946 
32.9649 36.9664 
33.0867 38.0002 
32.9654 39.0686 
33.0523 40.0877 
33.0836 40.9854 
33.0050 42.0196 
32.9356 43.0912 
33.0675 43.9822 
33.0567 45.0261 
32.9709 45.9562 
33.0388 46.9055 
32.9858 48.0097 
33.0856 49.0338 
33.0000 50.0000 
34.0000 1.0000 
33.9710 1.9350 
33.9805 3.0558 
33.9486 4.0856 
34.0158 5.0651 
33.9163 5.9102 
33.9972 6.9379 
34.0713 8.0643 
33.9324 8.9876 
33.9221 9.9309 
34.0159 11.0732 
33.9984 12.0391 
33.9748 13.0583 
33.9396 14.0790 
34.0112 14.9740 
33.9558 16.0599 
34.0144 16.9781 
33.9081 18.0741 
34.0983 19.0484 
33.9598 20.0769 
33.9568 21.0732 
34.0196 22.0566 
33.9303 23.0044 
33.9279 24.0354 
34.0043 25.0171 
34.0885 25.9655 
34.0270 27.0112 
34.0473 28.0367 
34.0167 29.0000 
34.0038 30.0983 
33.9361 30.9685 
34.0594 31.9934 
33.9577 33.0047 
34.0646 33.9860 
34.0741 35.0840 
33.9261 35.9369 
33.9369 37.0406 
33.9245 37.9203 
34.0593 39.0037 
33.9191 39.9850 
34.0249 41.0958 
34.0998 42.0533 
34.0044 43.0647 
34.0355 43.9462 
34.0528 44.9154 
33.9608 46.0567 
33.9210 46.9975 
33.9572 47.9111 
34.0042 49.0233 
34.0000 50.0000 
35.0000 1.0000 
35.0624 2.0814 
34.9264 3.0009 
35.0252 4.0023 
34.9007 4.9388 
34.9571 5.9043 
35.0162 7.0232 
34.9304 8.0579 
34.9123 8.9753 
34.9581 9.9339 
35.0223 10.9344 
35.0627 11.9723 
35.0664 12.9075 
35.0773 13.9670 
34.9826 14.9364 
34.9714 16.0213 
35.0348 17.0965 
35.0229 17.9092 
35.0599 19.0843 
34.9377 19.9122 
35.0480 20.9406 
35.0833 22.0070 
34.9987 23.0793 
34.9251 23.9765 
34.9748 24.9951 
34.9082 25.9990 
34.9879 26.9080 
35.0307 27.9105 
34.9344 29.0536 
35.0076 30.0565 
35.0841 30.9614 
35.0953 31.9322 
35.0722 32.9580 
34.9805 34.0437 
35.0476 35.0221 
35.0106 36.0612 
34.9001 37.0506 
34.9224 38.0572 
35.0280 38.9809 
35.0871 40.0850 
34.9399 40.9653 
35.0291 41.9901 
35.0121 42.9568 
34.9473 44.0536 
35.0031 44.9807 
35.0925 46.0141 
34.9629 47.0247 
34.9728 47.9551 
34.9814 49.0107 
35.0000 50.0000 
36.0000 1.0000 
36.0802 1.9127 
35.9813 2.9964 
35.9513 4.0642 
35.9538 4.9526 
36.0042 6.0378 
36.0233 7.0917 
35.9524 7.9642 
35.9808 8.9222 
35.9359 10.0877 
35.9683 11.0619 
36.0108 11.9442 
35.9732 12.9195 
36.0587 14.0922 
36.0610 14.9463 
35.9533 16.0945 
35.9465 17.0822 
36.0613 18.0695 
35.9518 18.9425 
36.0100 20.0828 
35.9947 20.9681 
36.0227 21.9948 
36.0264 22.9195 
36.0838 23.9867 
36.0895 24.9409 
35.9118 26.0659 
36.0296 26.9782 
35.9772 27.9644 
35.9015 28.9035 
35.9190 29.9090 
35.9655 30.9860 
36.0313 32.0716 
35.9005 33.0853 
36.0715 34.0717 
36.0338 34.9078 
35.9918 36.0772 
36.0753 37.0571 
35.9190 38.0892 
36.0942 38.9294 
35.9892 40.0995 
35.9689 41.0349 
35.9272 42.0631 
36.0700 43.0193 
36.0563 43.9257 
35.9103 45.0050 
35.9420 46.0744 
36.0024 46.9275 
35.9128 48.0663 
35.9099 49.0980 
36.0000 50.0000 
37.0000 1.0000 
36.9055 1.9684 
37.0970 3.0937 
37.0133 4.0917 
37.0165 5.0992 
37.0212 6.0479 
36.9748 6.9131 
36.9718 8.0213 
37.0128 8.9832 
36.9402 9.9568 
36.9288 11.0611 
36.9229 11.9180 
36.9165 13.0485 
37.0234 13.9861 
37.0438 15.0558 
37.0574 16.0535 
36.9854 17.0734 
37.0718 18.0076 
36.9041 19.0848 
37.0891 20.0707 
36.9952 21.0731 
36.9945 21.9220 
37.0506 23.0818 
36.9219 24.0704 
37.0578 24.9063 
37.0294 26.0846 
36.9568 27.0924 
36.9314 28.0655 
36.9181 29.0654 
36.9574 29.9176 
36.9866 30.9919 
36.9639 31.9559 
37.0210 32.9988 
37.0908 34.0753 
36.9869 35.0078 
37.0649 35.9758 
37.0130 36.9335 
36.9111 38.0185 
37.0887 38.9069 
37.0407 40.0027 
37.0187 40.9111 
37.0651 41.9423 
36.9695 42.9447 
37.0873 44.0922 
37.0659 44.9357 
37.0448 45.9820 
36.9859 47.0858 
36.9825 48.0322 
36.9793 48.9887 
37.0000 50.0000 
38.0000 1.0000 
37.9035 2.0296 
37.9279 3.0393 
37.9913 3.9790 
37.9670 4.9955 
37.9377 6.0457 
38.0061 6.9690 
38.0200 7.9235 
38.0194 9.0561 
38.0018 10.0341 
38.0993 11.0528 
37.9322 11.9445 
38.0228 12.9688 
38.0241 14.0308 
38.0053 15.0268 
37.9485 16.0968 
38.0567 17.0603 
37.9576 17.9021 
37.9794 19.0837 
37.9981 19.9987 
37.9200 21.0520 
37.9867 22.0489 
37.9545 22.9012 
37.9642 23.9764 
38.0561 25.0739 
38.0414 26.0389 
37.9940 26.9428 
38.0228 27.9096 
37.9968 29.0940 
38.0818 30.0733 
37.9038 30.9908 
38.0423 32.0886 
37.9776 32.9585 
37.9615 33.9315 
38.0121 34.9210 
37.9409 35.9934 
38.0620 36.9963 
37.9997 38.0297 
38.0462 38.9615 
37.9435 39.9170 
38.0170 41.0263 
37.9982 41.9176 
38.0255 42.9483 
38.0899 44.0437 
38.0709 45.0579 
38.0015 46.0734 
38.0653 46.9050 
37.9037 47.9471 
38.0355 48.9045 
38.0000 50.0000 
39.0000 1.0000 
38.9580 1.9755 
39.0107 2.9693 
38.9510 4.0845 
39.0685 4.9415 
39.0565 6.0574 
39.0037 6.9064 
38.9629 8.0867 
38.9673 8.9665 
38.9666 9.9075 
39.0663 11.0615 
38.9023 11.9229 
38.9164 12.9776 
38.9920 13.9583 
38.9459 14.9814 
38.9080 16.0200 
39.0952 16.9141 
38.9327 18.0179 
39.0036 19.0331 
39.0372 19.9219 
38.9094 20.9984 
38.9971 21.9818 
39.0790 23.0724 
38.9458 24.0786 
39.0481 24.9099 
38.9247 25.9652 
38.9629 26.9699 
38.9694 27.9312 
39.0955 29.0413 
39.0499 30.0775 
38.9339 30.9198 
38.9438 31.9309 
39.0041 33.0922 
38.9838 34.0689 
38.9173 35.0362 
39.0721 36.0572 
39.0651 36.9694 
39.0879 38.0078 
38.9069 38.9663 
39.0324 39.9933 
39.0885 41.0757 
38.9186 41.9865 
39.0237 42.9304 
38.9622 43.9288 
39.0964 44.9764 
38.9425 45.9973 
38.9257 46.9018 
39.0810 47.9479 
39.0211 48.9115 
39.0000 50.0000 
40.0000 1.0000 
39.9556 1.9510 
40.0566 3.0211 
40.0926 4.0729 
40.0488 4.9325 
40.0806 5.9244 
40.0269 7.0718 
40.0705 8.0074 
39.9277 8.9085 
40.0494 10.0847 
40.0354 11.0361 
39.9016 12.0102 
40.0639 12.9582 
40.0078 14.0801 
40.0279 14.9884 
40.0729 16.0243 
39.9705 17.0247 
40.0008 17.9768 
39.9558 19.0378 
40.0609 20.0227 
39.9048 20.9376 
39.9594 22.0533 
39.9665 23.0350 
39.9638 23.9818 
39.9574 24.9023 
40.0682 26.0345 
39.9173 27.0654 
39.9244 28.0974 
39.9465 29.0919 
40.0347 29.9165 
40.0135 30.9880 
39.9731 32.0082 
40.0114 32.9498 
39.9864 33.9854 
40.0500 34.9825 
40.0061 35.9095 
40.0535 36.9443 
40.0015 38.0402 
40.0311 39.0843 
40.0713 39.9140 
39.9213 41.0391 
40.0183 42.0514 
40.0813 42.9362 
39.9350 44.0033 
39.9087 44.9909 
39.9898 46.0009 
39.9513 46.9561 
40.0651 47.9456 
39.9437 49.0572 
40.0000 50.0000 
41.0000 1.0000 
40.9641 2.0738 
40.9271 2.9667 
40.9021 3.9735 
40.9816 5.0873 
40.9993 6.0087 
41.0639 7.0551 
41.0675 8.0005 
41.0057 9.0173 
40.9055 9.9050 
40.9753 11.0218 
41.0796 11.9127 
41.0666 12.9134 
40.9069 14.0551 
41.0215 15.0116 
40.9368 15.9490 
41.0444 16.9349 
41.0598 18.0934 
41.0114 19.0508 
41.0098 20.0513 
40.9857 21.0435 
40.9666 21.9424 
41.0889 22.9216 
40.9648 24.0137 
41.0363 25.0959 
41.0589 26.0398 
40.9200 27.0488 
41.0489 28.0811 
41.0077 28.9614 
40.9417 29.9187 
40.9034 31.0991 
41.0955 31.9204 
40.9032 32.9134 
41.0548 33.9198 
41.0073 34.9752 
40.9791 35.9703 
41.0379 37.0098 
41.0155 37.9009 
41.0468 39.0518 
40.9586 39.9959 
40.9201 41.0472 
40.9356 41.9903 
41.0557 43.0965 
40.9289 44.0856 
41.0149 45.0272 
40.9083 45.9989 
40.9081 47.0587 
41.0629 48.0409 
41.0899 48.9469 
41.0000 50.0000 
42.0000 1.0000 
42.0448 2.0450 
42.0172 3.0050 
41.9080 3.9919 
42.0277 4.9082 
42.0168 6.0696 
42.0950 7.0181 
42.0361 8.0495 
42.0680 8.9108 
41.9670 10.0085 
41.9372 11.0767 
41.9476 12.0576 
42.0910 13.0398 
42.0297 14.0996 
42.0192 14.9953 
42.0240 16.0191 
42.0125 16.9570 
42.0204 17.9673 
41.9830 19.0337 
41.9288 19.9285 
42.0950 20.9251 
42.0504 21.9033 
42.0668 23.0965 
41.9820 23.9026 
42.0247 24.9348 
42.0953 25.9672 
42.0136 26.9211 
42.0222 28.0888 
41.9737 28.9656 
41.9692 30.0159 
41.9235 31.0166 
42.0910 31.9218 
41.9254 33.0739 
42.0928 34.0142 
41.9446 34.9058 
42.0313 35.9651 
42.0049 37.0505 
41.9611 37.9484 
41.9999 38.9431 
42.0979 40.0132 
42.0542 41.0585 
41.9636 41.9261 
41.9266 42.9540 
42.0868 43.9232 
41.9332 44.9987 
41.9087 46.0672 
41.9448 47.0178 
42.0818 47.9945 
41.9902 48.9701 
42.0000 50.0000 
43.0000 1.0000 
42.9512 1.9810 
42.9960 3.0638 
42.9486 3.9320 
43.0277 4.9251 
42.9678 5.9973 
42.9121 6.9426 
42.9931 8.0385 
42.9005 9.0419 
42.9038 10.0237 
43.0153 11.0898 
42.9718 12.0032 
43.0893 13.0685 
43.0064 14.0241 
43.0860 15.0139 
42.9754 15.9294 
42.9603 17.0809 
43.0129 18.0144 
43.0845 19.0273 
43.0802 19.9088 
43.0417 21.0833 
42.9832 21.9756 
43.0618 23.0617 
43.0455 23.9539 
42.9314 25.0657 
43.0408 26.0854 
43.0534 26.9787 
42.9335 27.9861 
42.9851 29.0181 
43.0253 29.9414 
42.9454 30.9090 
43.0496 31.9351 
43.0860 33.0578 
43.0945 33.9814 
43.0005 35.0697 
42.9049 35.9965 
42.9527 36.9835 
43.0339 38.0539 
43.0103 39.0448 
43.0780 39.9877 
43.0264 40.9388 
43.0823 42.0093 
43.0724 42.9988 
42.9547 44.0053 
42.9414 44.9811 
43.0926 46.0890 
42.9798 47.0061 
42.9987 48.0387 
43.0759 49.0796 
43.0000 50.0000 
44.0000 1.0000 
44.0650 2.0895 
43.9740 3.0765 
44.0181 3.9672 
43.9876 5.0953 
43.9879 5.9841 
43.9397 6.9215 
43.9336 7.9234 
43.9931 8.9983 
44.0293 9.9384 
43.9862 10.9143 
43.9242 11.9772 
44.0735 13.0919 
43.9702 14.0639 
44.0380 14.9183 
44.0280 16.0496 
44.0220 16.9327 
44.0101 17.9819 
44.0479 19.0186 
43.9791 19.9406 
44.0957 20.9131 
43.9529 22.0068 
44.0857 22.9810 
44.0240 23.9077 
44.0438 25.0261 
44.0499 26.0164 
44.0663 27.0955 
43.9435 28.0572 
43.9853 28.9646 
44.0711 29.9159 
43.9146 31.0679 
43.9373 31.9988 
44.0383 33.0988 
44.0954 34.0517 
44.0852 35.0708 
43.9278 35.9284 
44.0957 37.0491 
43.9677 37.9045 
43.9848 39.0780 
44.0962 39.9437 
43.9241 41.0394 
44.0761 42.0785 
43.9676 42.9346 
43.9470 44.0142 
43.9638 44.9511 
44.0728 45.9009 
44.0867 47.0434 
44.0304 47.9606 
44.0216 48.9833 
44.0000 50.0000 
45.0000 1.0000 
45.0187 1.9785 
44.9137 2.9682 
44.9975 3.9097 
45.0342 4.9455 
45.0427 5.9758 
45.0706 7.0241 
45.0846 8.0655 
44.9121 8.9002 
45.0574 10.0234 
45.0989 11.0314 
45.0229 11.9781 
44.9108 12.9124 
44.9041 14.0849 
45.0748 15.0037 
45.0228 15.9895 
45.0358 17.0245 
45.0916 18.0454 
44.9386 18.9336 
44.9645 19.9776 
45.0424 20.9729 
44.9424 22.0837 
45.0413 23.0992 
44.9858 23.9005 
44.9985 24.9703 
45.0379 25.9922 
45.0000 26.9500 
44.9466 27.9091 
44.9377 29.0204 
44.9101 30.0900 
45.0448 30.9116 
45.0695 31.9272 
45.0313 33.0381 
44.9317 33.9602 
44.9572 34.9491 
44.9167 36.0692 
45.0792 36.9293 
44.9218 37.9020 
45.0023 39.0808 
45.0205 39.9249 
44.9369 41.0353 
45.0865 42.0745 
45.0425 42.9988 
45.0965 43.9874 
44.9824 45.0012 
45.0542 45.9702 
44.9976 47.0856 
45.0494 48.0043 
44.9617 49.0000 
45.0000 50.0000 
46.0000 1.0000 
45.9914 2.0046 
45.9670 3.0047 
45.9351 3.9093 
45.9122 4.9350 
45.9372 5.9427 
46.0718 6.9309 
46.0729 7.9396 
45.9840 9.0722 
46.0243 9.9421 
46.0075 10.9305 
45.9323 12.0005 
46.0051 12.9412 
45.9687 13.9914 
46.0202 15.0349 
46.0467 16.0391 
46.0110 16.9406 
45.9358 18.0240 
46.0786 18.9154 
46.0223 20.0629 
46.0433 20.9320 
46.0419 21.9554 
46.0977 23.0149 
45.9367 23.9707 
46.0208 25.0063 
46.0507 26.0961 
46.0306 27.0908 
46.0341 27.9997 
46.0904 29.0371 
45.9260 30.0098 
45.9526 30.9212 
45.9586 31.9497 
45.9189 33.0393 
45.9240 34.0954 
46.0738 35.0474 
46.0366 36.0759 
46.0129 36.9153 
46.0159 37.9227 
45.9857 38.9698 
45.9332 40.0542 
45.9294 40.9082 
46.0129 41.9973 
45.9434 42.9126 
45.9231 43.9137 
46.0481 45.0143 
46.0188 45.9964 
46.0154 46.9693 
46.0109 47.9261 
46.0339 49.0655 
46.0000 50.0000 
47.0000 1.0000 
47.0610 1.9242 
47.0471 2.9920 
46.9207 3.9295 
46.9875 4.9691 
46.9996 5.9818 
46.9965 7.0072 
47.0057 8.0519 
47.0903 8.9685 
46.9399 9.9303 
46.9602 10.9290 
46.9357 11.9682 
46.9477 13.0452 
47.0876 13.9589 
46.9911 14.9816 
46.9834 15.9326 
46.9589 16.9169 
46.9018 17.9491 
46.9667 19.0387 
47.0881 19.9146 
47.0131 20.9610 
46.9862 21.9970 
46.9619 23.0494 
47.0899 24.0596 
47.0048 25.0277 
47.0462 26.0986 
46.9121 27.0532 
47.0366 28.0103 
47.0381 29.0035 
47.0750 29.9010 
47.0523 31.0148 
47.0287 32.0909 
46.9864 33.0315 
47.0015 33.9658 
47.0338 35.0425 
47.0697 36.0859 
46.9660 37.0682 
47.0948 37.9905 
47.0619 39.0327 
46.9116 39.9950 
47.0957 41.0008 
46.9125 41.9526 
47.0550 43.0026 
47.0707 43.9068 
47.0685 44.9771 
46.9115 46.0874 
46.9495 46.9170 
46.9863 48.0303 
46.9490 48.9321 
47.0000 50.0000 
48.0000 1.0000 
47.9559 1.9506 
47.9119 2.9609 
48.0722 3.9919 
48.0162 4.9018 
48.0978 5.9609 
48.0740 6.9811 
48.0902 7.9761 
47.9921 9.0663 
47.9157 10.0829 
47.9025 10.9681 
48.0334 12.0408 
48.0770 13.0834 
47.9984 14.0454 
47.9319 14.9259 
48.0748 16.0392 
48.0780 16.9792 
48.0866 18.0584 
48.0396 19.0631 
47.9267 20.0408 
48.0372 20.9309 
47.9461 22.0833 
47.9499 22.9451 
47.9560 23.9626 
48.0958 25.0569 
47.9014 25.9406 
48.0424 26.9118 
48.0353 27.9573 
47.9901 29.0953 
47.9701 30.0005 
48.0867 31.0969 
47.9308 32.0479 
48.0453 32.9696 
48.0554 33.9768 
48.0221 35.0236 
48.0682 36.0497 
48.0619 37.0946 
48.0542 38.0311 
47.9958 39.0030 
47.9776 39.9345 
47.9449 41.0196 
47.9270 41.9511 
48.0208 42.9039 
47.9014 44.0287 
47.9740 45.0079 
48.0184 46.0222 
47.9260 46.9312 
47.9797 47.9377 
48.0289 49.0623 
48.0000 50.0000 
49.0000 1.0000 
49.0293 1.9721 
49.0403 3.0151 
48.9298 4.0882 
48.9330 5.0135 
49.0107 6.0981 
48.9724 7.0388 
49.0520 7.9607 
48.9246 8.9382 
49.0801 10.0764 
48.9715 11.0122 
49.0371 12.0590 
48.9552 13.0314 
48.9466 14.0339 
48.9034 14.9058 
48.9476 16.0251 
48.9730 16.9787 
49.0584 17.9401 
48.9973 19.0604 
48.9179 19.9334 
48.9959 21.0733 
49.0036 22.0854 
49.0535 23.0899 
48.9052 23.9801 
48.9279 25.0251 
48.9899 26.0197 
49.0433 27.0470 
49.0580 28.0566 
49.0411 28.9163 
49.0118 30.0422 
49.0831 31.0638 
49.0702 32.0320 
48.9030 33.0594 
48.9708 34.0375 
48.9826 35.0168 
48.9935 36.0818 
49.0499 36.9013 
49.0469 38.0004 
49.0420 39.0580 
49.0606 39.9473 
48.9566 41.0460 
49.0863 41.9858 
48.9319 42.9872 
48.9652 44.0895 
48.9727 44.9534 
48.9578 45.9347 
48.9885 46.9568 
48.9481 47.9090 
49.0142 48.9039 
49.0000 50.0000 
50.0000 1.0000 
50.0000 2.0000 
50.0000 3.0000 
50.0000 4.0000 
50.0000 5.0000 
50.0000 6.0000 
50.0000 7.0000 
50.0000 8.0000 
50.0000 9.0000 
50.0000 10.0000 
50.0000 11.0000 
50.0000 12.0000 
50.0000 13.0000 
50.0000 14.0000 
50.0000 15.0000 
50.0000 16.0000 
50.0000 17.0000 
50.0000 18.0000 
50.0000 19.0000 
50.0000 20.0000 
50.0000 21.0000 
50.0000 22.0000 
50.0000 23.0000 
50.0000 24.0000 
50.0000 25.0000 
50.0000 26.0000 
50.0000 27.0000 
50.0000 28.0000 
50.0000 29.0000 
50.0000 30.0000 
50.0000 31.0000 
50.0000 32.0000 
50.0000 33.0000 
50.0000 34.0000 
50.0000 35.0000 
50.0000 36.0000 
50.0000 37.0000 
50.0000 38.0000 
50.0000 39.0000 
50.0000 40.0000 
50.0000 41.0000 
50.0000 42.0000 
50.0000 43.0000 
50.0000 44.0000 
50.0000 45.0000 
50.0000 46.0000 
50.0000 47.0000 
50.0000 48.0000 
50.0000 49.0000 
50.0000 50.0000 
