   1.09174991       0.00000000    
   1.09142411       8.99081398E-03
   1.09007227       1.88943539E-02
   1.08768141       2.85993628E-02
   1.08429301       3.80030274E-02
   1.07995498       4.70078103E-02
   1.07468116       5.54980487E-02
   1.06852937       6.33761063E-02
   1.06160438       7.05841482E-02
   1.05395937       7.70227090E-02
   1.04566610       8.26017559E-02
   1.03682470       8.72631744E-02
   1.02754033       9.09658745E-02
   1.01889288       9.34479907E-02
   1.00905585       9.52202678E-02
  0.999085665       9.59321856E-02
  0.989096761       9.55750346E-02
  0.979203939       9.41470340E-02
  0.969520271       9.16712955E-02
  0.960156381       8.81744102E-02
  0.951213658       8.37098062E-02
  0.942809582       7.82989636E-02
  0.935033560       7.20188469E-02
  0.927980244       6.49366602E-02
  0.921692729       5.71660697E-02
  0.916759074       4.96429950E-02
  0.912162960       4.07670625E-02
  0.908515096       3.14606577E-02
  0.905836523       2.18306929E-02
  0.904179990       1.19733596E-02
  0.903553247       1.99740520E-03
  0.903956234      -7.99009670E-03
  0.905385733      -1.78828705E-02
  0.907838941      -2.75724940E-02
  0.911280811      -3.69569398E-02
  0.915664077      -4.59399186E-02
  0.920979559      -5.44043481E-02
  0.926513970      -6.14973567E-02
  0.933397233      -6.87451735E-02
  0.941013038      -7.52182379E-02
  0.949278235      -8.08388889E-02
  0.958103418      -8.55309665E-02
  0.967382908      -8.92460719E-02
  0.977003634      -9.19562280E-02
  0.986860037      -9.36164036E-02
  0.996837556      -9.42095220E-02
   1.00682127      -9.37261954E-02
   1.01669586      -9.21774805E-02
   1.02634883      -8.95837247E-02
   1.03476059      -8.63923207E-02
   1.04370129      -8.19236934E-02
   1.05211282      -7.65242279E-02
   1.05990064      -7.02583492E-02
   1.06698513      -6.32066131E-02
   1.07331741      -5.54721840E-02
   1.07879138      -4.71089780E-02
   1.08334291      -3.82095799E-02
   1.08695984      -2.88909078E-02
   1.08959234      -1.92483217E-02
   1.09119141      -9.38152894E-03
   1.10412169       0.00000000    
   1.10383391       8.99286103E-03
   1.10264409       1.89182181E-02
   1.10053945       2.86904424E-02
   1.09755266       3.82303298E-02
   1.09370697       4.74572517E-02
   1.08900905       5.62804863E-02
   1.08351362       6.46309555E-02
   1.07729459       7.24570602E-02
   1.07036936       7.96655789E-02
   1.06279242       8.61862376E-02
   1.05464840       9.19833854E-02
   1.04600668       9.70084295E-02
   1.03693962      0.101217337    
   1.02751780      0.104557693    
   1.01782548      0.107004710    
   1.00794661      0.108532608    
  0.997968137      0.109129846    
  0.987977624      0.108790338    
  0.978062928      0.107514210    
  0.968312740      0.105309904    
  0.958813787      0.102195330    
  0.949651957       9.81970504E-02
  0.940906107       9.33554843E-02
  0.932645619       8.77258182E-02
  0.924945951       8.13503638E-02
  0.917882860       7.42764175E-02
  0.911523044       6.65640533E-02
  0.905891716       5.83042800E-02
  0.901033461       4.95678298E-02
  0.897017598       4.04134132E-02
  0.893856347       3.09296977E-02
  0.891562939       2.11997498E-02
  0.890169501       1.13007361E-02
  0.889679253       1.31612504E-03
  0.890009582      -7.67535949E-03
  0.891231894      -1.75969061E-02
  0.893353939      -2.73655299E-02
  0.896355689      -3.69008444E-02
  0.900206745      -4.61256653E-02
  0.904898465      -5.49525023E-02
  0.910388470      -6.33066371E-02
  0.916604757      -7.11350814E-02
  0.923528731      -7.83450305E-02
  0.931101263      -8.48705471E-02
  0.939255953      -9.06521454E-02
  0.947911024      -9.56539810E-02
  0.956993520      -9.98292342E-02
  0.966431916     -0.103122033    
  0.976138115     -0.105512112    
  0.986027956     -0.106968679    
  0.996010602     -0.107488245    
   1.00599778     -0.107063092    
   1.01590109     -0.105702013    
   1.02563226     -0.103414692    
   1.03510702     -0.100227408    
   1.04424119      -9.61665288E-02
   1.05296290      -9.12815705E-02
   1.06120265      -8.56208950E-02
   1.06888270      -7.92220533E-02
   1.07592916      -7.21314326E-02
   1.08228385      -6.44145384E-02
   1.08792698      -5.61624467E-02
   1.09278607      -4.74263132E-02
   1.09680510      -3.82730365E-02
   1.09997475      -2.87919696E-02
   1.10226941      -1.90623701E-02
   1.10365343      -9.16203018E-03
   1.11649358       0.00000000    
   1.11616659       9.99188609E-03
   1.11502266       1.99233592E-02
   1.11305892       2.97255404E-02
   1.11030304       3.93353850E-02
   1.10677254       4.86882590E-02
   1.10247087       5.77121042E-02
   1.09745264       6.63586631E-02
   1.09174883       7.45687708E-02
   1.08537710       8.22719708E-02
   1.07838428       8.94162953E-02
   1.07083571       9.59705338E-02
   1.06277728      0.101887405    
   1.05425835      0.107118830    
   1.04532921      0.111614771    
   1.03605723      0.115351856    
   1.02650809      0.118310869    
   1.01674819      0.120476075    
   1.00684237      0.121823490    
  0.996858776      0.122342892    
  0.986866653      0.122026749    
  0.976935804      0.120878115    
  0.967136383      0.118901320    
  0.957534313      0.116117895    
  0.948198676      0.112541743    
  0.939197063      0.108192861    
  0.930599093      0.103092290    
  0.922461033       9.72856879E-02
  0.914830923       9.08264518E-02
  0.907757938       8.37609842E-02
  0.901297808       7.61315227E-02
  0.895504296       6.79840967E-02
  0.890399694       5.93880117E-02
  0.885999382       5.04112169E-02
  0.882361174       4.10994813E-02
  0.879491806       3.15226652E-02
  0.877400219       2.17466317E-02
  0.876114666       1.18323183E-02
  0.875634015       1.84653327E-03
  0.875955880      -8.14562384E-03
  0.877079785      -1.80795100E-02
  0.879009128      -2.78887041E-02
  0.881726801      -3.75095382E-02
  0.885207772      -4.68810983E-02
  0.889449716      -5.59335202E-02
  0.894415855      -6.46101758E-02
  0.900065601      -7.28578269E-02
  0.906383693      -8.06050971E-02
  0.913329840      -8.77948701E-02
  0.920844734      -9.43878070E-02
  0.928877473     -0.100339212    
  0.937376559     -0.105602711    
  0.946294606     -0.110120267    
  0.955560684     -0.113872088    
  0.965112448     -0.116823114    
  0.974875510     -0.118973464    
  0.984785259     -0.120292701    
  0.994770408     -0.120779961    
   1.00476122     -0.120425552    
   1.01468766     -0.119239062    
   1.02448094     -0.117228836    
   1.03407478     -0.114418067    
   1.04340208     -0.110820428    
   1.05239618     -0.106456496    
   1.06099427     -0.101355828    
   1.06914067      -9.55608189E-02
   1.07679188      -8.91264379E-02
   1.08389676      -8.20929706E-02
   1.09039247      -7.44934976E-02
   1.09623504      -6.63808957E-02
   1.10140145      -5.78216016E-02
   1.10586190      -4.88744713E-02
   1.10956097      -3.95866074E-02
   1.11249399      -3.00289616E-02
   1.11464214      -2.02652141E-02
   1.11597300      -1.03569096E-02
   1.12886536       0.00000000    
   1.12863135       8.99530016E-03
   1.12766981       1.89466048E-02
   1.12596703       2.87980586E-02
   1.12354350       3.84975709E-02
   1.12041759       4.79938723E-02
   1.11658788       5.72286546E-02
   1.11208344       6.61540329E-02
   1.10693872       7.47261941E-02
   1.10116577       8.28884169E-02
   1.09479535       9.05935168E-02
   1.08788025       9.78136361E-02
   1.08045483      0.104508102    
   1.07254755      0.110625207    
   1.06419587      0.116120622    
   1.05546653      0.120994635    
   1.04640067      0.125209883    
   1.03704917      0.128745630    
   1.02842700      0.131320417    
   1.01866913      0.133495644    
   1.00877523      0.134933174    
  0.998801529      0.135625437    
  0.988804102      0.135568321    
  0.978839338      0.134758547    
  0.968963861      0.133200824    
  0.959234357      0.130900085    
  0.949707389      0.127869442    
  0.940436780      0.124126613    
  0.931473911      0.119697273    
  0.922866464      0.114610977    
  0.914664388      0.108894654    
  0.906932294      0.102556698    
  0.899696171       9.56579596E-02
  0.892995715       8.82377028E-02
  0.886856377       8.03469270E-02
  0.881857276       7.28649795E-02
  0.876908600       6.41777888E-02
  0.872604668       5.51536977E-02
  0.868978560       4.58367206E-02
  0.866050422       3.62772644E-02
  0.863818824       2.65315790E-02
  0.862305701       1.66489631E-02
  0.861519814       6.68206159E-03
  0.861458659      -3.31558893E-03
  0.862120450      -1.32914726E-02
  0.863507152      -2.31925864E-02
  0.865618289      -3.29649001E-02
  0.868425965      -4.25603501E-02
  0.871926963      -5.19249775E-02
  0.876114488      -6.10033572E-02
  0.880948901      -6.97545484E-02
  0.886417449      -7.81239346E-02
  0.891867161      -8.52840841E-02
  0.898467600      -9.27933082E-02
  0.905605257      -9.97937769E-02
  0.913242698     -0.106245317    
  0.921353400     -0.112090200    
  0.929888129     -0.117296785    
  0.938784838     -0.121857204    
  0.948000669     -0.125732973    
  0.957481623     -0.128905028    
  0.967177153     -0.131344408    
  0.977029204     -0.133043811    
  0.986982048     -0.133989304    
  0.996977925     -0.134180278    
   1.00695956     -0.133615345    
   1.01687050     -0.132300451    
   1.02665377     -0.130242199    
   1.03625572     -0.127457663    
   1.04469705     -0.124341100    
   1.05381012     -0.120229281    
   1.06259513     -0.115456499    
   1.07100737     -0.110053577    
   1.07898569     -0.104028858    
   1.08648849      -9.74209011E-02
   1.09349275      -9.02861953E-02
   1.09996116      -8.26627091E-02
   1.10583854      -7.45747164E-02
   1.11109900      -6.60725534E-02
   1.11572933      -5.72113506E-02
   1.11969078      -4.80320230E-02
   1.12295508      -3.85819972E-02
   1.12552392      -2.89195906E-02
   1.12737703      -1.90950874E-02
   1.12849081      -9.15954076E-03
   1.14123726       0.00000000    
   1.14102352       8.99608992E-03
   1.14014721       1.89556777E-02
   1.13859618       2.88325865E-02
   1.13638866       3.85839902E-02
   1.13353586       4.81663011E-02
   1.13002729       5.75282350E-02
   1.12589633       6.66329563E-02
   1.12117350       7.54449517E-02
   1.11586249       8.39154422E-02
   1.10997856       9.19987559E-02
   1.10357690       9.96784121E-02
   1.09667861      0.106915273    
   1.08929193      0.113652825    
   1.08146477      0.119873896    
   1.07324827      0.125569806    
   1.06466568      0.130698010    
   1.05575776      0.135237873    
   1.04655921      0.139155269    
   1.03711605      0.142439917    
   1.02747130      0.145074919    
   1.01767170      0.147057950    
   1.00776041      0.148373201    
  0.997783005      0.149012983    
  0.987784922      0.148972213    
  0.977812946      0.148249224    
  0.967913866      0.146846369    
  0.958133221      0.144772217    
  0.948517501      0.142033890    
  0.939112425      0.138642013    
  0.929967284      0.134601340    
  0.921123505      0.129937828    
  0.912623346      0.124674022    
  0.904502511      0.118841194    
  0.896787703      0.112481453    
  0.889540493      0.105594099    
  0.882783353       9.82249007E-02
  0.876542330       9.04136971E-02
  0.870835125       8.22043046E-02
  0.865702629       7.36240447E-02
  0.861164391       6.47150800E-02
  0.857223094       5.55263162E-02
  0.853911340       4.60925475E-02
  0.851238668       3.64580937E-02
  0.849201143       2.66695861E-02
  0.847817123       1.67676602E-02
  0.847094119       6.79561822E-03
  0.847029805      -3.20239156E-03
  0.847622752      -1.31829828E-02
  0.848874569      -2.31024474E-02
  0.850785494      -3.29162776E-02
  0.853331745      -4.25847843E-02
  0.856512010      -5.20635545E-02
  0.860329568      -6.13040812E-02
  0.864746571      -7.02736452E-02
  0.869753718      -7.89273530E-02
  0.875341713      -8.72179270E-02
  0.881472170      -9.51159373E-02
  0.888119042     -0.102584399    
  0.895257115     -0.109585017    
  0.902872086     -0.116063394    
  0.910907030     -0.122013487    
  0.919323146     -0.127410457    
  0.928093016     -0.132211536    
  0.937171280     -0.136400029    
  0.946521342     -0.139940590    
  0.956092954     -0.142829582    
  0.965841830     -0.145047709    
  0.975718975     -0.146597788    
  0.985679567     -0.147463292    
  0.995675981     -0.147646040    
   1.00566137     -0.147142217    
   1.01558936     -0.145959064    
   1.02541351     -0.144102857    
   1.03509009     -0.141588256    
   1.04457223     -0.138417497    
   1.05381656     -0.134609029    
   1.06277800     -0.130176038    
   1.07142091     -0.125149101    
   1.07970726     -0.119554557    
   1.08760822     -0.113427438    
   1.09507895     -0.106782883    
   1.10206950      -9.96346846E-02
   1.10857177      -9.20394361E-02
   1.11456704      -8.40375796E-02
   1.11999714      -7.56423771E-02
   1.12484646      -6.68986365E-02
   1.12911248      -5.78558072E-02
   1.13276517      -4.85487618E-02
   1.13576722      -3.90118882E-02
   1.13812780      -2.92961597E-02
   1.13983727      -1.94452256E-02
   1.14087355      -9.50087048E-03
   1.15360904       0.00000000    
   1.15335989       9.99531429E-03
   1.15249348       1.99560691E-02
   1.15100598       2.98430678E-02
   1.14891422       3.96201760E-02
   1.14622462       4.92498726E-02
   1.14293039       5.86897060E-02
   1.13906813       6.79118782E-02
   1.13465548       7.68836737E-02
   1.12967837       8.55547935E-02
   1.12417066       9.38993618E-02
   1.11817575      0.101900868    
   1.11169541      0.109514363    
   1.10473728      0.116693802    
   1.09736276      0.123445816    
   1.08958983      0.129734352    
   1.08144236      0.135529459    
   1.07294905      0.140804321    
   1.06413937      0.145532548    
   1.05506086      0.149721697    
   1.04574168      0.153343856    
   1.03621805      0.156388462    
   1.02652371      0.158834875    
   1.01669633      0.160676792    
   1.00677335      0.161902845    
  0.996793687      0.162509277    
  0.985795975      0.162454680    
  0.975822628      0.161750391    
  0.965913355      0.160418928    
  0.956106663      0.158470705    
  0.946443558      0.155903518    
  0.936959624      0.152738035    
  0.927695930      0.148976505    
  0.918681979      0.144650057    
  0.909959078      0.139763772    
  0.901564896      0.134331733    
  0.893537760      0.128371075    
  0.885901928      0.121916205    
  0.878673911      0.115007706    
  0.871896446      0.107657023    
  0.865599751       9.98903960E-02
  0.859798372       9.17469859E-02
  0.854503870       8.32652375E-02
  0.849749565       7.44694099E-02
  0.845550001       6.53955266E-02
  0.841903508       5.60855865E-02
  0.838837326       4.65688705E-02
  0.836365521       3.68806645E-02
  0.834477425       2.70619541E-02
  0.833187103       1.71470456E-02
  0.832502007       7.17203179E-03
  0.832444489      -3.82582447E-03
  0.833023846      -1.38075110E-02
  0.834206522      -2.37357467E-02
  0.835992038      -3.35734636E-02
  0.838360131      -4.32874411E-02
  0.841317177      -5.28384745E-02
  0.844863415      -6.21867888E-02
  0.848962605      -7.13062286E-02
  0.853611887      -8.01578462E-02
  0.858807206      -8.87002572E-02
  0.864514410      -9.69097018E-02
  0.870714962     -0.104753189    
  0.877394199     -0.112193316    
  0.884538054     -0.119188346    
  0.892093956     -0.125736281    
  0.900040209     -0.131804273    
  0.908359766     -0.137349814    
  0.917014003     -0.142356798    
  0.925971866     -0.146797866    
  0.935185671     -0.150680467    
  0.944627345     -0.153970450    
  0.954255939     -0.156664342    
  0.964036644     -0.158738539    
  0.973928273     -0.160195380    
  0.983892322     -0.161021039    
  0.994888544     -0.161205694    
   1.00487447     -0.160711929    
   1.01481020     -0.159594148    
   1.02465630     -0.157855600    
   1.03437483     -0.155507177    
   1.04392827     -0.152557179    
   1.05328214     -0.149024293    
   1.06240070     -0.144922942    
   1.07125354     -0.140276000    
   1.07979691     -0.135081381    
   1.08799767     -0.129361555    
   1.09583259     -0.123149700    
   1.10327363     -0.116471022    
   1.11030519     -0.109362721    
   1.11686850     -0.101819918    
   1.12295020      -9.38832313E-02
   1.12855351      -8.56019631E-02
   1.13363504      -7.69909471E-02
   1.13815761      -6.80738091E-02
   1.14213538      -5.89002408E-02
   1.14555240      -4.95036729E-02
   1.14836955      -3.99102308E-02
   1.15059304      -3.01619917E-02
   1.15221620      -2.02961732E-02
   1.15321922      -1.03481337E-02
   1.16598094       0.00000000    
   1.16579878       8.99716374E-03
   1.16505384       1.89679731E-02
   1.16373432       2.88790651E-02
   1.16185308       3.86990942E-02
   1.15941942       4.83968779E-02
   1.15642595       5.79366088E-02
   1.15289962       6.72926903E-02
   1.14884973       7.64342546E-02
   1.14426911       8.53215829E-02
   1.13918841       9.39331725E-02
   1.13364434      0.102253854    
   1.12762439      0.110236689    
   1.12114406      0.117850609    
   1.11425853      0.125100553    
   1.10697198      0.131946921    
   1.09930515      0.138364881    
   1.09127700      0.144324481    
   1.08292472      0.149821118    
   1.07428181      0.154848278    
   1.06536567      0.159373358    
   1.05620790      0.163387001    
   1.04683387      0.166865289    
   1.03727663      0.169803798    
   1.02756655      0.172187746    
   1.01773703      0.174018800    
   1.00781870      0.175286844    
  0.997844696      0.175986469    
  0.987846971      0.176113069    
  0.977858126      0.175664738    
  0.967912197      0.174641445    
  0.958041370      0.173047855    
  0.948279262      0.170886457    
  0.938658416      0.168164089    
  0.929214895      0.164879397    
  0.919978797      0.161049679    
  0.910985053      0.156681240    
  0.902259469      0.151798800    
  0.893830657      0.146420240    
  0.885722756      0.140568912    
  0.877973676      0.134250715    
  0.870617151      0.127479151    
  0.863657892      0.120299749    
  0.857114673      0.112739220    
  0.851027608      0.104806975    
  0.845410109       9.65354592E-02
  0.840269148       8.79594907E-02
  0.835620522       7.91071206E-02
  0.831492662       7.00002089E-02
  0.827881694       6.06762245E-02
  0.824791193       5.11671044E-02
  0.822251260       4.14963849E-02
  0.820257187       3.16984504E-02
  0.818807602       2.18053404E-02
  0.817916274       1.18464148E-02
  0.817580581       1.85331539E-03
  0.817798972      -8.14302918E-03
  0.818571508      -1.81118324E-02
  0.819901526      -2.80216169E-02
  0.821781754      -3.78419645E-02
  0.824203014      -4.75430489E-02
  0.827173650      -5.70900775E-02
  0.830675244      -6.64555654E-02
  0.834688246      -7.56135508E-02
  0.839217484      -8.45273435E-02
  0.844253421      -9.31651667E-02
  0.849762201     -0.101509251    
  0.855738044     -0.109525427    
  0.862176538     -0.117174894    
  0.869039297     -0.124446481    
  0.876298964     -0.131321818    
  0.883951128     -0.137757152    
  0.891973078     -0.143725365    
  0.900323153     -0.149224848    
  0.908977032     -0.154233068    
  0.917903423     -0.158737585    
  0.927080750     -0.162705690    
  0.936472893     -0.166134641    
  0.946052074     -0.169000238    
  0.955781281     -0.171305344    
  0.965628922     -0.173036426    
  0.975559890     -0.174198672    
  0.985541523     -0.174781173    
  0.995540082     -0.174787253    
   1.00552249     -0.174214885    
   1.01545548     -0.173070043    
   1.02530622     -0.171357363    
   1.03504324     -0.169084474    
   1.04463267     -0.166252896    
   1.05404401     -0.162876695    
   1.06324458     -0.158962369    
   1.07220817     -0.154531792    
   1.08090508     -0.149598181    
   1.08931470     -0.144189566    
   1.09740865     -0.138319224    
   1.10514438     -0.131983712    
   1.11250865     -0.125220314    
   1.11947823     -0.118050598    
   1.12604856     -0.110513069    
   1.13216877     -0.102606140    
   1.13781881      -9.43568125E-02
   1.14301002      -8.58111084E-02
   1.14771271      -7.69872516E-02
   1.15189075      -6.79031312E-02
   1.15554953      -5.85976541E-02
   1.15868211      -4.91023064E-02
   1.16125894      -3.94412614E-02
   1.16328669      -2.96502225E-02
   1.16475749      -1.97603125E-02
   1.16565466      -9.80194844E-03
   1.17835271       0.00000000    
   1.17818356       8.99755768E-03
   1.17749166       1.89723819E-02
   1.17626619       2.88957227E-02
   1.17451918       3.87407616E-02
   1.17225802       4.84804437E-02
   1.16947019       5.80825247E-02
   1.16617906       6.75241500E-02
   1.16239822       7.67804086E-02
   1.15812039       8.58176574E-02
   1.15337563       9.46191028E-02
   1.14818013      0.103161842    
   1.14252949      0.111410558    
   1.13644314      0.119343497    
   1.12996101      0.126956403    
   1.12308490      0.134215042    
   1.11583173      0.141097486    
   1.10821569      0.147576407    
   1.10027897      0.153658092    
   1.09203887      0.159321576    
   1.08350754      0.164536327    
   1.07471263      0.169292763    
   1.06567407      0.173567951    
   1.05642772      0.177373350    
   1.04794538      0.180378854    
   1.03836703      0.183247983    
   1.02865052      0.185606182    
   1.01882303      0.187449396    
   1.00891197      0.188768327    
  0.998944938      0.189559534    
  0.988949656      0.189819753    
  0.978954375      0.189545944    
  0.968988240      0.188738659    
  0.959079742      0.187397659    
  0.949257731      0.185525596    
  0.939550519      0.183128193    
  0.929987252      0.180209816    
  0.920593679      0.176783741    
  0.911397696      0.172858074    
  0.902424097      0.168447673    
  0.893707812      0.163548782    
  0.885274172      0.158177555    
  0.877142549      0.152359113    
  0.869336486      0.146110505    
  0.861865163      0.139465407    
  0.854778171      0.132411927    
  0.848083794      0.124984659    
  0.841788530      0.117216125    
  0.836479425      0.109949894    
  0.831007898      0.101580836    
  0.825988114       9.29332674E-02
  0.821420193       8.40387046E-02
  0.817336440       7.49117583E-02
  0.813741744       6.55812770E-02
  0.810626984       5.60797527E-02
  0.808012724       4.64286581E-02
  0.805909634       3.66533920E-02
  0.804309964       2.67831981E-02
  0.803223789       1.68434642E-02
  0.802654862       6.86074467E-03
  0.802600205      -3.13801854E-03
  0.803058922      -1.31263826E-02
  0.804033041      -2.30776761E-02
  0.805524528      -3.29646468E-02
  0.807518899      -4.27625775E-02
  0.810019851      -5.24435341E-02
  0.813029289      -6.19787239E-02
  0.816518307      -7.13490620E-02
  0.820489347      -8.05253685E-02
  0.824952126      -8.94728377E-02
  0.829869688      -9.81787816E-02
  0.835234582     -0.106616415    
  0.840445876     -0.113952927    
  0.846646369     -0.121797174    
  0.853244185     -0.129310131    
  0.860230803     -0.136462852    
  0.867607415     -0.143212602    
  0.875331581     -0.149561867    
  0.883379877     -0.155494794    
  0.891736448     -0.160985082    
  0.900377810     -0.166015357    
  0.909285545     -0.170557231    
  0.918424904     -0.174612850    
  0.927769601     -0.178170174    
  0.937289774     -0.181226343    
  0.946962237     -0.183759660    
  0.956756651     -0.185770959    
  0.966645956     -0.187246487    
  0.976600170     -0.188188717    
  0.986590981     -0.188591525    
  0.996588886     -0.188457698    
   1.00656533     -0.187787101    
   1.01649141     -0.186584204    
   1.02633917     -0.184852049    
   1.03608119     -0.182599947    
   1.04568923     -0.179832622    
   1.05420256     -0.176914856    
   1.06348753     -0.173204347    
   1.07256842     -0.169018716    
   1.08141017     -0.164349958    
   1.08999145     -0.159217805    
   1.09828913     -0.153637975    
   1.10628450     -0.147633761    
   1.11396778     -0.141234651    
   1.12129259     -0.134428546    
   1.12824678     -0.127243802    
   1.13481522     -0.119704701    
   1.14099097     -0.111840650    
   1.14674056     -0.103660099    
   1.15204251      -9.51823592E-02
   1.15689743      -8.64409506E-02
   1.16129410      -7.74605200E-02
   1.16519940      -6.82556927E-02
   1.16861963      -5.88598177E-02
   1.17154455      -4.92983088E-02
   1.17394507      -3.95917594E-02
   1.17583334      -2.97726747E-02
   1.17720497      -1.98683348E-02
   1.17804372      -9.90469754E-03
   1.19072461       0.00000000    
   1.19052482       9.99698043E-03
   1.18982959       1.99716985E-02
   1.18863511       2.98989750E-02
   1.18695331       3.97554599E-02
   1.18478680       4.95167710E-02
   1.18212700       5.91553226E-02
   1.17900074       6.86528906E-02
   1.17541516       7.79866129E-02
   1.17136085       8.71264338E-02
   1.16686201       9.60560590E-02
   1.16193390      0.104755953    
   1.15657425      0.113196790    
   1.15080309      0.121362038    
   1.14464521      0.129239872    
   1.13810766      0.136805370    
   1.13119650      0.144031122    
   1.12393785      0.150908008    
   1.11636341      0.157435253    
   1.10847533      0.163580254    
   1.10028970      0.169322565    
   1.09182966      0.174652174    
   1.08312190      0.179567292    
   1.07418966      0.184061229    
   1.06504655      0.188109577    
   1.05571783      0.191708252    
   1.04622197      0.194839418    
   1.03658390      0.197501898    
   1.02682555      0.199684218    
   1.01697266      0.201386288    
   1.00704753      0.202602938    
  0.997075260      0.203330353    
  0.987079203      0.203563869    
  0.977083445      0.203302562    
  0.967113376      0.202544153    
  0.957193077      0.201293066    
  0.947347581      0.199547365    
  0.937601209      0.197314098    
  0.927981138      0.194587648    
  0.918509781      0.191382349    
  0.909215331      0.187695682    
  0.900117040      0.183548525    
  0.891241789      0.178943336    
  0.882603943      0.173906401    
  0.874228537      0.168444470    
  0.866145849      0.162558019    
  0.858374774      0.156265885    
  0.850933790      0.149586380    
  0.843822241      0.142557263    
  0.837078273      0.135175020    
  0.830722690      0.127455696    
  0.824754238      0.119433314    
  0.819181502      0.111131020    
  0.814039171      0.102555536    
  0.809327185       9.37363058E-02
  0.805041671       8.47020596E-02
  0.801209569       7.54665211E-02
  0.797842681       6.60512894E-02
  0.794925570       5.64870760E-02
  0.792474449       4.67931144E-02
  0.790500641       3.69907543E-02
  0.788996160       2.71054637E-02
  0.787969649       1.71592515E-02
  0.787425041       7.17502972E-03
  0.787379265      -3.82361840E-03
  0.787839770      -1.38120428E-02
  0.788780630      -2.37666834E-02
  0.790202856      -3.36640365E-02
  0.792093277      -4.34827358E-02
  0.794456780      -5.31983078E-02
  0.797293663      -6.27863854E-02
  0.800577819      -7.22306743E-02
  0.804320216      -8.15027729E-02
  0.808524787      -9.05747339E-02
  0.813155174      -9.94369611E-02
  0.818210602     -0.108063668    
  0.823698103     -0.116422109    
  0.829588175     -0.124502100    
  0.835862160     -0.132287785    
  0.842518985     -0.139748409    
  0.849555731     -0.146852180    
  0.856924117     -0.153611392    
  0.864619851     -0.159995347    
  0.872631013     -0.165978596    
  0.880937576     -0.171544239    
  0.889517725     -0.176678628    
  0.898337126     -0.181389898    
  0.907384336     -0.185647339    
  0.916632295     -0.189449042    
  0.926063299     -0.192770809    
  0.935648918     -0.195615336    
  0.945367813     -0.197965235    
  0.955192029     -0.199826092    
  0.965097845     -0.201187417    
  0.975059092     -0.202055186    
  0.985051274     -0.202421591    
  0.995049357     -0.202290699    
   1.00502861     -0.201661080    
   1.01496422     -0.200538203    
   1.02483225     -0.198924631    
   1.03460836     -0.196824953    
   1.04426789     -0.194241375    
   1.05378795     -0.191184372    
   1.06314445     -0.187657759    
   1.07231677     -0.183677480    
   1.08128262     -0.179250687    
   1.09002542     -0.174398676    
   1.09852576     -0.169132799    
   1.10675192     -0.163448304    
   1.11468661     -0.157363623    
   1.12231004     -0.150893182    
   1.12962317     -0.144073918    
   1.13659537     -0.136906475    
   1.14319587     -0.129395097    
   1.14942384     -0.121572174    
   1.15527189     -0.113461152    
   1.16071224     -0.105071433    
   1.16572750      -9.64210406E-02
   1.17031980      -8.75386894E-02
   1.17447448      -7.84436464E-02
   1.17816329      -6.91498220E-02
   1.18139768      -5.96880801E-02
   1.18417192      -5.00815324E-02
   1.18645608      -4.03468050E-02
   1.18825793      -3.05113606E-02
   1.18957603      -2.05995869E-02
   1.19039559      -1.06342053E-02
   1.20309639       0.00000000    
   1.20290923       9.99734644E-03
   1.20225668       1.99751016E-02
   1.20113540       2.99110282E-02
   1.19955683       3.97846922E-02
   1.19752347       4.95747440E-02
   1.19502759       5.92571050E-02
   1.19209456       6.88163117E-02
   1.18872452       7.82302096E-02
   1.18490362       8.74702036E-02
   1.18066478       9.65262577E-02
   1.17602110      0.105381377    
   1.17096496      0.114007592    
   1.16550875      0.122386888    
   1.15968394      0.130514085    
   1.15349293      0.138365716    
   1.14692950      0.145908907    
   1.14003491      0.153150871    
   1.13282704      0.160080612    
   1.12529981      0.166662410    
   1.11747158      0.172883347    
   1.10937071      0.178745210    
   1.10101485      0.184236944    
   1.09242022      0.189347103    
   1.08359683      0.194050968    
   1.07456684      0.198345259    
   1.06534600      0.202213466    
   1.05596197      0.205666855    
   1.04643035      0.208688915    
   1.03677189      0.211277083    
   1.02700484      0.213418558    
   1.01715004      0.215111196    
   1.00722790      0.216347292    
  0.997259438      0.217124775    
  0.987265468      0.217439726    
  0.977267385      0.217291057    
  0.967287183      0.216676414    
  0.957346439      0.215598285    
  0.947467327      0.214053944    
  0.937670887      0.212051228    
  0.927980125      0.209587276    
  0.918414176      0.206676051    
  0.908996642      0.203315809    
  0.899743140      0.199526936    
  0.890682459      0.195297971    
  0.881833136      0.190643013    
  0.873219550      0.185565025    
  0.864853799      0.180088013    
  0.856752813      0.174226463    
  0.848932385      0.167995527    
  0.841420889      0.161395416    
  0.834240437      0.154436737    
  0.827386260      0.147156283    
  0.820870042      0.139571950    
  0.814731777      0.131678656    
  0.808968782      0.123507202    
  0.803582013      0.115082920    
  0.798592091      0.106417939    
  0.794017494       9.75265130E-02
  0.789848864       8.84376243E-02
  0.786091566       7.91712254E-02
  0.782775700       6.97378814E-02
  0.779891610       6.01635873E-02
  0.777434230       5.04710786E-02
  0.775424719       4.06758673E-02
  0.773856878       3.08003165E-02
  0.772730291       2.08648071E-02
  0.772055149       1.08884452E-02
  0.771828473       8.91836360E-04
  0.772048712      -9.10490658E-03
  0.772716582      -1.90817285E-02
  0.773835301      -2.90180445E-02
  0.775396883      -3.88944894E-02
  0.777397215      -4.86914515E-02
  0.779844344      -5.83864152E-02
  0.782720089      -6.79630861E-02
  0.786023140      -7.74008110E-02
  0.789765656      -8.66729990E-02
  0.793922722      -9.57670063E-02
  0.798480272     -0.104667015    
  0.803448319     -0.113344334    
  0.808819592     -0.121778272    
  0.814561963     -0.129963979    
  0.820675194     -0.137876436    
  0.827167928     -0.145480677    
  0.834000409     -0.152781293    
  0.841155410     -0.159766003    
  0.848639131     -0.166397184    
  0.856433868     -0.172660083    
  0.864512146     -0.178552672    
  0.872854888     -0.184064671    
  0.881444931     -0.189182490    
  0.890271842     -0.193879649    
  0.899311543     -0.198153347    
  0.908547878     -0.201983616    
  0.917950749     -0.205385298    
  0.927503765     -0.208338425    
  0.937183738     -0.210844681    
  0.946971834     -0.212887853    
  0.956844807     -0.214471310    
  0.966781676     -0.215585321    
  0.976759672     -0.216233179    
  0.986757100     -0.216410965    
  0.996752024     -0.216121525    
   1.00672245     -0.215365216    
   1.01664710     -0.214146182    
   1.02650392     -0.212466687    
   1.03627312     -0.210334629    
   1.04593325     -0.207753107    
   1.05546618     -0.204735324    
   1.06485116     -0.201284677    
   1.07407153     -0.197415650    
   1.08309984     -0.193117186    
   1.09192097     -0.188408464    
   1.10051358     -0.183294386    
   1.10886788     -0.177799419    
   1.11696887     -0.171937630    
   1.12479413     -0.165712640    
   1.13232028     -0.159128949    
   1.13952982     -0.152200192    
   1.14642966     -0.144962788    
   1.15299904     -0.137424320    
   1.15919709     -0.129577920    
   1.16503429     -0.121459171    
   1.17050874     -0.113091625    
   1.17558229     -0.104475081    
   1.18024850      -9.56312120E-02
   1.18451679      -8.65885913E-02
   1.18836820      -7.73608610E-02
   1.19177294      -6.79591000E-02
   1.19474578      -5.84119260E-02
   1.19728303      -4.87400070E-02
   1.19936061      -3.89589705E-02
   1.20098734      -2.90929135E-02
   1.20215762      -1.91624891E-02
   1.20286000      -9.18803457E-03
