   1.11840916       0.00000000    
   1.11861753       8.99691228E-03
   1.11839652       1.89935192E-02
   1.11770022       2.89682820E-02
   1.11653078       3.88986692E-02
   1.11489069       4.87621948E-02
   1.11278439       5.85368015E-02
   1.11021709       6.82004988E-02
   1.10719121       7.77305514E-02
   1.10371280       8.71048495E-02
   1.09978628       9.63004306E-02
   1.09541392      0.105292514    
   1.09059978      0.114056289    
   1.08534670      0.122563861    
   1.07965493      0.130784303    
   1.07352793      0.138685569    
   1.06696510      0.146228567    
   1.05997097      0.153373569    
   1.05254710      0.160070494    
   1.04470205      0.166268289    
   1.03644419      0.171904162    
   1.02779162      0.176912621    
   1.01876962      0.181219175    
   1.00941455      0.184743240    
  0.999778628      0.187404230    
  0.989931583      0.189123705    
  0.980960846      0.189808920    
  0.970968544      0.189564541    
  0.961062193      0.188236654    
  0.951360703      0.185831621    
  0.941976547      0.182390049    
  0.933006406      0.177979887    
  0.924522758      0.172692955    
  0.916572690      0.166632488    
  0.909182549      0.159899682    
  0.902356505      0.152595222    
  0.896088481      0.144805983    
  0.890359998      0.136611342    
  0.885150254      0.128077313    
  0.880434275      0.119260445    
  0.876187623      0.110207960    
  0.872386217      0.100959532    
  0.869007945       9.15481672E-02
  0.866032302       8.20018053E-02
  0.863441825       7.23437592E-02
  0.861221075       6.25939965E-02
  0.859356523       5.27698323E-02
  0.857837796       4.28862683E-02
  0.856656551       3.29567231E-02
  0.855806828       2.29933206E-02
  0.855284691       1.30073931E-02
  0.855093420       4.00973856E-03
  0.855190694      -5.98934293E-03
  0.855616629      -1.59798041E-02
  0.856375813      -2.59504505E-02
  0.857475042      -3.58893126E-02
  0.858923376      -4.57832739E-02
  0.860732138      -5.56176901E-02
  0.862914741      -6.53758869E-02
  0.865487993      -7.50383213E-02
  0.868470490      -8.45822766E-02
  0.871883094      -9.39808264E-02
  0.875750721     -0.103201389    
  0.880097866     -0.112205558    
  0.884953618     -0.120945707    
  0.890345514     -0.129365325    
  0.896299601     -0.137396887    
  0.902839661     -0.144958302    
  0.909977853     -0.151957035    
  0.917715907     -0.158285543    
  0.926031172     -0.163832754    
  0.934877455     -0.168485612    
  0.944179118     -0.172143385    
  0.953832090     -0.174734205    
  0.963715971     -0.176218674    
  0.973703682     -0.176597640    
  0.982681930     -0.176024050    
  0.992549717     -0.174428672    
   1.00222147     -0.171901435    
   1.01163232     -0.168528840    
   1.02073443     -0.164394066    
   1.02949560     -0.159577161    
   1.03789389     -0.154152244    
   1.04591298     -0.148180529    
   1.05354404     -0.141720340    
   1.06077969     -0.134819120    
   1.06761467     -0.127520889    
   1.07404411     -0.119863190    
   1.08006477     -0.111879714    
   1.08567071     -0.103599727    
   1.09085894      -9.50518623E-02
   1.09562254      -8.62602070E-02
   1.09995675      -7.72492290E-02
   1.10385549      -6.80412948E-02
   1.10731077      -5.86580075E-02
   1.11031795      -4.91216742E-02
   1.11286926      -3.94534171E-02
   1.11495900      -2.96750385E-02
   1.11658263      -1.98085718E-02
   1.11773527      -9.87609476E-03
   1.13298094       0.00000000    
   1.13317430       8.99737515E-03
   1.13297987       1.89947151E-02
   1.13235581       2.89744511E-02
   1.13130486       3.89182493E-02
   1.12982953       4.88079786E-02
   1.12793481       5.86259328E-02
   1.12562633       6.83549270E-02
   1.12290728       7.79773444E-02
   1.11978400       8.74761716E-02
   1.11626256       9.68346074E-02
   1.11234546      0.106034376    
   1.10803807      0.115058102    
   1.10334408      0.123886943    
   1.09826469      0.132499576    
   1.09280384      0.140875801    
   1.08696163      0.148990393    
   1.08074009      0.156817675    
   1.07414055      0.164328992    
   1.06716394      0.171491325    
   1.05981362      0.178269699    
   1.05209327      0.184622705    
   1.04400909      0.190505922    
   1.03557181      0.195870474    
   1.02679515      0.200658977    
   1.01770234      0.204814613    
   1.00832224      0.208273590    
  0.998695612      0.210969627    
  0.988875091      0.212838829    
  0.978927195      0.213823497    
  0.968931019      0.213876426    
  0.958976388      0.212966993    
  0.949158847      0.211086452    
  0.939573646      0.208250120    
  0.930308163      0.204498604    
  0.921435058      0.199894264    
  0.913010061      0.194513023    
  0.905071616      0.188436121    
  0.898358345      0.182444468    
  0.891385853      0.175279215    
  0.884919047      0.167653784    
  0.878947437      0.159634352    
  0.873452306      0.151280954    
  0.868414640      0.142643809    
  0.863812089      0.133766964    
  0.859624207      0.124686956    
  0.855830550      0.115435190    
  0.852411926      0.106038235    
  0.849350631       9.65188369E-02
  0.846632004       8.68959129E-02
  0.844241142       7.71863088E-02
  0.842166424       6.74042702E-02
  0.840397954       5.75622320E-02
  0.838927150       4.76713143E-02
  0.837746978       3.77415232E-02
  0.836852610       2.77819075E-02
  0.836240649       1.78009626E-02
  0.835909188       7.80676398E-03
  0.835858047      -2.19278294E-03
  0.836088419      -1.21897925E-02
  0.836603165      -2.21761838E-02
  0.837406576      -3.21434736E-02
  0.838504434      -4.20826226E-02
  0.839904189      -5.19837439E-02
  0.841615140      -6.18357770E-02
  0.843648314      -7.16263801E-02
  0.846015990      -8.13414454E-02
  0.848732531      -9.09647271E-02
  0.851814806     -0.100477077    
  0.855280280     -0.109856538    
  0.859149992     -0.119076416    
  0.863444865     -0.128105938    
  0.868188798     -0.136907741    
  0.873405635     -0.145437539    
  0.879117966     -0.153643414    
  0.885349035     -0.161462232    
  0.891412973     -0.168110341    
  0.898667753     -0.174989000    
  0.906462789     -0.181248114    
  0.914781749     -0.186790988    
  0.923584580     -0.191527337    
  0.932811320     -0.195372552    
  0.942380726     -0.198260754    
  0.952195406     -0.200154632    
  0.962151468     -0.201047108    
  0.972147286     -0.200958580    
  0.982091188     -0.199934289    
  0.991906226     -0.198035449    
   1.00153053     -0.195330068    
   1.01091766     -0.191888884    
   1.02003300     -0.187781736    
   1.02885389     -0.183073446    
   1.03736103     -0.177819774    
   1.04554367     -0.172073215    
   1.05339432     -0.165880531    
   1.06090522     -0.159279868    
   1.06807399     -0.152309030    
   1.07489455     -0.144997165    
   1.08136570     -0.137374371    
   1.08748186     -0.129463598    
   1.09324074     -0.121289156    
   1.09863698     -0.112870805    
   1.10366583     -0.104227819    
   1.10832286      -9.53789577E-02
   1.11260033      -8.63405168E-02
   1.11649370      -7.71302283E-02
   1.11999536      -6.77638426E-02
   1.12309825      -5.82580455E-02
   1.12579644      -4.86296415E-02
   1.12808299      -3.88951786E-02
   1.12995183      -2.90720109E-02
   1.13139880      -1.91779342E-02
   1.13241923      -9.23085585E-03
   1.14755273       0.00000000    
   1.14773309       8.99773557E-03
   1.14755833       1.89955607E-02
   1.14699030       2.89787427E-02
   1.14603150       3.89319882E-02
   1.14468527       4.88402545E-02
   1.14295638       5.86889274E-02
   1.14085102       6.84640557E-02
   1.13837278       7.81513527E-02
   1.13552833       8.77374858E-02
   1.13232458       9.72095802E-02
   1.12876451      0.106553599    
   1.12485433      0.115756549    
   1.12059832      0.124804884    
   1.11599898      0.133683443    
   1.11106014      0.142377764    
   1.10578358      0.150871202    
   1.10017014      0.159145892    
   1.09422278      0.167183951    
   1.08794022      0.174962491    
   1.08132529      0.182460800    
   1.07437718      0.189651325    
   1.06709969      0.196508095    
   1.05949318      0.202997863    
   1.05156410      0.209089354    
   1.04331660      0.214741886    
   1.03476143      0.219916657    
   1.02591085      0.224567935    
   1.01678193      0.228645638    
   1.00739956      0.232100323    
  0.997795582      0.234878227    
  0.988009989      0.236925781    
  0.978093266      0.238192499    
  0.968105912      0.238633811    
  0.958117783      0.238216236    
  0.948205531      0.236920431    
  0.938448668      0.234743774    
  0.928925335      0.231703937    
  0.919706285      0.227837875    
  0.910852075      0.223196343    
  0.902409971      0.217840850    
  0.894411027      0.211843356    
  0.886875093      0.205273017    
  0.879807830      0.198200643    
  0.873207450      0.190690234    
  0.867063582      0.182801828    
  0.861363113      0.174586922    
  0.856087446      0.166092947    
  0.851219773      0.157358438    
  0.846740127      0.148418665    
  0.842629850      0.139303014    
  0.838872492      0.130036294    
  0.835449696      0.120640740    
  0.832347214      0.111134559    
  0.829551160      0.101533741    
  0.827048302       9.18523297E-02
  0.824828386       8.21021274E-02
  0.822881758       7.22936764E-02
  0.821199715       6.24363869E-02
  0.819775701       5.25385216E-02
  0.818604469       4.26075868E-02
  0.817681611       3.26504856E-02
  0.817004025       2.26737037E-02
  0.816569984       1.26833608E-02
  0.816378891       2.68542720E-03
  0.816431105      -7.31418701E-03
  0.816728473      -1.73095036E-02
  0.817273557      -2.72943620E-02
  0.818070352      -3.72622758E-02
  0.819123983      -4.72062975E-02
  0.820440590      -5.71189001E-02
  0.822027445      -6.69918284E-02
  0.823893309      -7.68158138E-02
  0.826047599      -8.65805596E-02
  0.828501940      -9.62742269E-02
  0.831269085     -0.105883196    
  0.834362566     -0.115392074    
  0.837798297     -0.124782600    
  0.841593266     -0.134033784    
  0.845766187     -0.143120557    
  0.850335836     -0.152014330    
  0.855324388     -0.160679877    
  0.860751331     -0.169077694    
  0.866638064     -0.177159593    
  0.873002112     -0.184870929    
  0.879857898     -0.192148298    
  0.887212813     -0.198920190    
  0.895064056     -0.205109224    
  0.903394997     -0.210635155    
  0.912174284     -0.215416402    
  0.921349704     -0.219383702    
  0.930854499     -0.222479552    
  0.940608621     -0.224666879    
  0.950524390     -0.225933835    
  0.960514605     -0.226293176    
  0.970498443     -0.225777790    
  0.980405211     -0.224434823    
  0.990176857     -0.222321436    
  0.999767840     -0.219498008    
   1.00914371     -0.216025040    
   1.01827884     -0.211961314    
   1.02715433     -0.207357407    
   1.03575706     -0.202261493    
   1.04407918     -0.196718261    
   1.05211174     -0.190763280    
   1.05985129     -0.184432194    
   1.06729317     -0.177754134    
   1.07443500     -0.170755371    
   1.08127367     -0.163460001    
   1.08780634     -0.155889168    
   1.09402931     -0.148062080    
   1.09994042     -0.139996752    
   1.10553443     -0.131708235    
   1.11080933     -0.123213060    
   1.11575782     -0.114523798    
   1.12037623     -0.105654873    
   1.12465894      -9.66189280E-02
   1.12859786      -8.74277726E-02
   1.13218868      -7.80952871E-02
   1.13542295      -6.86331615E-02
   1.13829374      -5.90545982E-02
   1.14079535      -4.93731201E-02
   1.14292014      -3.96019779E-02
   1.14466286      -2.97555700E-02
   1.14601910      -1.98485237E-02
   1.14698434      -9.89579223E-03
   1.16212451       0.00000000    
   1.16229320       8.99802241E-03
   1.16213298       1.89961772E-02
   1.16160834       2.89818291E-02
   1.16072237       3.89419235E-02
   1.15947831       4.88636382E-02
   1.15788138       5.87346889E-02
   1.15593767       6.85433671E-02
   1.15365171       7.82779530E-02
   1.15103018       8.79275724E-02
   1.14808059       9.74819437E-02
   1.14480650      0.106930189    
   1.14121449      0.116262034    
   1.13730991      0.125467554    
   1.13309550      0.134535387    
   1.12857521      0.143454671    
   1.12375307      0.152214274    
   1.11862850      0.160800636    
   1.11320567      0.169201732    
   1.10748386      0.177401856    
   1.10146439      0.185386360    
   1.09514821      0.193137959    
   1.08853459      0.200637579    
   1.08162594      0.207866177    
   1.07442176      0.214799985    
   1.06692541      0.221416771    
   1.05913806      0.227688730    
   1.05106485      0.233587578    
   1.04271138      0.239082381    
   1.03495884      0.243652180    
   1.02609611      0.248281091    
   1.01698470      0.252398044    
   1.00764227      0.255959392    
  0.998093128      0.258922398    
  0.988367975      0.261242330    
  0.978504241      0.262874544    
  0.968547344      0.263777196    
  0.958550751      0.263914526    
  0.948574722      0.263259977    
  0.938684940      0.261797845    
  0.928949118      0.259527296    
  0.919432998      0.256463379    
  0.910197914      0.252634615    
  0.901297510      0.248081520    
  0.892772973      0.242857635    
  0.884654939      0.237021863    
  0.876963556      0.230633810    
  0.869706333      0.223756388    
  0.862885535      0.216445521    
  0.856493115      0.208756864    
  0.850520194      0.200737908    
  0.844951034      0.192433104    
  0.839770377      0.183880493    
  0.834961534      0.175113410    
  0.830506563      0.166161224    
  0.826389372      0.157048643    
  0.822593570      0.147797495    
  0.819439173      0.139368609    
  0.816213429      0.129903451    
  0.813267708      0.120347470    
  0.810590565      0.110712722    
  0.808171988      0.101009816    
  0.806001365       9.12484378E-02
  0.804071009       8.14367011E-02
  0.802374065       7.15819299E-02
  0.800904036       6.16907291E-02
  0.799655855       5.17691113E-02
  0.798625648       4.18224782E-02
  0.797810495       3.18559259E-02
  0.797208309       2.18742434E-02
  0.796817899       1.18820388E-02
  0.796639144       1.88381632E-03
  0.796672642      -8.11593980E-03
  0.796919823      -1.81126818E-02
  0.797383070      -2.81017348E-02
  0.798065484      -3.80782150E-02
  0.798971117      -4.80368994E-02
  0.800104737      -5.79721741E-02
  0.801471829      -6.78780079E-02
  0.803079247      -7.77476877E-02
  0.804934382      -8.75737667E-02
  0.807045579      -9.73480120E-02
  0.809422255     -0.107061073    
  0.812075019     -0.116702363    
  0.815015316     -0.126259848    
  0.817918122     -0.134778440    
  0.821441472     -0.144136548    
  0.825292408     -0.153364703    
  0.829488456     -0.162440941    
  0.834046006     -0.171341091    
  0.838983655     -0.180035979    
  0.844320834     -0.188491374    
  0.850074649     -0.196668744    
  0.856264532     -0.204520956    
  0.862903833     -0.211996794    
  0.870004237     -0.219035655    
  0.877568305     -0.225573406    
  0.885591447     -0.231538340    
  0.894053996     -0.236861110    
  0.902925014     -0.241470620    
  0.912156522     -0.245307058    
  0.921686947     -0.248325035    
  0.931445301     -0.250495285    
  0.941355467     -0.251809418    
  0.951341629     -0.252279937    
  0.961333096     -0.251936644    
  0.971268356     -0.250821441    
  0.981096029     -0.248984188    
  0.990775168     -0.246478721    
   1.00027442     -0.243358895    
   1.00957036     -0.239676401    
   1.01864445     -0.235477254    
   1.02748477     -0.230805323    
   1.03523445     -0.226230308    
   1.04360807     -0.220765442    
   1.05172789     -0.214929983    
   1.05959117     -0.208752796    
   1.06719315     -0.202256575    
   1.07453310     -0.195465907    
   1.08160675     -0.188398197    
   1.08841407     -0.181073278    
   1.09495032     -0.173505306    
   1.10121500     -0.165711418    
   1.10720348     -0.157703087    
   1.11291409     -0.149494365    
   1.11834264     -0.141096294    
   1.12348402     -0.132519439    
   1.12833536     -0.123775326    
   1.13288987     -0.114872903    
   1.13714290     -0.105822645    
   1.14108849      -9.66342390E-02
   1.14471829      -8.73166770E-02
   1.14802790      -7.78804794E-02
   1.15100861      -6.83353394E-02
   1.15365350      -5.86919188E-02
   1.15595675      -4.89611812E-02
   1.15791118      -3.91544662E-02
   1.15951109      -2.92836986E-02
   1.16075230      -1.93615332E-02
   1.16163099      -9.40071885E-03
   1.17669630       0.00000000    
   1.17685449       9.99827031E-03
   1.17667019       1.99960824E-02
   1.17614532       2.99817771E-02
   1.17528307       3.99440229E-02
   1.17408729       4.98717465E-02
   1.17256331       5.97543940E-02
   1.17071772       6.95820898E-02
   1.16855538       7.93449283E-02
   1.16608334       8.90339389E-02
   1.16330945       9.86409336E-02
   1.16023827      0.108157061    
   1.15687597      0.117574282    
   1.15322924      0.126884982    
   1.14930117      0.136080533    
   1.14509547      0.145152509    
   1.14061725      0.154093206    
   1.13586640      0.162891865    
   1.13084638      0.171539843    
   1.12555838      0.180026710    
   1.12000179      0.188340127    
   1.11417949      0.196469694    
   1.10808933      0.204400420    
   1.10173345      0.212119803    
   1.09511054      0.219611481    
   1.08822250      0.226860002    
   1.08106911      0.233846739    
   1.07365251      0.240553334    
   1.06597376      0.246957958    
   1.05803680      0.253039777    
   1.04984391      0.258771896    
   1.04140186      0.264130533    
   1.03271675      0.269085258    
   1.02379739      0.273604423    
   1.01465666      0.277656496    
   1.00530910      0.281204790    
  0.995773137      0.284210861    
  0.986073613      0.286637247    
  0.976240218      0.288445324    
  0.965311766      0.289675087    
  0.955321491      0.290066183    
  0.945329189      0.289735645    
  0.935389280      0.288663954    
  0.925559163      0.286841720    
  0.915897548      0.284271657    
  0.906461418      0.280968457    
  0.897302985      0.276958883    
  0.888466656      0.272281736    
  0.879987836      0.266983837    
  0.871894121      0.261114210    
  0.864200532      0.254728645    
  0.856916308      0.247879341    
  0.850041449      0.240619123    
  0.843571544      0.232995555    
  0.837496340      0.225053623    
  0.831804276      0.216832548    
  0.826479554      0.208368778    
  0.821508408      0.199692562    
  0.816873670      0.190832078    
  0.812559664      0.181810901    
  0.808552086      0.172649443    
  0.804834902      0.163366333    
  0.801395178      0.153976798    
  0.798220098      0.144494489    
  0.795297265      0.134931400    
  0.792616427      0.125297606    
  0.790167630      0.115602240    
  0.787941813      0.105853252    
  0.785931587       9.60574970E-02
  0.784129858       8.62212777E-02
  0.782530606       7.63501227E-02
  0.781128883       6.64489716E-02
  0.779920816       5.65223321E-02
  0.778902888       4.65744026E-02
  0.778072417       3.66090722E-02
  0.777427793       2.66299974E-02
  0.776968062       1.66406929E-02
  0.776675463       5.64476568E-03
  0.776603818      -4.35483735E-03
  0.776718318      -1.43540325E-02
  0.777020752      -2.43493039E-02
  0.777513564      -3.43369879E-02
  0.778199673      -4.43132408E-02
  0.779082537      -5.42739928E-02
  0.780166626      -6.42148480E-02
  0.781456769      -7.41310567E-02
  0.782958329      -8.40174258E-02
  0.784677625      -9.38682705E-02
  0.786621332     -0.103677280    
  0.788796782     -0.113437459    
  0.791212916     -0.123140849    
  0.793878853     -0.132778570    
  0.796804130     -0.142340705    
  0.800000489     -0.151815623    
  0.803479731     -0.161190301    
  0.807255089     -0.170449674    
  0.811340451     -0.179576427    
  0.815752208     -0.188549966    
  0.820504665     -0.197347596    
  0.825616539     -0.205941290    
  0.831104636     -0.214299530    
  0.836985230     -0.222386330    
  0.843275845     -0.230158374    
  0.849988401     -0.237568572    
  0.857134879     -0.244561076    
  0.864716947     -0.251078337    
  0.872731924     -0.257054627    
  0.881163538     -0.262426794    
  0.889984488     -0.267131627    
  0.899155080     -0.271112025    
  0.908621609     -0.274325430    
  0.918322027     -0.276742876    
  0.928188801     -0.278353155    
  0.938153267     -0.279163569    
  0.948150873     -0.279197305    
  0.959117591     -0.278380126    
  0.969006777     -0.276908726    
  0.978778720     -0.274793327    
  0.988403022     -0.272083491    
  0.997856736     -0.268827528    
   1.00712204     -0.265068620    
   1.01618636     -0.260847896    
   1.02504170     -0.256203860    
   1.03368092     -0.251169264    
   1.04209876     -0.245772168    
   1.05029273     -0.240041539    
   1.05825913     -0.233997911    
   1.06599629     -0.227663487    
   1.07350230     -0.221056730    
   1.08077466     -0.214193255    
   1.08781254     -0.207089230    
   1.09461248     -0.199757367    
   1.10117352     -0.192211196    
   1.10749304     -0.184461296    
   1.11356843     -0.176518708    
   1.11939788     -0.168393716    
   1.12497687     -0.160094544    
   1.13030362     -0.151631489    
   1.13537228     -0.143011615    
   1.14018059     -0.134243652    
   1.14472258     -0.125334814    
   1.14899230     -0.116292462    
   1.15298545     -0.107124530    
   1.15669453      -9.78381336E-02
   1.16011238      -8.84406492E-02
   1.16323364      -7.89404884E-02
   1.16604936      -6.93453178E-02
   1.16855311      -5.96641339E-02
   1.17073858      -4.99062426E-02
   1.17259824      -4.00810651E-02
   1.17412674      -3.01989466E-02
   1.17531991      -2.02708133E-02
   1.17617369      -1.03077581E-02
   1.19126797       0.00000000    
   1.19141531       8.99848435E-03
   1.19127154       1.89970098E-02
   1.19080615       2.89857108E-02
   1.19002235       3.89544927E-02
   1.18892407       4.88935448E-02
   1.18751693       5.87935485E-02
   1.18580759       6.86458796E-02
   1.18380129       7.84420595E-02
   1.18150568       8.81744549E-02
   1.17892921       9.78363678E-02
   1.17607677      0.107420377    
   1.17295527      0.116920158    
   1.16957223      0.126330063    
   1.16593051      0.135642856    
   1.16203594      0.144852743    
   1.15789235      0.153953388    
   1.15350151      0.162937239    
   1.14886642      0.171797574    
   1.14398885      0.180526748    
   1.13886869      0.189115927    
   1.13350809      0.197557032    
   1.12790549      0.205839708    
   1.12206244      0.213954285    
   1.11597884      0.221890286    
   1.10965347      0.229635075    
   1.10308826      0.237177342    
   1.09628165      0.244502246    
   1.08923602      0.251597822    
   1.08195078      0.258446544    
   1.07442892      0.265034765    
   1.06667078      0.271342933    
   1.05868018      0.277354330    
   1.05045998      0.283047765    
   1.04201412      0.288400590    
   1.03334928      0.293391168    
   1.02447128      0.297991842    
   1.01538944      0.302175134    
   1.00611520      0.305912912    
  0.996662438      0.309172243    
  0.987048507      0.311919630    
  0.977295220      0.314121097    
  0.967429101      0.315743059    
  0.957481742      0.316752285    
  0.947490215      0.317117780    
  0.937496841      0.316813082    
  0.927548409      0.315818876    
  0.917695343      0.314123482    
  0.907989383      0.311725229    
  0.898482084      0.308631748    
  0.889221728      0.304862827    
  0.880251050      0.300448269    
  0.871605814      0.295426220    
  0.863314986      0.289838076    
  0.855397046      0.283732593    
  0.847864449      0.277157396    
  0.840721488      0.270160764    
  0.834624767      0.263541341    
  0.828214347      0.255867422    
  0.822177410      0.247896507    
  0.816501379      0.239664212    
  0.811173499      0.231202379    
  0.806178272      0.222539932    
  0.801501453      0.213701516    
  0.797127306      0.204709262    
  0.793041706      0.195582375    
  0.789230645      0.186337337    
  0.785680771      0.176988855    
  0.782379091      0.167549804    
  0.779314995      0.158031002    
  0.776476800      0.148442358    
  0.773854911      0.138792351    
  0.771440923      0.129088208    
  0.769226015      0.119336732    
  0.767202914      0.109543592    
  0.765365720       9.97139141E-02
  0.763708532       8.98522586E-02
  0.762226284       7.99628049E-02
  0.760915101       7.00492337E-02
  0.759771645       6.01149052E-02
  0.758793056       5.01629822E-02
  0.757977545       4.01963741E-02
  0.757323802       3.02178469E-02
  0.756830931       2.02300828E-02
  0.756498754       1.02356952E-02
  0.756327808       2.37258268E-04
  0.756318927      -9.76262707E-03
  0.756473541      -1.97613165E-02
  0.756793678      -2.97560673E-02
  0.757281542      -3.97440270E-02
  0.757940054      -4.97221909E-02
  0.758772552      -5.96873276E-02
  0.759782553      -6.96360543E-02
  0.760974348      -7.95646012E-02
  0.762352467      -8.94689709E-02
  0.763921738      -9.93448421E-02
  0.765687764     -0.109187454    
  0.767657101     -0.118991382    
  0.769835949     -0.128750905    
  0.772231340     -0.138459489    
  0.774851918     -0.148109719    
  0.777705967     -0.157693446    
  0.780802369     -0.167201683    
  0.784152746     -0.176623315    
  0.787767053     -0.185946822    
  0.791657865     -0.195158333    
  0.795838773     -0.204241842    
  0.800323367     -0.213179186    
  0.805126667     -0.221949309    
  0.810265362     -0.230527207    
  0.815754294     -0.238885045    
  0.821611464     -0.246989071    
  0.827851057     -0.254802316    
  0.833806455     -0.261548966    
  0.840810239     -0.268684715    
  0.848228872     -0.275387943    
  0.856061280     -0.281602234    
  0.864300847     -0.287265241    
  0.872927070     -0.292319238    
  0.881910264     -0.296706855    
  0.891208410     -0.300379843    
  0.900768280     -0.303305328    
  0.910530031     -0.305462778    
  0.920431018     -0.306849211    
  0.930408776     -0.307478130    
  0.940406144     -0.307376236    
  0.950372636     -0.306580633    
  0.960265815     -0.305134594    
  0.970051944     -0.303084224    
  0.979704499     -0.300476164    
  0.989203811     -0.297355622    
  0.998535037     -0.293762743    
   1.00768757     -0.289735615    
   1.01665425     -0.285310030    
   1.02542996     -0.280516714    
   1.03400981     -0.275381029    
   1.04239237     -0.269929260    
   1.05057490     -0.264181554    
   1.05855536     -0.258156329    
   1.06633341     -0.251872033    
   1.07390583     -0.245341197    
   1.08127308     -0.238579556    
   1.08843148     -0.231596828    
   1.09538114     -0.224406570    
   1.10211802     -0.217016742    
   1.10864282     -0.209438503    
   1.11495066     -0.201679036    
   1.12104201     -0.193748415    
   1.12691224     -0.185653016    
   1.13256049     -0.177400917    
   1.13798332     -0.168998793    
   1.14317632     -0.160452962    
   1.14813828     -0.151770994    
   1.15286243     -0.142957181    
   1.15734613     -0.134018749    
   1.16158390     -0.124961227    
   1.16556835     -0.115789503    
   1.16929591     -0.106510364    
   1.17275834      -9.71290916E-02
   1.17594850      -8.76517743E-02
   1.17886031      -7.80853257E-02
   1.18148518      -6.84361979E-02
   1.18381608      -5.87118417E-02
   1.18584633      -4.89204451E-02
   1.18756926      -3.90703082E-02
   1.18897867      -2.91704834E-02
   1.19007087      -1.92306824E-02
   1.19084203      -9.26083885E-03
   1.20583975       0.00000000    
   1.20597672       8.99867993E-03
   1.20583582       1.89972892E-02
   1.20538890       2.89868768E-02
   1.20463920       3.89583185E-02
   1.20359087       4.89027910E-02
   1.20225000       5.88120557E-02
   1.20062327       6.86784163E-02
   1.19871664       7.84945413E-02
   1.19653833       8.82539526E-02
   1.19409728       9.79510471E-02
   1.19139898      0.107579663    
   1.18845129      0.117134869    
   1.18526196      0.126612216    
   1.18183470      0.136006057    
   1.17817557      0.145312116    
   1.17428911      0.154525638    
   1.17017770      0.163640797    
   1.16584361      0.172652140    
   1.16129017      0.181554735    
   1.15651631      0.190341115    
   1.15152407      0.199005440    
   1.14631379      0.207540274    
   1.14088428      0.215937451    
   1.13523722      0.224189669    
   1.12937021      0.232287124    
   1.12328506      0.240221754    
   1.11697984      0.247982726    
   1.11045563      0.255560577    
   1.10371220      0.262944162    
   1.09675038      0.270122230    
   1.08957148      0.277082831    
   1.08217633      0.283813566    
   1.07456648      0.290300548    
   1.06674492      0.296530187    
   1.05871248      0.302485794    
   1.05047393      0.308152586    
   1.04288459      0.312988937    
   1.03426254      0.318053097    
   1.02544618      0.322771490    
   1.01644170      0.327119052    
   1.00725722      0.331072330    
  0.997903168      0.334605157    
  0.988391459      0.337688535    
  0.978737354      0.340291917    
  0.968960106      0.342384905    
  0.959082544      0.343936831    
  0.949132085      0.344917387    
  0.939140797      0.345297426    
  0.929145575      0.345051467    
  0.919187248      0.344159693    
  0.909309983      0.342608154    
  0.899560809      0.340391248    
  0.889986277      0.337511867    
  0.880631864      0.333982170    
  0.871539116      0.329825103    
  0.862743318      0.325071275    
  0.854275346      0.319755256    
  0.846156716      0.313919455    
  0.838401794      0.307608068    
  0.831019998      0.300863981    
  0.824011743      0.293732166    
  0.817375422      0.286252826    
  0.811102569      0.278466076    
  0.805184424      0.270406187    
  0.799607933      0.262106091    
  0.794359684      0.253594518    
  0.789426208      0.244896680    
  0.784792066      0.236035585    
  0.780443430      0.227030933    
  0.776366472      0.217899993    
  0.772546709      0.208658472    
  0.768972695      0.199319169    
  0.765631318      0.189894095    
  0.762813807      0.181346551    
  0.759884655      0.171785295    
  0.757157624      0.162164465    
  0.754623771      0.152490929    
  0.752274871      0.142770812    
  0.750103295      0.133009538    
  0.748102248      0.123211890    
  0.746265769      0.113382012    
  0.744588315      0.103523761    
  0.743065238       9.36405063E-02
  0.741692781       8.37351680E-02
  0.740467429       7.38105848E-02
  0.739386141       6.38692603E-02
  0.738447070       5.39135039E-02
  0.737648785       4.39454690E-02
  0.736990094       3.39672491E-02
  0.736470699       2.39808131E-02
  0.736090660       1.39881140E-02
  0.735850513       3.99107207E-03
  0.735751092      -6.00835355E-03
  0.735793889      -1.60081759E-02
  0.735980570      -2.60063410E-02
  0.736313164      -3.60007100E-02
  0.736794055      -4.59890254E-02
  0.737425983      -5.59689254E-02
  0.738211870      -6.59378618E-02
  0.739155173      -7.58931488E-02
  0.740259171      -8.58318806E-02
  0.741527736      -9.57509428E-02
  0.742965341     -0.105646893    
  0.744576454     -0.115516096    
  0.746365845     -0.125354499    
  0.748339057     -0.135157630    
  0.750501513     -0.144920781    
  0.752859414     -0.154638559    
  0.755420029     -0.164304867    
  0.757903516     -0.172955230    
  0.760868907     -0.182505161    
  0.764060140     -0.191981927    
  0.767486155     -0.201376334    
  0.771156847     -0.210677892    
  0.775084138     -0.219874009    
  0.779279947     -0.228950709    
  0.783756435     -0.237892270    
  0.788529158     -0.246679232    
  0.793611884     -0.255290568    
  0.799020588     -0.263700783    
  0.804771602     -0.271880567    
  0.810879827     -0.279797047    
  0.817361951     -0.287410229    
  0.824228942     -0.294678062    
  0.831492364     -0.301549315    
  0.839154720     -0.307972521    
  0.847214878     -0.313888162    
  0.855659842     -0.319239914    
  0.864467323     -0.323970795    
  0.873604238     -0.328029126    
  0.883024812     -0.331376612    
  0.892675638     -0.333986491    
  0.902498543     -0.335847348    
  0.912433684     -0.336964071    
  0.922423899     -0.337356985    
  0.932417512     -0.337057412    
  0.942370296     -0.336104572    
  0.952245891     -0.334542483    
  0.962016046     -0.332416743    
  0.971658885     -0.329772145    
  0.981158555     -0.326651782    
  0.990503311     -0.323094070    
  0.999684930     -0.319133848    
   1.00869811     -0.314804405    
   1.01754057     -0.310134768    
   1.02620792     -0.305147886    
   1.03385842     -0.300407827    
   1.04219127     -0.294880122    
   1.05034554     -0.289092094    
   1.05832148     -0.283061117    
   1.06611741     -0.276798546    
   1.07373261     -0.270317495    
   1.08116567     -0.263628483    
   1.08841479     -0.256740242    
   1.09547901     -0.249662489    
   1.10235572     -0.242402285    
   1.10904372     -0.234967917    
   1.11554050     -0.227365792    
   1.12184405     -0.219602793    
   1.12795293     -0.211685836    
   1.13386393     -0.203619748    
   1.13957644     -0.195411846    
   1.14508569     -0.187066361    
   1.15039170     -0.178590104    
   1.15549016     -0.169987604    
   1.16037750     -0.161263332    
   1.16505134     -0.152422890    
   1.16950572     -0.143469781    
   1.17373693     -0.134409159    
   1.17774010     -0.125245407    
   1.18150699     -0.115982167    
   1.18503416     -0.106624983    
   1.18831265      -9.71778408E-02
   1.19133544      -8.76457766E-02
   1.19409597      -7.80345052E-02
   1.19658542      -6.83494732E-02
   1.19879627      -5.85971512E-02
   1.20072186      -4.87845838E-02
   1.20235503      -3.89191061E-02
   1.20368946      -2.90088318E-02
   1.20472145      -1.90625712E-02
   1.20544732      -9.08929761E-03
   1.22041154       0.00000000    
   1.22053766       8.99885595E-03
   1.22039652       1.89974867E-02
   1.21996164       2.89876498E-02
   1.21923661       3.89609523E-02
   1.21822560       4.89093326E-02
   1.21693492       5.88252768E-02
   1.21537185       6.87019527E-02
   1.21354282       7.85328895E-02
   1.21145689       8.83125290E-02
   1.20912361       9.80361104E-02
   1.20654941      0.107698709    
   1.20374262      0.117296271    
   1.20071185      0.126825511    
   1.19746184      0.136282220    
   1.19399858      0.145662963    
   1.19032776      0.154964417    
   1.18645167      0.164182305    
   1.18237305      0.173312292    
   1.17809534      0.182350710    
   1.17361736      0.191291645    
   1.16894150      0.200130656    
   1.16406786      0.208862245    
   1.15899503      0.217479423    
   1.15372455      0.225977257    
   1.14825416      0.234347895    
   1.14258409      0.242584303    
   1.13671410      0.250679433    
   1.13064253      0.258624732    
   1.12437093      0.266412824    
   1.11789727      0.274033964    
   1.11122406      0.281481355    
   1.10435057      0.288743794    
   1.09727943      0.295813829    
   1.09001017      0.302680343    
   1.08254635      0.309334815    
   1.07488787      0.315764129    
   1.06703818      0.321959347    
   1.05899870      0.327905357    
   1.05077267      0.333590358    
   1.04236233      0.338999361    
   1.03377032      0.344114721    
   1.02500176      0.348920912    
   1.01606059      0.353397310    
   1.00695217      0.357522607    
  0.997683883      0.361275613    
  0.988264382      0.364631355    
  0.978704810      0.367563099    
  0.969018102      0.370043218    
  0.959221423      0.372044176    
  0.949334681      0.373537242    
  0.939381778      0.374493450    
  0.929390848      0.374885410    
  0.919394255      0.374688327    
  0.909428596      0.373881280    
  0.899533451      0.372448772    
  0.889751017      0.370382011    
  0.880124748      0.367680728    
  0.870697439      0.364350259    
  0.861509502      0.360407293    
  0.852596343      0.355877250    
  0.843988717      0.350790203    
  0.835711777      0.345181078    
  0.827781379      0.339091480    
  0.820210159      0.332560629    
  0.813001513      0.325631708    
  0.806156218      0.318343341    
  0.799668014      0.310735077    
  0.793530285      0.302841127    
  0.787730634      0.294695437    
  0.782258809      0.286326110    
  0.777099431      0.277760416    
  0.772239208      0.269021273    
  0.767664373      0.260129452    
  0.763360023      0.251103491    
  0.759313047      0.241959229    
  0.755510390      0.232710734    
  0.751938701      0.223370552    
  0.748587251      0.213949040    
  0.745443881      0.204455987    
  0.742498457      0.194899723    
  0.739741981      0.185287237    
  0.737164438      0.175625220    
  0.734757841      0.165919200    
  0.732514918      0.156174034    
  0.730428100      0.146394283    
  0.728491127      0.136583731    
  0.726698816      0.126745716    
  0.725045681      0.116883308    
  0.723526895      0.106999353    
  0.722138822       9.70962048E-02
  0.720878363       8.71759728E-02
  0.719742477       7.72407278E-02
  0.718729198       6.72922209E-02
  0.717836916       5.73321469E-02
  0.717064381       4.73620854E-02
  0.716410935       3.73834930E-02
  0.715876818       2.73978133E-02
  0.715462327       1.74064543E-02
  0.715167999       7.41083827E-03
  0.714995205      -2.58761062E-03
  0.714945376      -1.25874253E-02
  0.715020061      -2.25870758E-02
  0.715221345      -3.25849801E-02
  0.715551496      -4.25794497E-02
  0.716012716      -5.25687188E-02
  0.716607809      -6.25508949E-02
  0.717339337      -7.25239962E-02
  0.718210161      -8.24858770E-02
  0.719223619      -9.24342722E-02
  0.720382869     -0.102366738    
  0.721691370     -0.112280630    
  0.723153055     -0.122173078    
  0.724771798     -0.132041052    
  0.726551175     -0.141881302    
  0.728496075     -0.151690185    
  0.730611920     -0.161463618    
  0.732902944     -0.171197459    
  0.735374629     -0.180886954    
  0.738034070     -0.190526620    
  0.740886986     -0.200110763    
  0.743939996     -0.209633023    
  0.747202516     -0.219085544    
  0.750681639     -0.228460565    
  0.754387140     -0.237748355    
  0.758329630     -0.246937975    
  0.762520015     -0.256017208    
  0.766970098     -0.264971912    
  0.771694660     -0.273784876    
  0.776705980     -0.282437950    
  0.782020986     -0.290907800    
  0.787655056     -0.299168795    
  0.793624282     -0.307190746    
  0.799945652     -0.314938128    
  0.806632578     -0.322372168    
  0.813699782     -0.329445213    
  0.821154177     -0.336108863    
  0.829000473     -0.342305750    
  0.837232590     -0.347979724    
  0.845836103     -0.353072584    
  0.854785979     -0.357528299    
  0.864043593     -0.361302972    
  0.873562157     -0.364360750    
  0.883286595     -0.366681784    
  0.893158257     -0.368262947    
  0.903119564     -0.369117409    
  0.913116395     -0.369271487    
  0.923101664     -0.368761986    
  0.933036029     -0.367631286    
  0.942888141     -0.365924776    
  0.952633679     -0.363688558    
  0.962255180     -0.360966980    
  0.971740186     -0.357801765    
  0.981080294     -0.354231387    
  0.990269482     -0.350288600    
  0.999304295     -0.346003860    
   1.00818348     -0.341405362    
   1.01690626     -0.336515874    
   1.02547145     -0.331355155    
   1.03388011     -0.325943023    
   1.04213119     -0.320293605    
   1.05022478     -0.314421028    
   1.05816150     -0.308337867    
   1.06593931     -0.302052915    
   1.07355928     -0.295577109    
   1.08101833     -0.288916677    
   1.08831680     -0.282080650    
   1.09545135     -0.275073707    
   1.10242176     -0.267903566    
   1.10922456     -0.260573804    
   1.11585903     -0.253091395    
   1.12232125     -0.245459959    
   1.12861109     -0.237685740    
   1.13472426     -0.229771942    
   1.14066076     -0.221724898    
   1.14641702     -0.213547692    
   1.15199184     -0.205245733    
   1.15738356     -0.196823731    
   1.16258872     -0.188285157    
   1.16760647     -0.179635167    
   1.17243266     -0.170876876    
   1.17706466     -0.162014380    
   1.18149865     -0.153051108    
   1.18572927     -0.143990263    
   1.18975246     -0.134835377    
   1.19356275     -0.125589728    
   1.19715226     -0.116256274    
   1.20051682     -0.106839359    
   1.20364749      -9.73421484E-02
   1.20653665      -8.77686962E-02
   1.20917726      -7.81238526E-02
   1.21156025      -6.84121475E-02
   1.21367741      -5.86390272E-02
   1.21552169      -4.88107689E-02
   1.21708548      -3.89340781E-02
   1.21836233      -2.90162340E-02
   1.21934831      -1.90652683E-02
   1.22003996      -9.08953883E-03
   1.23498333       0.00000000    
   1.23509645       9.99902654E-03
   1.23492312       1.99971758E-02
   1.23446620       2.99863666E-02
   1.23372936       3.99588086E-02
   1.23271716       4.99071032E-02
   1.23143578       5.98243028E-02
   1.22989321       6.97042346E-02
   1.22809720       7.95412436E-02
   1.22605717       8.93305987E-02
   1.22378349       9.90683436E-02
   1.22128439      0.108750671    
   1.21856821      0.118374363    
   1.21564460      0.127937019    
   1.21251953      0.137435868    
   1.20919883      0.146868020    
   1.20568895      0.156231418    
   1.20199323      0.165523008    
   1.19811392      0.174739510    
   1.19405437      0.183878064    
   1.18981397      0.192934096    
   1.18539345      0.201903522    
   1.18079412      0.210782632    
   1.17601407      0.219565809    
   1.17105412      0.228248671    
   1.16591322      0.236825541    
   1.16058969      0.245290264    
   1.15508378      0.253637463    
   1.14939260      0.261859685    
   1.14351702      0.269950837    
   1.13745594      0.277904272    
   1.13120925      0.285712600    
   1.12477803      0.293369681    
   1.11816216      0.300867617    
   1.11136401      0.308200687    
   1.10438371      0.315360725    
   1.09722447      0.322342157    
   1.08988690      0.329135269    
   1.08237398      0.335734218    
   1.07468653      0.342128843    
   1.06682706      0.348311037    
   1.05879760      0.354270279    
   1.05059898      0.359995216    
   1.04223454      0.365475118    
   1.03370535      0.370694906    
   1.02501500      0.375641435    
   1.01616609      0.380298465    
   1.00716186      0.384647310    
  0.998007298      0.388670295    
  0.988708258      0.392346650    
  0.979271531      0.395653337    
  0.969705820      0.398565948    
  0.960022628      0.401060194    
  0.950235844      0.403109878    
  0.940361977      0.404687345    
  0.930421233      0.405765146    
  0.920437515      0.406316221    
  0.910438836      0.406315506    
  0.900456846      0.405739963    
  0.890527070      0.404570997    
  0.880687594      0.402795166    
  0.870978951      0.400405586    
  0.861442029      0.397403419    
  0.852116883      0.393796623    
  0.843041003      0.389601648    
  0.834247172      0.384843737    
  0.825762689      0.379553646    
  0.817610204      0.373765081    
  0.809802890      0.367518574    
  0.802350938      0.360851794    
  0.795256138      0.353805959    
  0.788517952      0.346418142    
  0.782129169      0.338725984    
  0.776082516      0.330761999    
  0.770365000      0.322558492    
  0.764965415      0.314142108    
  0.759869158      0.305538505    
  0.755062640      0.296769798    
  0.750531495      0.287855685    
  0.746261179      0.278813601    
  0.742238462      0.269658566    
  0.738450289      0.260403991    
  0.734883189      0.251061976    
  0.731526554      0.241642311    
  0.728368163      0.232154310    
  0.725397944      0.222605735    
  0.722606003      0.213003442    
  0.719983339      0.203353539    
  0.717521369      0.193661392    
  0.715212047      0.183931693    
  0.713048398      0.174168602    
  0.711023510      0.164375752    
  0.709131062      0.154556468    
  0.707365632      0.144713566    
  0.705721855      0.134849623    
  0.704195321      0.124966852    
  0.702782273      0.115067214    
  0.701478541      0.105152585    
  0.700281203       9.52245444E-02
  0.699188232       8.52844715E-02
  0.698197484       7.53336772E-02
  0.697307527       6.53733686E-02
  0.696517646       5.54046519E-02
  0.695827544       4.54285219E-02
  0.695236921       3.54460031E-02
  0.694746673       2.54580528E-02
  0.694357812       1.54656488E-02
  0.694071412       5.46978926E-03
  0.693889141      -4.52850852E-03
  0.693812966      -1.45281730E-02
  0.693844795      -2.45280731E-02
  0.693986773      -3.45270149E-02
  0.694241166      -4.45237122E-02
  0.694610298      -5.45168258E-02
  0.695096552      -6.45049214E-02
  0.695702553      -7.44864643E-02
  0.696430624      -8.44598413E-02
  0.697283626      -9.44232941E-02
  0.698264301     -0.104375005    
  0.699375331     -0.114312984    
  0.700619519     -0.124235161    
  0.702000141     -0.134139284    
  0.703520060     -0.144023001    
  0.705182195     -0.153883725    
  0.706990957     -0.163718641    
  0.708949685     -0.173524782    
  0.711061597     -0.183299050    
  0.713331521     -0.193037823    
  0.715764225     -0.202737242    
  0.718363762     -0.212393254    
  0.721135676     -0.222001180    
  0.724086642     -0.231555611    
  0.727221370     -0.241051316    
  0.730548263     -0.250481457    
  0.734075010     -0.259838730    
  0.737809181     -0.269115031    
  0.741761446     -0.278300464    
  0.745942354     -0.287384093    
  0.750362396     -0.296353787    
  0.755036533     -0.305193752    
  0.759977221     -0.313887388    
  0.765200138     -0.322414339    
  0.770723343     -0.330749869    
  0.776561737     -0.338867724    
  0.782735348     -0.346733421    
  0.789259970     -0.354310244    
  0.796153247     -0.361553162    
  0.803427339     -0.368413240    
  0.811091781     -0.374834031    
  0.819146454     -0.380757391    
  0.827584863     -0.386119455    
  0.836385667     -0.390863150    
  0.845517099     -0.394934237    
  0.854934692     -0.398289502    
  0.864584446     -0.400903761    
  0.874406695     -0.402768552    
  0.884341002     -0.403892964    
  0.894330561     -0.404302299    
  0.904325187     -0.404033124    
  0.914282799     -0.403130591    
  0.924170256     -0.401643455    
  0.933962405     -0.399620593    
  0.943641126     -0.397109866    
  0.953193545     -0.394154727    
  0.962611675     -0.390795022    
  0.971890330     -0.387067884    
  0.981027842     -0.383006305    
  0.990022480     -0.378637373    
  0.998874187     -0.373985499    
   1.00758481     -0.369074285    
   1.01615441     -0.363921374    
   1.02458429     -0.358542740    
   1.03287709     -0.352954119    
   1.04103136     -0.347166002    
   1.04904926     -0.341190070    
   1.05693054     -0.335035056    
   1.06467450     -0.328708112    
   1.07228160     -0.322217286    
   1.07974935     -0.315566510    
   1.08707821     -0.308763087    
   1.09426463     -0.301809162    
   1.10130847     -0.294711173    
   1.10820580     -0.287470400    
   1.11495578     -0.280092537    
   1.12155449     -0.272578657    
   1.12800109     -0.264933884    
   1.13429141     -0.257160068    
   1.14042425     -0.249261394    
   1.14639628     -0.241240472    
   1.15220594     -0.233101100    
   1.15785217     -0.224847466    
   1.16333151     -0.216482386    
   1.16864455     -0.208010480    
   1.17378807     -0.199434564    
   1.17876136     -0.190759033    
   1.18356228     -0.181986839    
   1.18818653     -0.173120186    
   1.19263315     -0.164163172    
   1.19689620     -0.155117348    
   1.20097148     -0.145985410    
   1.20485461     -0.136770085    
   1.20853889     -0.127473518    
   1.21201801     -0.118098252    
   1.21528649     -0.108647525    
   1.21833503      -9.91235971E-02
   1.22115648      -8.95299241E-02
   1.22374272      -7.98703134E-02
   1.22608364      -7.01483041E-02
   1.22817087      -6.03687242E-02
   1.22999644      -5.05369753E-02
   1.23155153      -4.06588614E-02
   1.23282957      -3.07411104E-02
   1.23382592      -2.07911637E-02
   1.23453712      -1.08167762E-02
   1.24955511       0.00000000    
   1.24965739       8.99918936E-03
   1.24950576       1.89977121E-02
   1.24907780       2.89882012E-02
   1.24837732       3.89632918E-02
   1.24740851       4.89158891E-02
   1.24617684       5.88393845E-02
   1.24469030       6.87279478E-02
   1.24295771       7.85764232E-02
   1.24099052       8.83806571E-02
   1.23879969       9.81373414E-02
   1.23639441      0.107843429    
   1.23378491      0.117496602    
   1.23098159      0.127095312    
   1.22799122      0.136637375    
   1.22482121      0.146121323    
   1.22147858      0.155545801    
   1.21796727      0.164908752    
   1.21429110      0.174208090    
   1.21045315      0.183441937    
   1.20645225      0.192606345    
   1.20228839      0.201697901    
   1.19796300      0.210713699    
   1.19347405      0.219649151    
   1.18882227      0.228500843    
   1.18400729      0.237264872    
   1.17902648      0.245935664    
   1.17387962      0.254509121    
   1.16856384      0.262978971    
   1.16307819      0.271339744    
   1.15742159      0.279585689    
   1.15159190      0.287710339    
   1.14559054      0.295708865    
   1.13941634      0.303574651    
   1.13307154      0.311303586    
   1.12655663      0.318889797    
   1.11987448      0.326328844    
   1.11302626      0.333615720    
   1.10601485      0.340745538    
   1.09884202      0.347712845    
   1.09151006      0.354512632    
   1.08402073      0.361138672    
   1.07637656      0.367585182    
   1.06857800      0.373844087    
   1.06062806      0.379909694    
   1.05252683      0.385771334    
   1.04427660      0.391421527    
   1.03587830      0.396849006    
   1.02733266      0.402042001    
   1.01864266      0.406988949    
   1.00980902      0.411674559    
   1.00083435      0.416083902    
  0.991721869      0.420201242    
  0.982475221      0.424007595    
  0.973098874      0.427482456    
  0.963599741      0.430605978    
  0.953985691      0.433355510    
  0.944266677      0.435706317    
  0.934454858      0.437633365    
  0.924565315      0.439110607    
  0.914616585      0.440110862    
  0.904630005      0.440608114    
  0.894631207      0.440576643    
  0.884649694      0.439992368    
  0.874718428      0.438834757    
  0.864873946      0.437087238    
  0.855155051      0.434739441    
  0.845602155      0.431788534    
  0.836254716      0.428239971    
  0.827150404      0.424107224    
  0.818324089      0.419409841    
  0.809804261      0.414177030    
  0.801613152      0.408443153    
  0.793767989      0.402244180    
  0.786277175      0.395621121    
  0.779146075      0.388612121    
  0.772371471      0.381257594    
  0.765950024      0.373592943    
  0.759870589      0.365653872    
  0.754123747      0.357470751    
  0.748694897      0.349073350    
  0.743570626      0.340486616    
  0.738736689      0.331732929    
  0.734176934      0.322833419    
  0.729878008      0.313804805    
  0.725824773      0.304663301    
  0.722003102      0.295422584    
  0.718400955      0.286093980    
  0.715004444      0.276688665    
  0.711802244      0.267215312    
  0.708784103      0.257681787    
  0.705938458      0.248095244    
  0.703256547      0.238461584    
  0.700729549      0.228786126    
  0.698348582      0.219073758    
  0.696106553      0.209328353    
  0.693996191      0.199553534    
  0.692010581      0.189752668    
  0.690143585      0.179928526    
  0.688389897      0.170083478    
  0.686743736      0.160219908    
  0.685200036      0.150339797    
  0.683754563      0.140444770    
  0.682403445      0.130536467    
  0.681142807      0.120616257    
  0.679969668      0.110685296    
  0.678881407      0.100744687    
  0.677875698       9.07953754E-02
  0.676951051       8.08382258E-02
  0.676106572       7.08739385E-02
  0.675341666       6.09032400E-02
  0.674656093       5.09267710E-02
  0.674050748       4.09451127E-02
  0.673526585       3.09588686E-02
  0.673084676       2.09686588E-02
  0.672727108       1.09750759E-02
  0.672455966       9.78777884E-04
  0.672287405      -8.01962148E-03
  0.672186315      -1.80190783E-02
  0.672178328      -2.80190371E-02
  0.672265768      -3.80186141E-02
  0.672451079      -4.80168536E-02
  0.672736645      -5.80127314E-02
  0.673124671      -6.80051371E-02
  0.673617601      -7.79929310E-02
  0.674217641      -8.79748464E-02
  0.674926937      -9.79495719E-02
  0.675747812     -0.107915737    
  0.676682532     -0.117871895    
  0.677733123     -0.127816468    
  0.678901911     -0.137747854    
  0.680191338     -0.147664249    
  0.681603372     -0.157563910    
  0.683140516     -0.167445004    
  0.684805810     -0.177305251    
  0.686601341     -0.187142596    
  0.688529313     -0.196954846    
  0.690593123     -0.206739411    
  0.692796052     -0.216493636    
  0.695140362     -0.226214841    
  0.697630107     -0.235899791    
  0.700269461     -0.245545030    
  0.703061581     -0.255147129    
  0.706011832     -0.264701933    
  0.709125996     -0.274204463    
  0.712408543     -0.283650100    
  0.715867519     -0.293032616    
  0.719510138     -0.302345306    
  0.723344266     -0.311580867    
  0.727380157     -0.320729882    
  0.731629312     -0.329781830    
  0.736102223     -0.338725299    
  0.740815043     -0.347544700    
  0.745781600     -0.356223613    
  0.751019299     -0.364741534    
  0.756548285     -0.373073250    
  0.762386858     -0.381190896    
  0.768558681     -0.389057934    
  0.775083542     -0.396634549    
  0.781984150     -0.403870404    
  0.789276838     -0.410710543    
  0.796975553     -0.417089939    
  0.805082560     -0.422941118    
  0.813591123     -0.428190827    
  0.822476923     -0.432772547    
  0.831700921     -0.436627656    
  0.841209948     -0.439712942    
  0.850940228     -0.442007720    
  0.860823393     -0.443515331    
  0.870793343     -0.444259852    
  0.880791306     -0.444280654    
  0.890768230     -0.443629354    
  0.900686264     -0.442362696    
  0.910516858     -0.440537214    
  0.920240581     -0.438207418    
  0.929844379     -0.435423315    
  0.939320207     -0.432230443    
  0.948664248     -0.428669780    
  0.957875073     -0.424777567    
  0.966952324     -0.420582861    
  0.975897312     -0.416113287    
  0.984713018     -0.411393493    
  0.993400753     -0.406441987    
   1.00196278     -0.401276201    
   1.01040292     -0.395913035    
   1.01872146     -0.390363067    
   1.02692163     -0.384639680    
   1.03500473     -0.378752291    
   1.04297137     -0.372708261    
   1.05082381     -0.366516203    
   1.05856025     -0.360180229    
   1.06618237     -0.353706896    
   1.07368755     -0.347098649    
   1.08107615     -0.340360224    
   1.08834577     -0.333493203    
   1.09549499     -0.326501191    
   1.10252118     -0.319385618    
   1.10942233     -0.312148631    
   1.11619508     -0.304791391    
   1.12283719     -0.297316015    
   1.12934482     -0.289723247    
   1.13571632     -0.282015651    
   1.14194691     -0.274193853    
   1.14803529     -0.266261071    
   1.15397739     -0.258217961    
   1.15977216     -0.250068158    
   1.16541636     -0.241813019    
   1.17090869     -0.233456299    
   1.17624879     -0.225001559    
   1.18143511     -0.216451466    
   1.18646860     -0.207810462    
   1.19134617     -0.199080616    
   1.19606662     -0.190264866    
   1.20062912     -0.181366250    
   1.20502841     -0.172385857    
   1.20926356     -0.163326770    
   1.21332836     -0.154190123    
   1.21721709     -0.144977331    
   1.22092581     -0.135690570    
   1.22444773     -0.126331300    
   1.22777581     -0.116901413    
   1.23090494     -0.107403539    
   1.23382497      -9.78394151E-02
   1.23652756      -8.82116109E-02
   1.23900390      -7.85231739E-02
   1.24124300      -6.87771440E-02
   1.24323535      -5.89777678E-02
   1.24497199      -4.91298959E-02
   1.24644315      -3.92389223E-02
   1.24764192      -2.93112937E-02
   1.24856400      -1.93541776E-02
   1.24920690      -9.37516056E-03
